[absolute intensities]
comment = comment
d = 36.9998
transmittedflux = 17348100.0
calc.transmission = (Transmission) : 17348100.0 CALCULATED from TransmittedFlux/IncidentFlux
calc.flux = (Total Flux = Incident Flux * K (ph/s)) : 1.0 CALCULATED from IncidentFlux*K
k = 1.0
thickness = 1.0
calc.deltaomega = (Delta Omega) : 4.1088829885346054e-08 CALCULATED from (pixel_size/D)**2
filename = param.par
q_by_pixel = -1.0
backgd_by_s = 0.0
backgd_by_pix = 0.0
calc.backgd = (Total background (B by pixel + B by s * time)) : 0.0 CALCULATED from backgd_by_pix+backgd_by_s*time
time = 600.0
wavelength = 1.54189e-10
incidentflux = 1.0
pixel_size = 0.0075

[solvent subtraction]
file = Cu_SAXS1_STD-Img_0_00026.dat-CV - scaled

