2023-08-15 16:59:32,678 INFO Logging to logs/deepsea_ai_ecsprocess_20230815.log
2023-08-15 16:59:32,678 INFO =============== Config file /Users/dcline/Dropbox/code/deepsea-ai/deepsea_ai/config/config.ini =================
2023-08-15 16:59:32,678 INFO [aws]
2023-08-15 16:59:32,678 INFO sagemaker_arn =
2023-08-15 16:59:32,678 INFO yolov5_ecr = mbari/deepsea-yolov5:1.1.2
2023-08-15 16:59:32,678 INFO deepsort_ecr = mbari/deepsort-yolov5:1.3.5
2023-08-15 16:59:32,678 INFO strongsort_ecr = mbari/strongsort-yolov5:1.4.0
2023-08-15 16:59:32,678 INFO yolov5_model_s3 = s3://902005-public/models/yolov5x_mbay_benthic_model.tar.gz
2023-08-15 16:59:32,678 INFO strongsort_track_config_s3 = s3://902005-public/models/strong_sort_benthic.yaml
2023-08-15 16:59:32,678 INFO 
2023-08-15 16:59:32,678 INFO [database]
2023-08-15 16:59:32,678 INFO site = http://localhost:4000
2023-08-15 16:59:32,678 INFO gql = %(site)s/graphql
2023-08-15 16:59:32,678 INFO 
2023-08-15 16:59:32,678 INFO [tags]
2023-08-15 16:59:32,678 INFO organization = mbari
2023-08-15 16:59:32,678 INFO project_number = NA
2023-08-15 16:59:32,678 INFO stage = test
2023-08-15 16:59:32,678 INFO application = detection
2023-08-15 16:59:32,678 INFO 
2023-08-15 16:59:32,996 INFO Initializing job cache in /Users/dcline/Dropbox/code/deepsea-ai/deepsea_ai
2023-08-15 16:59:32,997 INFO Using existing job cache database in /Users/dcline/Dropbox/code/deepsea-ai/deepsea_ai
2023-08-15 16:59:33,317 INFO No video file exclusions specified
2023-08-15 16:59:33,338 INFO Found 3 videos to process
2023-08-15 16:59:33,665 INFO Checking tag {'Key': 'mbari:project-number', 'Value': 'NA'}
2023-08-15 16:59:33,666 INFO Checking tag {'Key': 'mbari:owner', 'Value': 'deepsea-ai'}
2023-08-15 16:59:33,666 INFO Checking tag {'Key': 'mbari:description', 'Value': 'Video uploaded from /Volumes/M3/Projects/VAA/Benchmarks/mezzanine/Ventana/2021/10/4361/1sec by user deepsea-ai '}
2023-08-15 16:59:33,666 INFO Checking tag {'Key': 'mbari:stage', 'Value': 'test'}
2023-08-15 16:59:33,666 INFO Checking tag {'Key': 'mbari:application', 'Value': 'detection'}
2023-08-15 16:59:33,666 INFO Checking tag {'Key': 'mbari:deletion-date', 'Value': '20231113T235933Z'}
2023-08-15 16:59:33,666 INFO Checking tag {'Key': 'mbari:created-by', 'Value': 'deepsea-ai'}
2023-08-15 16:59:33,666 ERROR Exiting. Error: list indices must be integers or slices, not str
