2023-08-18 15:20:09,957 INFO Logging to logs/deepsea_ai_ecsprocess_20230818.log
2023-08-18 15:20:09,958 INFO =============== Config file /Users/dcline/Dropbox/code/deepsea-ai/deepsea_ai/config/config.ini =================
2023-08-18 15:20:09,958 INFO [aws]
2023-08-18 15:20:09,958 INFO sagemaker_arn = arn:aws:iam::548531997526:role/DeepSeaAI
2023-08-18 15:20:09,958 INFO yolov5_ecr = mbari/deepsea-yolov5:1.1.2
2023-08-18 15:20:09,958 INFO strongsort_ecr = mbari/strongsort-yolov5:addhyperparameters
2023-08-18 15:20:09,958 INFO yolov5_model_s3 = s3://902005-public/models/yolov5x_mbay_benthic_model.tar.gz
2023-08-18 15:20:09,958 INFO strongsort_track_config_s3 = s3://902005-public/models/strong_sort_benthic.yaml
2023-08-18 15:20:09,958 INFO 
2023-08-18 15:20:09,958 INFO [database]
2023-08-18 15:20:09,958 INFO site = http://localhost:4000
2023-08-18 15:20:09,959 INFO gql = %(site)s/graphql
2023-08-18 15:20:09,959 INFO 
2023-08-18 15:20:09,959 INFO [tags]
2023-08-18 15:20:09,959 INFO organization = mbari
2023-08-18 15:20:09,959 INFO project_number = NA
2023-08-18 15:20:09,959 INFO stage = test
2023-08-18 15:20:09,959 INFO application = detection
2023-08-18 15:20:09,959 INFO 
2023-08-18 15:20:10,335 INFO Initializing job cache in /Users/dcline/Dropbox/code/deepsea-ai/deepsea_ai
2023-08-18 15:20:10,335 INFO Using existing job cache database in /Users/dcline/Dropbox/code/deepsea-ai/deepsea_ai
2023-08-18 15:20:11,546 INFO No video file exclusions specified
2023-08-18 15:20:11,548 INFO Found 3 videos to process
2023-08-18 15:20:11,942 INFO Checking tag {'Key': 'mbari:project-number', 'Value': 'NA'}
2023-08-18 15:20:11,943 INFO Checking tag {'Key': 'mbari:owner', 'Value': 'dcline'}
2023-08-18 15:20:11,943 INFO Checking tag {'Key': 'mbari:description', 'Value': 'Video uploaded from /Users/dcline/Dropbox/code/deepsea-ai/tests/data/ by user dcline '}
2023-08-18 15:20:11,943 INFO Checking tag {'Key': 'mbari:stage', 'Value': 'test'}
2023-08-18 15:20:11,943 INFO Checking tag {'Key': 'mbari:application', 'Value': 'detection'}
2023-08-18 15:20:11,943 INFO Checking tag {'Key': 'mbari:deletion-date', 'Value': '20231116T222011Z'}
2023-08-18 15:20:11,943 INFO Checking tag {'Key': 'mbari:created-by', 'Value': 'dcline'}
2023-08-18 15:20:12,314 INFO Uploading /Users/dcline/Dropbox/code/deepsea-ai/tests/data/V4361_20211006T163256Z_h265_1sec.mp4 to s3://public33k-videod6cc678b-uamdn1ii2m0j/dcline/Dropbox/code/deepsea-ai/tests/data/V4361_20211006T163256Z_h265_1sec.mp4...
2023-08-18 15:20:13,923 INFO Tagging /Users/dcline/Dropbox/code/deepsea-ai/tests/data/V4361_20211006T163256Z_h265_1sec.mp4 with [{'Key': 'mbari:project-number', 'Value': 'NA'}, {'Key': 'mbari:owner', 'Value': 'dcline'}, {'Key': 'mbari:description', 'Value': 'Video uploaded from /Users/dcline/Dropbox/code/deepsea-ai/tests/data/ by user dcline '}, {'Key': 'mbari:stage', 'Value': 'test'}, {'Key': 'mbari:application', 'Value': 'detection'}, {'Key': 'mbari:deletion-date', 'Value': '20231116T222011Z'}, {'Key': 'mbari:created-by', 'Value': 'dcline'}]...
2023-08-18 15:20:14,781 INFO Message queued to public33k-videoC740E53C-MOlK7n3BLdff.fifo. MessageId: 07035064-0a39-4204-87e9-a9eeb4e6d991
2023-08-18 15:20:14,783 INFO JobCache: Added video file V4361_20211006T163856Z_h265_1sec.mp4 to job Ventana test 33k model from ecsprocess running on public33k
2023-08-18 15:20:14,783 INFO JobCache: Added video file V4361_20211006T162656Z_h265_1sec.mp4 to job Ventana test 33k model from ecsprocess running on public33k
2023-08-18 15:20:14,783 INFO Updating job Ventana test 33k model from ecsprocess running on public33k in cache status to QUEUED
2023-08-18 15:20:14,788 INFO Added job Ventana test 33k model from ecsprocess running on public33k to cache
2023-08-18 15:20:14,788 INFO Updating video file V4361_20211006T163256Z_h265_1sec.mp4 to job Ventana test 33k model from ecsprocess in cache with status QUEUED
2023-08-18 15:20:15,017 INFO Uploading /Users/dcline/Dropbox/code/deepsea-ai/tests/data/V4361_20211006T162656Z_h265_1sec.mp4 to s3://public33k-videod6cc678b-uamdn1ii2m0j/dcline/Dropbox/code/deepsea-ai/tests/data/V4361_20211006T162656Z_h265_1sec.mp4...
2023-08-18 15:20:16,705 INFO Tagging /Users/dcline/Dropbox/code/deepsea-ai/tests/data/V4361_20211006T162656Z_h265_1sec.mp4 with [{'Key': 'mbari:project-number', 'Value': 'NA'}, {'Key': 'mbari:owner', 'Value': 'dcline'}, {'Key': 'mbari:description', 'Value': 'Video uploaded from /Users/dcline/Dropbox/code/deepsea-ai/tests/data/ by user dcline '}, {'Key': 'mbari:stage', 'Value': 'test'}, {'Key': 'mbari:application', 'Value': 'detection'}, {'Key': 'mbari:deletion-date', 'Value': '20231116T222011Z'}, {'Key': 'mbari:created-by', 'Value': 'dcline'}]...
2023-08-18 15:20:18,475 INFO Message queued to public33k-videoC740E53C-MOlK7n3BLdff.fifo. MessageId: 4c8a15aa-b7c8-4037-ac2a-7e8a8a6b3801
2023-08-18 15:20:18,475 INFO JobCache: Added video file V4361_20211006T163256Z_h265_1sec.mp4 to job Ventana test 33k model from ecsprocess running on public33k
2023-08-18 15:20:18,475 INFO JobCache: Added video file V4361_20211006T163856Z_h265_1sec.mp4 to job Ventana test 33k model from ecsprocess running on public33k
2023-08-18 15:20:18,475 INFO Updating job Ventana test 33k model from ecsprocess running on public33k in cache status to QUEUED
2023-08-18 15:20:18,478 INFO Added job Ventana test 33k model from ecsprocess running on public33k to cache
2023-08-18 15:20:18,478 INFO Updating video file V4361_20211006T162656Z_h265_1sec.mp4 to job Ventana test 33k model from ecsprocess in cache with status QUEUED
2023-08-18 15:20:18,730 INFO Uploading /Users/dcline/Dropbox/code/deepsea-ai/tests/data/V4361_20211006T163856Z_h265_1sec.mp4 to s3://public33k-videod6cc678b-uamdn1ii2m0j/dcline/Dropbox/code/deepsea-ai/tests/data/V4361_20211006T163856Z_h265_1sec.mp4...
2023-08-18 15:20:19,416 INFO Tagging /Users/dcline/Dropbox/code/deepsea-ai/tests/data/V4361_20211006T163856Z_h265_1sec.mp4 with [{'Key': 'mbari:project-number', 'Value': 'NA'}, {'Key': 'mbari:owner', 'Value': 'dcline'}, {'Key': 'mbari:description', 'Value': 'Video uploaded from /Users/dcline/Dropbox/code/deepsea-ai/tests/data/ by user dcline '}, {'Key': 'mbari:stage', 'Value': 'test'}, {'Key': 'mbari:application', 'Value': 'detection'}, {'Key': 'mbari:deletion-date', 'Value': '20231116T222011Z'}, {'Key': 'mbari:created-by', 'Value': 'dcline'}]...
2023-08-18 15:20:20,224 INFO Message queued to public33k-videoC740E53C-MOlK7n3BLdff.fifo. MessageId: 08f50dad-7617-4023-ab65-ae851ba98dce
2023-08-18 15:20:20,224 INFO JobCache: Added video file V4361_20211006T162656Z_h265_1sec.mp4 to job Ventana test 33k model from ecsprocess running on public33k
2023-08-18 15:20:20,224 INFO JobCache: Added video file V4361_20211006T163256Z_h265_1sec.mp4 to job Ventana test 33k model from ecsprocess running on public33k
2023-08-18 15:20:20,224 INFO Updating job Ventana test 33k model from ecsprocess running on public33k in cache status to QUEUED
2023-08-18 15:20:20,227 INFO Added job Ventana test 33k model from ecsprocess running on public33k to cache
2023-08-18 15:20:20,227 INFO Updating video file V4361_20211006T163856Z_h265_1sec.mp4 to job Ventana test 33k model from ecsprocess in cache with status QUEUED
2023-08-18 15:20:20,230 INFO ==== Submitted 3 videos to public33k for processing =====
