2023-08-23 19:18:54,843 INFO Logging to logs/deepsea_ai_setup_20230824.log
2023-08-23 19:18:54,844 INFO =============== Config file /Users/dcline/Dropbox/code/deepsea-ai/deepsea_ai/config/config.ini =================
2023-08-23 19:18:54,844 INFO [aws]
2023-08-23 19:18:54,844 INFO sagemaker_arn = arn:aws:iam::548531997526:role/DeepSeaAI
2023-08-23 19:18:54,844 INFO yolov5_ecr = mbari/deepsea-yolov5:1.1.2
2023-08-23 19:18:54,844 INFO strongsort_ecr = mbari/strongsort-yolov5:3b34e07
2023-08-23 19:18:54,844 INFO yolov5_model_s3 = s3://902005-public/models/yolov5x_mbay_benthic_model.tar.gz
2023-08-23 19:18:54,844 INFO strongsort_track_config_s3 = s3://902005-public/models/strong_sort_benthic.yaml
2023-08-23 19:18:54,844 INFO 
2023-08-23 19:18:54,844 INFO [database]
2023-08-23 19:18:54,844 INFO site = http://localhost:4000
2023-08-23 19:18:54,844 INFO gql = %(site)s/graphql
2023-08-23 19:18:54,844 INFO 
2023-08-23 19:18:54,844 INFO [tags]
2023-08-23 19:18:54,844 INFO organization = mbari
2023-08-23 19:18:54,844 INFO project_number = NA
2023-08-23 19:18:54,844 INFO stage = test
2023-08-23 19:18:54,844 INFO application = detection
2023-08-23 19:18:54,844 INFO 
2023-08-23 19:18:55,153 INFO Initializing job cache in /Users/dcline/Dropbox/code/deepsea-ai/deepsea_ai
2023-08-23 19:18:55,153 INFO Using existing job cache database in /Users/dcline/Dropbox/code/deepsea-ai/deepsea_ai
2023-08-23 19:18:55,156 INFO =============== Config file /Users/dcline/Dropbox/code/deepsea-ai/deepsea_ai/config/config.ini =================
2023-08-23 19:18:55,156 INFO [aws]
2023-08-23 19:18:55,156 INFO sagemaker_arn = arn:aws:iam::548531997526:role/DeepSeaAI
2023-08-23 19:18:55,156 INFO yolov5_ecr = mbari/deepsea-yolov5:1.1.2
2023-08-23 19:18:55,156 INFO strongsort_ecr = mbari/strongsort-yolov5:3b34e07
2023-08-23 19:18:55,156 INFO yolov5_model_s3 = s3://902005-public/models/yolov5x_mbay_benthic_model.tar.gz
2023-08-23 19:18:55,156 INFO strongsort_track_config_s3 = s3://902005-public/models/strong_sort_benthic.yaml
2023-08-23 19:18:55,156 INFO 
2023-08-23 19:18:55,156 INFO [database]
2023-08-23 19:18:55,156 INFO site = http://localhost:4000
2023-08-23 19:18:55,156 INFO gql = %(site)s/graphql
2023-08-23 19:18:55,156 INFO 
2023-08-23 19:18:55,156 INFO [tags]
2023-08-23 19:18:55,156 INFO organization = mbari
2023-08-23 19:18:55,156 INFO project_number = NA
2023-08-23 19:18:55,156 INFO stage = test
2023-08-23 19:18:55,156 INFO application = detection
2023-08-23 19:18:55,156 INFO 
2023-08-23 19:18:55,156 INFO ============ You can override these settings by creating a customconfig.ini file and pass that in with --config=customconfig.ini =====
2023-08-23 19:18:55,464 INFO Found account 548531997526
2023-08-23 19:18:55,470 INFO Found region us-west-2
2023-08-23 19:18:55,516 INFO Creating all ECR repositories in account 548531997526...
2023-08-23 19:18:55,707 INFO Authenticating Docker with ECR for account 548531997526...
2023-08-23 19:18:55,744 ERROR Exiting. Error: [Errno 2] No such file or directory: 'docker'
