2023-09-02 20:53:36,619 INFO Logging to logs/dsai_ecsprocess_20230903.log
2023-09-02 20:53:36,620 INFO =============== Config file /Users/dcline/Dropbox/code/deepsea-ai/deepsea_ai/config/config.ini =================
2023-09-02 20:53:36,620 INFO [docker]
2023-09-02 20:53:36,620 INFO yolov5_container = mbari/deepsea-yolov5:1.1.2
2023-09-02 20:53:36,620 INFO strongsort_container = mbari/strongsort-yolov5:b2a511e
2023-09-02 20:53:36,620 INFO 
2023-09-02 20:53:36,620 INFO [aws]
2023-09-02 20:53:36,620 INFO account_id = 548531997526
2023-09-02 20:53:36,620 INFO sagemaker_arn = arn:aws:iam::548531997526:role/DeepSeaAI
2023-09-02 20:53:36,620 INFO model = s3://deepsea-ai-548531997526-models/yolov5x_mbay_benthic_model.tar.gz
2023-09-02 20:53:36,620 INFO track_config = s3://deepsea-ai-548531997526-track-conf/strong_sort_benthic.yaml
2023-09-02 20:53:36,620 INFO videos = s3://deepsea-ai-548531997526-videos
2023-09-02 20:53:36,620 INFO models = s3://deepsea-ai-548531997526-models
2023-09-02 20:53:36,620 INFO tracks = s3://deepsea-ai-548531997526-tracks
2023-09-02 20:53:36,620 INFO 
2023-09-02 20:53:36,620 INFO [aws_public]
2023-09-02 20:53:36,620 INFO model = s3://902005-public/models/yolov5x_mbay_benthic_model.tar.gz
2023-09-02 20:53:36,620 INFO track_config = s3://902005-public/models/track-config/strong_sort_benthic.yaml
2023-09-02 20:53:36,620 INFO video_ex1 = s3://902005-public/video/1sec/V4361_20211006T162656Z_h265_1sec.mp4
2023-09-02 20:53:36,620 INFO video_ex2 = s3://902005-public/video/1sec/V4361_20211006T163256Z_h265_1sec.mp4
2023-09-02 20:53:36,620 INFO video_ex3 = s3://902005-public/video/1sec/V4361_20211006T163856Z_h265_1sec.mp4
2023-09-02 20:53:36,620 INFO 
2023-09-02 20:53:36,620 INFO [database]
2023-09-02 20:53:36,620 INFO site = http://localhost:4000
2023-09-02 20:53:36,620 INFO gql = %(site)s/graphql
2023-09-02 20:53:36,620 INFO 
2023-09-02 20:53:36,620 INFO [tags]
2023-09-02 20:53:36,620 INFO organization = mbari
2023-09-02 20:53:36,620 INFO project_number = NA
2023-09-02 20:53:36,620 INFO stage = test
2023-09-02 20:53:36,620 INFO application = detection
2023-09-02 20:53:36,620 INFO 
2023-09-02 20:53:36,620 INFO Initializing job cache database in /Users/dcline/Dropbox/code/deepsea-ai/deepsea_ai/config as sqlite_job_cache_548531997526.db
2023-09-02 20:53:38,748 INFO No video file exclusions specified
2023-09-02 20:53:38,750 INFO Found 3 videos to process
2023-09-02 20:53:39,493 INFO Checking tag {'Key': 'mbari:project-number', 'Value': 'NA'}
2023-09-02 20:53:39,493 INFO Checking tag {'Key': 'mbari:owner', 'Value': 'dcline'}
2023-09-02 20:53:39,493 INFO Checking tag {'Key': 'mbari:description', 'Value': 'Video uploaded from /Users/dcline/Dropbox/code/deepsea-ai/tests/data/ by user dcline '}
2023-09-02 20:53:39,493 INFO Checking tag {'Key': 'mbari:stage', 'Value': 'test'}
2023-09-02 20:53:39,493 INFO Checking tag {'Key': 'mbari:application', 'Value': 'detection'}
2023-09-02 20:53:39,493 INFO Checking tag {'Key': 'mbari:deletion-date', 'Value': '20231202T035339Z'}
2023-09-02 20:53:39,493 INFO Checking tag {'Key': 'mbari:created-by', 'Value': 'dcline'}
2023-09-02 20:53:39,647 INFO Cleaning s3://yolov5x-mbay-benthic-videod6cc678b-76qtaf48s55g/dcline/Dropbox/code/deepsea-ai/tests/data...
2023-09-02 20:53:40,330 INFO Deleting dcline/Dropbox/code/deepsea-ai/tests/data/V4361_20211006T163856Z_h265_1sec.mp4 from yolov5x-mbay-benthic-videod6cc678b-76qtaf48s55g
2023-09-02 20:53:40,454 INFO Checking /Users/dcline/Dropbox/code/deepsea-ai/tests/data/V4361_20211006T163256Z_h265_1sec.mp4 in s3://yolov5x-mbay-benthic-videod6cc678b-76qtaf48s55g/dcline/Dropbox/code/deepsea-ai/tests/data/V4361_20211006T163256Z_h265_1sec.mp4...
2023-09-02 20:53:40,966 INFO Uploading /Users/dcline/Dropbox/code/deepsea-ai/tests/data/V4361_20211006T163256Z_h265_1sec.mp4 to s3://yolov5x-mbay-benthic-videod6cc678b-76qtaf48s55g/dcline/Dropbox/code/deepsea-ai/tests/data/V4361_20211006T163256Z_h265_1sec.mp4...
2023-09-02 20:53:42,736 INFO Tagging /Users/dcline/Dropbox/code/deepsea-ai/tests/data/V4361_20211006T163256Z_h265_1sec.mp4 with [{'Key': 'mbari:project-number', 'Value': 'NA'}, {'Key': 'mbari:owner', 'Value': 'dcline'}, {'Key': 'mbari:description', 'Value': 'Video uploaded from /Users/dcline/Dropbox/code/deepsea-ai/tests/data/ by user dcline '}, {'Key': 'mbari:stage', 'Value': 'test'}, {'Key': 'mbari:application', 'Value': 'detection'}, {'Key': 'mbari:deletion-date', 'Value': '20231202T035339Z'}, {'Key': 'mbari:created-by', 'Value': 'dcline'}]...
2023-09-02 20:53:43,861 INFO Message queued to yolov5x-mbay-benthic-videoC740E53C-UVwtJL5IICRK.fifo. MessageId: 25b39f55-b510-469a-8fe9-e7241fd6b837
2023-09-02 20:53:43,866 INFO Added job yolov5x-mbay-benthic-Pycharm test yolov5x-mbay-benthic model from ecsprocess with args-20230903T035338Z running on yolov5x-mbay-benthic to cache.
2023-09-02 20:53:43,866 INFO Updating media V4361_20211006T163256Z_h265_1sec.mp4 to RUNNING
2023-09-02 20:53:43,867 INFO A new media V4361_20211006T163256Z_h265_1sec.mp4 was added to job yolov5x-mbay-benthic-Pycharm test yolov5x-mbay-benthic model from ecsprocess with args-20230903T035338Z {'message_id': '25b39f55-b510-469a-8fe9-e7241fd6b837'}
2023-09-02 20:53:43,880 INFO Cleaning s3://yolov5x-mbay-benthic-videod6cc678b-76qtaf48s55g/dcline/Dropbox/code/deepsea-ai/tests/data...
2023-09-02 20:54:50,813 ERROR Exiting. Error: Could not connect to the endpoint URL: "https://yolov5x-mbay-benthic-videod6cc678b-76qtaf48s55g.s3.us-west-2.amazonaws.com/?list-type=2&prefix=dcline%2FDropbox%2Fcode%2Fdeepsea-ai%2Ftests%2Fdata&encoding-type=url"
