2023-09-08 16:34:57,507 INFO Logging to logs/dsai_monitor_20230908.log
2023-09-08 16:34:57,508 INFO =============== Config file /Users/dcline/Dropbox/code/deepsea-ai/deepsea_ai/config/config.ini =================
2023-09-08 16:34:57,508 INFO [docker]
2023-09-08 16:34:57,508 INFO yolov5_container = mbari/deepsea-yolov5:1.1.2
2023-09-08 16:34:57,508 INFO strongsort_container = mbari/strongsort-yolov5:6f35769
2023-09-08 16:34:57,508 INFO 
2023-09-08 16:34:57,508 INFO [aws]
2023-09-08 16:34:57,508 INFO account_id = 548531997526
2023-09-08 16:34:57,508 INFO sagemaker_arn = arn:aws:iam::548531997526:role/DeepSeaAI
2023-09-08 16:34:57,508 INFO model = s3://deepsea-ai-548531997526-models/yolov5x_mbay_benthic_model.tar.gz
2023-09-08 16:34:57,508 INFO track_config = s3://deepsea-ai-548531997526-track-conf/strong_sort_benthic.yaml
2023-09-08 16:34:57,508 INFO videos = s3://deepsea-ai-548531997526-videos
2023-09-08 16:34:57,509 INFO models = s3://deepsea-ai-548531997526-models
2023-09-08 16:34:57,509 INFO tracks = s3://deepsea-ai-548531997526-tracks
2023-09-08 16:34:57,509 INFO 
2023-09-08 16:34:57,509 INFO [aws_public]
2023-09-08 16:34:57,509 INFO model = s3://902005-public/models/yolov5x_mbay_benthic_model.tar.gz
2023-09-08 16:34:57,509 INFO track_config = s3://902005-public/models/track-config/strong_sort_benthic.yaml
2023-09-08 16:34:57,509 INFO video_ex1 = s3://902005-public/video/1sec/V4361_20211006T162656Z_h265_1sec.mp4
2023-09-08 16:34:57,509 INFO video_ex2 = s3://902005-public/video/1sec/V4361_20211006T163256Z_h265_1sec.mp4
2023-09-08 16:34:57,509 INFO video_ex3 = s3://902005-public/video/1sec/V4361_20211006T163856Z_h265_1sec.mp4
2023-09-08 16:34:57,509 INFO 
2023-09-08 16:34:57,509 INFO [database]
2023-09-08 16:34:57,509 INFO site = http://localhost:4000
2023-09-08 16:34:57,509 INFO gql = %(site)s/graphql
2023-09-08 16:34:57,509 INFO 
2023-09-08 16:34:57,509 INFO [tags]
2023-09-08 16:34:57,509 INFO organization = mbari
2023-09-08 16:34:57,509 INFO project_number = NA
2023-09-08 16:34:57,509 INFO stage = test
2023-09-08 16:34:57,509 INFO application = detection
2023-09-08 16:34:57,509 INFO 
2023-09-08 16:34:57,509 INFO ============ You can override these settings by creating a customconfig.ini file and pass that in with --config=customconfig.ini =====
2023-09-08 16:34:57,509 INFO Initializing job cache database in /Users/dcline/Dropbox/code/deepsea-ai/deepsea_ai/config as sqlite_job_cache_548531997526.db
2023-09-08 16:34:59,181 INFO Found 0 jobs in the database with type ecs.
2023-09-08 16:34:59,181 INFO No jobs found in the database with type ecs. Checking again in 30 seconds. Ctrl-C to stop.
2023-09-08 16:35:29,191 INFO Found 0 jobs in the database with type ecs.
2023-09-08 16:35:29,191 INFO No jobs found in the database with type ecs. Checking again in 30 seconds. Ctrl-C to stop.
2023-09-08 16:35:59,202 INFO Found 0 jobs in the database with type ecs.
2023-09-08 16:35:59,203 INFO No jobs found in the database with type ecs. Checking again in 30 seconds. Ctrl-C to stop.
2023-09-08 16:36:29,210 INFO Found 0 jobs in the database with type ecs.
2023-09-08 16:36:29,210 INFO No jobs found in the database with type ecs. Checking again in 30 seconds. Ctrl-C to stop.
2023-09-08 16:36:59,215 INFO Found 0 jobs in the database with type ecs.
2023-09-08 16:36:59,215 INFO No jobs found in the database with type ecs. Checking again in 30 seconds. Ctrl-C to stop.
2023-09-08 16:37:29,220 INFO Found 0 jobs in the database with type ecs.
2023-09-08 16:37:29,220 INFO No jobs found in the database with type ecs. Checking again in 30 seconds. Ctrl-C to stop.
2023-09-08 16:37:59,227 INFO Found 0 jobs in the database with type ecs.
2023-09-08 16:37:59,227 INFO No jobs found in the database with type ecs. Checking again in 30 seconds. Ctrl-C to stop.
2023-09-08 16:38:29,235 INFO Found 1 jobs in the database with type ecs.
2023-09-08 16:38:29,235 INFO Monitoring 1 job
2023-09-08 16:38:29,235 INFO Creating report path /Users/dcline/Dropbox/code/deepsea-ai/deepsea_ai/reports if it does not exist.
2023-09-08 16:38:29,632 INFO 2023-09-08 22:56:48.260000+00:00 Terminating EC2 instance: i-0bc8cd84acb85d492  At 2023-09-08T22:56:48Z an instance was taken out of service in response to a difference between desired and actual capacity, shrinking the capacity from 1 to 0.  At 2023-09-08T22:56:48Z instance i-0bc8cd84acb85d492 was selected for termination.
2023-09-08 16:38:29,632 INFO 2023-09-08 22:38:10.250000+00:00 Could not scale to desired capacity because all remaining instances are protected from scale-in.  At 2023-09-08T22:38:00Z a monitor alarm syv5-scaleinCAF92544-Eg76B8L7SVaf in state ALARM triggered policy syv5-scaleinactionDA2EF43D-5osOM66YqDy8 changing the desired capacity from 1 to 0.  At 2023-09-08T22:38:10Z group reached equilibrium.
2023-09-08 16:38:29,632 INFO 2023-09-08 22:35:24.465000+00:00 Launching a new EC2 instance: i-0bc8cd84acb85d492  At 2023-09-08T22:35:20Z a monitor alarm syv5-scaleout9660673C-QCPqDcbI5jDH in state ALARM triggered policy syv5-scaleoutaction240431FD-aBUBJsGARNvJ changing the desired capacity from 0 to 1.  At 2023-09-08T22:35:22Z an instance was started in response to a difference between desired and actual capacity, increasing the capacity from 0 to 1.
2023-09-08 16:38:29,632 INFO 2023-09-08 22:33:38.488000+00:00 Terminating EC2 instance: i-0dff8b9c319d4c22f  At 2023-09-08T22:33:38Z an instance was taken out of service in response to a difference between desired and actual capacity, shrinking the capacity from 1 to 0.  At 2023-09-08T22:33:38Z instance i-0dff8b9c319d4c22f was selected for termination.
2023-09-08 16:38:29,633 INFO 2023-09-08 22:20:04.456000+00:00 Could not scale to desired capacity because all remaining instances are protected from scale-in.  At 2023-09-08T22:20:00Z a monitor alarm syv5-scaleinCAF92544-Eg76B8L7SVaf in state ALARM triggered policy syv5-scaleinactionDA2EF43D-5osOM66YqDy8 changing the desired capacity from 1 to 0.  At 2023-09-08T22:20:04Z group reached equilibrium.
2023-09-08 16:38:29,633 INFO 2023-09-08 22:05:06.532000+00:00 Launching a new EC2 instance: i-0dff8b9c319d4c22f  At 2023-09-08T22:04:57Z a monitor alarm syv5-scaleout9660673C-QCPqDcbI5jDH in state ALARM triggered policy syv5-scaleoutaction240431FD-aBUBJsGARNvJ changing the desired capacity from 0 to 1.  At 2023-09-08T22:05:04Z an instance was started in response to a difference between desired and actual capacity, increasing the capacity from 0 to 1.
2023-09-08 16:38:29,633 INFO 2023-09-08 22:04:43.311000+00:00 Terminating EC2 instance: i-02913592628008603  At 2023-09-08T22:04:43Z an instance was taken out of service in response to a difference between desired and actual capacity, shrinking the capacity from 1 to 0.  At 2023-09-08T22:04:43Z instance i-02913592628008603 was selected for termination.
2023-09-08 16:38:29,633 INFO 2023-09-08 22:04:32.562000+00:00 Could not scale to desired capacity because all remaining instances are protected from scale-in.  At 2023-09-08T22:04:27Z a monitor alarm TargetTracking-syv5-asgsyv5ASGE64A7676-GHkYbCg3kSe8-AlarmLow-c5cb7206-beda-4c43-b946-ca7e7c474014 in state ALARM triggered policy ECSManagedAutoScalingPolicy-cccced4a-2a9b-480d-99a9-9dc2ed44054e changing the desired capacity from 1 to 0.  At 2023-09-08T22:04:32Z group reached equilibrium.
2023-09-08 16:38:29,633 INFO 2023-09-08 20:53:13.542000+00:00 Launching a new EC2 instance: i-02913592628008603  At 2023-09-08T20:53:11Z an instance was started in response to a difference between desired and actual capacity, increasing the capacity from 0 to 1.
2023-09-08 16:38:29,633 INFO 2023-09-08 20:53:02.396000+00:00 Launching a new EC2 instance.  Status Reason: Your requested instance type (g4dn.xlarge) is not supported in your requested Availability Zone (us-west-2d). Please retry your request by not specifying an Availability Zone or choosing us-west-2a, us-west-2b, us-west-2c. Launching EC2 instance failed.  At 2023-09-08T20:52:57Z a monitor alarm syv5-scaleout9660673C-QCPqDcbI5jDH in state ALARM triggered policy syv5-scaleoutaction240431FD-aBUBJsGARNvJ changing the desired capacity from 0 to 1.  At 2023-09-08T20:53:01Z an instance was started in response to a difference between desired and actual capacity, increasing the capacity from 0 to 1.
2023-09-08 16:38:29,863 INFO syv5:TRACK_QUEUE number of processed videos: 0
2023-09-08 16:38:49,983 INFO syv5:VIDEO_QUEUE number of videos to process: 2 
2023-09-08 16:38:49,983 INFO  number of videos in progress: 0
2023-09-08 16:38:50,089 INFO Found 1 jobs in the database with type ecs.
2023-09-08 16:38:50,089 INFO Monitoring 1 job
2023-09-08 16:38:50,090 INFO Creating report path /Users/dcline/Dropbox/code/deepsea-ai/deepsea_ai/reports if it does not exist.
2023-09-08 16:38:50,383 INFO 2023-09-08 22:56:48.260000+00:00 Terminating EC2 instance: i-0bc8cd84acb85d492  At 2023-09-08T22:56:48Z an instance was taken out of service in response to a difference between desired and actual capacity, shrinking the capacity from 1 to 0.  At 2023-09-08T22:56:48Z instance i-0bc8cd84acb85d492 was selected for termination.
2023-09-08 16:38:50,383 INFO 2023-09-08 22:38:10.250000+00:00 Could not scale to desired capacity because all remaining instances are protected from scale-in.  At 2023-09-08T22:38:00Z a monitor alarm syv5-scaleinCAF92544-Eg76B8L7SVaf in state ALARM triggered policy syv5-scaleinactionDA2EF43D-5osOM66YqDy8 changing the desired capacity from 1 to 0.  At 2023-09-08T22:38:10Z group reached equilibrium.
2023-09-08 16:38:50,383 INFO 2023-09-08 22:35:24.465000+00:00 Launching a new EC2 instance: i-0bc8cd84acb85d492  At 2023-09-08T22:35:20Z a monitor alarm syv5-scaleout9660673C-QCPqDcbI5jDH in state ALARM triggered policy syv5-scaleoutaction240431FD-aBUBJsGARNvJ changing the desired capacity from 0 to 1.  At 2023-09-08T22:35:22Z an instance was started in response to a difference between desired and actual capacity, increasing the capacity from 0 to 1.
2023-09-08 16:38:50,383 INFO 2023-09-08 22:33:38.488000+00:00 Terminating EC2 instance: i-0dff8b9c319d4c22f  At 2023-09-08T22:33:38Z an instance was taken out of service in response to a difference between desired and actual capacity, shrinking the capacity from 1 to 0.  At 2023-09-08T22:33:38Z instance i-0dff8b9c319d4c22f was selected for termination.
2023-09-08 16:38:50,383 INFO 2023-09-08 22:20:04.456000+00:00 Could not scale to desired capacity because all remaining instances are protected from scale-in.  At 2023-09-08T22:20:00Z a monitor alarm syv5-scaleinCAF92544-Eg76B8L7SVaf in state ALARM triggered policy syv5-scaleinactionDA2EF43D-5osOM66YqDy8 changing the desired capacity from 1 to 0.  At 2023-09-08T22:20:04Z group reached equilibrium.
2023-09-08 16:38:50,383 INFO 2023-09-08 22:05:06.532000+00:00 Launching a new EC2 instance: i-0dff8b9c319d4c22f  At 2023-09-08T22:04:57Z a monitor alarm syv5-scaleout9660673C-QCPqDcbI5jDH in state ALARM triggered policy syv5-scaleoutaction240431FD-aBUBJsGARNvJ changing the desired capacity from 0 to 1.  At 2023-09-08T22:05:04Z an instance was started in response to a difference between desired and actual capacity, increasing the capacity from 0 to 1.
2023-09-08 16:38:50,383 INFO 2023-09-08 22:04:43.311000+00:00 Terminating EC2 instance: i-02913592628008603  At 2023-09-08T22:04:43Z an instance was taken out of service in response to a difference between desired and actual capacity, shrinking the capacity from 1 to 0.  At 2023-09-08T22:04:43Z instance i-02913592628008603 was selected for termination.
2023-09-08 16:38:50,383 INFO 2023-09-08 22:04:32.562000+00:00 Could not scale to desired capacity because all remaining instances are protected from scale-in.  At 2023-09-08T22:04:27Z a monitor alarm TargetTracking-syv5-asgsyv5ASGE64A7676-GHkYbCg3kSe8-AlarmLow-c5cb7206-beda-4c43-b946-ca7e7c474014 in state ALARM triggered policy ECSManagedAutoScalingPolicy-cccced4a-2a9b-480d-99a9-9dc2ed44054e changing the desired capacity from 1 to 0.  At 2023-09-08T22:04:32Z group reached equilibrium.
2023-09-08 16:38:50,383 INFO 2023-09-08 20:53:13.542000+00:00 Launching a new EC2 instance: i-02913592628008603  At 2023-09-08T20:53:11Z an instance was started in response to a difference between desired and actual capacity, increasing the capacity from 0 to 1.
2023-09-08 16:38:50,383 INFO 2023-09-08 20:53:02.396000+00:00 Launching a new EC2 instance.  Status Reason: Your requested instance type (g4dn.xlarge) is not supported in your requested Availability Zone (us-west-2d). Please retry your request by not specifying an Availability Zone or choosing us-west-2a, us-west-2b, us-west-2c. Launching EC2 instance failed.  At 2023-09-08T20:52:57Z a monitor alarm syv5-scaleout9660673C-QCPqDcbI5jDH in state ALARM triggered policy syv5-scaleoutaction240431FD-aBUBJsGARNvJ changing the desired capacity from 0 to 1.  At 2023-09-08T20:53:01Z an instance was started in response to a difference between desired and actual capacity, increasing the capacity from 0 to 1.
2023-09-08 16:38:50,666 INFO syv5:TRACK_QUEUE number of processed videos: 0
2023-09-08 16:39:10,929 INFO syv5:VIDEO_QUEUE number of videos to process: 0 
2023-09-08 16:39:10,929 INFO  number of videos in progress: 0
2023-09-08 16:39:31,066 INFO syv5:DEAD_QUEUE number of failed videos: 3
2023-09-08 16:39:31,128 INFO Found 1 jobs in the database with type ecs.
2023-09-08 16:39:31,128 INFO Monitoring 1 job
2023-09-08 16:39:31,128 INFO Creating report path /Users/dcline/Dropbox/code/deepsea-ai/deepsea_ai/reports if it does not exist.
2023-09-08 16:39:31,398 INFO 2023-09-08 22:56:48.260000+00:00 Terminating EC2 instance: i-0bc8cd84acb85d492  At 2023-09-08T22:56:48Z an instance was taken out of service in response to a difference between desired and actual capacity, shrinking the capacity from 1 to 0.  At 2023-09-08T22:56:48Z instance i-0bc8cd84acb85d492 was selected for termination.
2023-09-08 16:39:31,398 INFO 2023-09-08 22:38:10.250000+00:00 Could not scale to desired capacity because all remaining instances are protected from scale-in.  At 2023-09-08T22:38:00Z a monitor alarm syv5-scaleinCAF92544-Eg76B8L7SVaf in state ALARM triggered policy syv5-scaleinactionDA2EF43D-5osOM66YqDy8 changing the desired capacity from 1 to 0.  At 2023-09-08T22:38:10Z group reached equilibrium.
2023-09-08 16:39:31,398 INFO 2023-09-08 22:35:24.465000+00:00 Launching a new EC2 instance: i-0bc8cd84acb85d492  At 2023-09-08T22:35:20Z a monitor alarm syv5-scaleout9660673C-QCPqDcbI5jDH in state ALARM triggered policy syv5-scaleoutaction240431FD-aBUBJsGARNvJ changing the desired capacity from 0 to 1.  At 2023-09-08T22:35:22Z an instance was started in response to a difference between desired and actual capacity, increasing the capacity from 0 to 1.
2023-09-08 16:39:31,398 INFO 2023-09-08 22:33:38.488000+00:00 Terminating EC2 instance: i-0dff8b9c319d4c22f  At 2023-09-08T22:33:38Z an instance was taken out of service in response to a difference between desired and actual capacity, shrinking the capacity from 1 to 0.  At 2023-09-08T22:33:38Z instance i-0dff8b9c319d4c22f was selected for termination.
2023-09-08 16:39:31,398 INFO 2023-09-08 22:20:04.456000+00:00 Could not scale to desired capacity because all remaining instances are protected from scale-in.  At 2023-09-08T22:20:00Z a monitor alarm syv5-scaleinCAF92544-Eg76B8L7SVaf in state ALARM triggered policy syv5-scaleinactionDA2EF43D-5osOM66YqDy8 changing the desired capacity from 1 to 0.  At 2023-09-08T22:20:04Z group reached equilibrium.
2023-09-08 16:39:31,398 INFO 2023-09-08 22:05:06.532000+00:00 Launching a new EC2 instance: i-0dff8b9c319d4c22f  At 2023-09-08T22:04:57Z a monitor alarm syv5-scaleout9660673C-QCPqDcbI5jDH in state ALARM triggered policy syv5-scaleoutaction240431FD-aBUBJsGARNvJ changing the desired capacity from 0 to 1.  At 2023-09-08T22:05:04Z an instance was started in response to a difference between desired and actual capacity, increasing the capacity from 0 to 1.
2023-09-08 16:39:31,398 INFO 2023-09-08 22:04:43.311000+00:00 Terminating EC2 instance: i-02913592628008603  At 2023-09-08T22:04:43Z an instance was taken out of service in response to a difference between desired and actual capacity, shrinking the capacity from 1 to 0.  At 2023-09-08T22:04:43Z instance i-02913592628008603 was selected for termination.
2023-09-08 16:39:31,399 INFO 2023-09-08 22:04:32.562000+00:00 Could not scale to desired capacity because all remaining instances are protected from scale-in.  At 2023-09-08T22:04:27Z a monitor alarm TargetTracking-syv5-asgsyv5ASGE64A7676-GHkYbCg3kSe8-AlarmLow-c5cb7206-beda-4c43-b946-ca7e7c474014 in state ALARM triggered policy ECSManagedAutoScalingPolicy-cccced4a-2a9b-480d-99a9-9dc2ed44054e changing the desired capacity from 1 to 0.  At 2023-09-08T22:04:32Z group reached equilibrium.
2023-09-08 16:39:31,399 INFO 2023-09-08 20:53:13.542000+00:00 Launching a new EC2 instance: i-02913592628008603  At 2023-09-08T20:53:11Z an instance was started in response to a difference between desired and actual capacity, increasing the capacity from 0 to 1.
2023-09-08 16:39:31,399 INFO 2023-09-08 20:53:02.396000+00:00 Launching a new EC2 instance.  Status Reason: Your requested instance type (g4dn.xlarge) is not supported in your requested Availability Zone (us-west-2d). Please retry your request by not specifying an Availability Zone or choosing us-west-2a, us-west-2b, us-west-2c. Launching EC2 instance failed.  At 2023-09-08T20:52:57Z a monitor alarm syv5-scaleout9660673C-QCPqDcbI5jDH in state ALARM triggered policy syv5-scaleoutaction240431FD-aBUBJsGARNvJ changing the desired capacity from 0 to 1.  At 2023-09-08T20:53:01Z an instance was started in response to a difference between desired and actual capacity, increasing the capacity from 0 to 1.
2023-09-08 16:39:31,611 INFO syv5:TRACK_QUEUE number of processed videos: 0
2023-09-08 16:39:51,732 INFO syv5:VIDEO_QUEUE number of videos to process: 0 
2023-09-08 16:39:51,732 INFO  number of videos in progress: 0
2023-09-08 16:40:11,884 INFO syv5:DEAD_QUEUE number of failed videos: 3
2023-09-08 16:40:11,977 INFO Found 1 jobs in the database with type ecs.
2023-09-08 16:40:11,977 INFO Monitoring 1 job
2023-09-08 16:40:11,977 INFO Creating report path /Users/dcline/Dropbox/code/deepsea-ai/deepsea_ai/reports if it does not exist.
2023-09-08 16:40:12,396 INFO 2023-09-08 22:56:48.260000+00:00 Terminating EC2 instance: i-0bc8cd84acb85d492  At 2023-09-08T22:56:48Z an instance was taken out of service in response to a difference between desired and actual capacity, shrinking the capacity from 1 to 0.  At 2023-09-08T22:56:48Z instance i-0bc8cd84acb85d492 was selected for termination.
2023-09-08 16:40:12,397 INFO 2023-09-08 22:38:10.250000+00:00 Could not scale to desired capacity because all remaining instances are protected from scale-in.  At 2023-09-08T22:38:00Z a monitor alarm syv5-scaleinCAF92544-Eg76B8L7SVaf in state ALARM triggered policy syv5-scaleinactionDA2EF43D-5osOM66YqDy8 changing the desired capacity from 1 to 0.  At 2023-09-08T22:38:10Z group reached equilibrium.
2023-09-08 16:40:12,397 INFO 2023-09-08 22:35:24.465000+00:00 Launching a new EC2 instance: i-0bc8cd84acb85d492  At 2023-09-08T22:35:20Z a monitor alarm syv5-scaleout9660673C-QCPqDcbI5jDH in state ALARM triggered policy syv5-scaleoutaction240431FD-aBUBJsGARNvJ changing the desired capacity from 0 to 1.  At 2023-09-08T22:35:22Z an instance was started in response to a difference between desired and actual capacity, increasing the capacity from 0 to 1.
2023-09-08 16:40:12,397 INFO 2023-09-08 22:33:38.488000+00:00 Terminating EC2 instance: i-0dff8b9c319d4c22f  At 2023-09-08T22:33:38Z an instance was taken out of service in response to a difference between desired and actual capacity, shrinking the capacity from 1 to 0.  At 2023-09-08T22:33:38Z instance i-0dff8b9c319d4c22f was selected for termination.
2023-09-08 16:40:12,397 INFO 2023-09-08 22:20:04.456000+00:00 Could not scale to desired capacity because all remaining instances are protected from scale-in.  At 2023-09-08T22:20:00Z a monitor alarm syv5-scaleinCAF92544-Eg76B8L7SVaf in state ALARM triggered policy syv5-scaleinactionDA2EF43D-5osOM66YqDy8 changing the desired capacity from 1 to 0.  At 2023-09-08T22:20:04Z group reached equilibrium.
2023-09-08 16:40:12,397 INFO 2023-09-08 22:05:06.532000+00:00 Launching a new EC2 instance: i-0dff8b9c319d4c22f  At 2023-09-08T22:04:57Z a monitor alarm syv5-scaleout9660673C-QCPqDcbI5jDH in state ALARM triggered policy syv5-scaleoutaction240431FD-aBUBJsGARNvJ changing the desired capacity from 0 to 1.  At 2023-09-08T22:05:04Z an instance was started in response to a difference between desired and actual capacity, increasing the capacity from 0 to 1.
2023-09-08 16:40:12,397 INFO 2023-09-08 22:04:43.311000+00:00 Terminating EC2 instance: i-02913592628008603  At 2023-09-08T22:04:43Z an instance was taken out of service in response to a difference between desired and actual capacity, shrinking the capacity from 1 to 0.  At 2023-09-08T22:04:43Z instance i-02913592628008603 was selected for termination.
2023-09-08 16:40:12,397 INFO 2023-09-08 22:04:32.562000+00:00 Could not scale to desired capacity because all remaining instances are protected from scale-in.  At 2023-09-08T22:04:27Z a monitor alarm TargetTracking-syv5-asgsyv5ASGE64A7676-GHkYbCg3kSe8-AlarmLow-c5cb7206-beda-4c43-b946-ca7e7c474014 in state ALARM triggered policy ECSManagedAutoScalingPolicy-cccced4a-2a9b-480d-99a9-9dc2ed44054e changing the desired capacity from 1 to 0.  At 2023-09-08T22:04:32Z group reached equilibrium.
2023-09-08 16:40:12,397 INFO 2023-09-08 20:53:13.542000+00:00 Launching a new EC2 instance: i-02913592628008603  At 2023-09-08T20:53:11Z an instance was started in response to a difference between desired and actual capacity, increasing the capacity from 0 to 1.
2023-09-08 16:40:12,397 INFO 2023-09-08 20:53:02.396000+00:00 Launching a new EC2 instance.  Status Reason: Your requested instance type (g4dn.xlarge) is not supported in your requested Availability Zone (us-west-2d). Please retry your request by not specifying an Availability Zone or choosing us-west-2a, us-west-2b, us-west-2c. Launching EC2 instance failed.  At 2023-09-08T20:52:57Z a monitor alarm syv5-scaleout9660673C-QCPqDcbI5jDH in state ALARM triggered policy syv5-scaleoutaction240431FD-aBUBJsGARNvJ changing the desired capacity from 0 to 1.  At 2023-09-08T20:53:01Z an instance was started in response to a difference between desired and actual capacity, increasing the capacity from 0 to 1.
2023-09-08 16:40:14,812 INFO syv5:TRACK_QUEUE number of processed videos: 0
2023-09-08 16:40:34,932 INFO syv5:VIDEO_QUEUE number of videos to process: 0 
2023-09-08 16:40:34,932 INFO  number of videos in progress: 0
2023-09-08 16:40:55,148 INFO syv5:DEAD_QUEUE number of failed videos: 3
2023-09-08 16:40:55,223 INFO Found 1 jobs in the database with type ecs.
2023-09-08 16:40:55,223 INFO Monitoring 1 job
2023-09-08 16:40:55,223 INFO Creating report path /Users/dcline/Dropbox/code/deepsea-ai/deepsea_ai/reports if it does not exist.
2023-09-08 16:40:55,583 INFO 2023-09-08 22:56:48.260000+00:00 Terminating EC2 instance: i-0bc8cd84acb85d492  At 2023-09-08T22:56:48Z an instance was taken out of service in response to a difference between desired and actual capacity, shrinking the capacity from 1 to 0.  At 2023-09-08T22:56:48Z instance i-0bc8cd84acb85d492 was selected for termination.
2023-09-08 16:40:55,583 INFO 2023-09-08 22:38:10.250000+00:00 Could not scale to desired capacity because all remaining instances are protected from scale-in.  At 2023-09-08T22:38:00Z a monitor alarm syv5-scaleinCAF92544-Eg76B8L7SVaf in state ALARM triggered policy syv5-scaleinactionDA2EF43D-5osOM66YqDy8 changing the desired capacity from 1 to 0.  At 2023-09-08T22:38:10Z group reached equilibrium.
2023-09-08 16:40:55,583 INFO 2023-09-08 22:35:24.465000+00:00 Launching a new EC2 instance: i-0bc8cd84acb85d492  At 2023-09-08T22:35:20Z a monitor alarm syv5-scaleout9660673C-QCPqDcbI5jDH in state ALARM triggered policy syv5-scaleoutaction240431FD-aBUBJsGARNvJ changing the desired capacity from 0 to 1.  At 2023-09-08T22:35:22Z an instance was started in response to a difference between desired and actual capacity, increasing the capacity from 0 to 1.
2023-09-08 16:40:55,584 INFO 2023-09-08 22:33:38.488000+00:00 Terminating EC2 instance: i-0dff8b9c319d4c22f  At 2023-09-08T22:33:38Z an instance was taken out of service in response to a difference between desired and actual capacity, shrinking the capacity from 1 to 0.  At 2023-09-08T22:33:38Z instance i-0dff8b9c319d4c22f was selected for termination.
2023-09-08 16:40:55,584 INFO 2023-09-08 22:20:04.456000+00:00 Could not scale to desired capacity because all remaining instances are protected from scale-in.  At 2023-09-08T22:20:00Z a monitor alarm syv5-scaleinCAF92544-Eg76B8L7SVaf in state ALARM triggered policy syv5-scaleinactionDA2EF43D-5osOM66YqDy8 changing the desired capacity from 1 to 0.  At 2023-09-08T22:20:04Z group reached equilibrium.
2023-09-08 16:40:55,584 INFO 2023-09-08 22:05:06.532000+00:00 Launching a new EC2 instance: i-0dff8b9c319d4c22f  At 2023-09-08T22:04:57Z a monitor alarm syv5-scaleout9660673C-QCPqDcbI5jDH in state ALARM triggered policy syv5-scaleoutaction240431FD-aBUBJsGARNvJ changing the desired capacity from 0 to 1.  At 2023-09-08T22:05:04Z an instance was started in response to a difference between desired and actual capacity, increasing the capacity from 0 to 1.
2023-09-08 16:40:55,584 INFO 2023-09-08 22:04:43.311000+00:00 Terminating EC2 instance: i-02913592628008603  At 2023-09-08T22:04:43Z an instance was taken out of service in response to a difference between desired and actual capacity, shrinking the capacity from 1 to 0.  At 2023-09-08T22:04:43Z instance i-02913592628008603 was selected for termination.
2023-09-08 16:40:55,584 INFO 2023-09-08 22:04:32.562000+00:00 Could not scale to desired capacity because all remaining instances are protected from scale-in.  At 2023-09-08T22:04:27Z a monitor alarm TargetTracking-syv5-asgsyv5ASGE64A7676-GHkYbCg3kSe8-AlarmLow-c5cb7206-beda-4c43-b946-ca7e7c474014 in state ALARM triggered policy ECSManagedAutoScalingPolicy-cccced4a-2a9b-480d-99a9-9dc2ed44054e changing the desired capacity from 1 to 0.  At 2023-09-08T22:04:32Z group reached equilibrium.
2023-09-08 16:40:55,584 INFO 2023-09-08 20:53:13.542000+00:00 Launching a new EC2 instance: i-02913592628008603  At 2023-09-08T20:53:11Z an instance was started in response to a difference between desired and actual capacity, increasing the capacity from 0 to 1.
2023-09-08 16:40:55,584 INFO 2023-09-08 20:53:02.396000+00:00 Launching a new EC2 instance.  Status Reason: Your requested instance type (g4dn.xlarge) is not supported in your requested Availability Zone (us-west-2d). Please retry your request by not specifying an Availability Zone or choosing us-west-2a, us-west-2b, us-west-2c. Launching EC2 instance failed.  At 2023-09-08T20:52:57Z a monitor alarm syv5-scaleout9660673C-QCPqDcbI5jDH in state ALARM triggered policy syv5-scaleoutaction240431FD-aBUBJsGARNvJ changing the desired capacity from 0 to 1.  At 2023-09-08T20:53:01Z an instance was started in response to a difference between desired and actual capacity, increasing the capacity from 0 to 1.
2023-09-08 16:40:55,845 INFO syv5:TRACK_QUEUE number of processed videos: 0
2023-09-08 16:41:15,989 INFO syv5:VIDEO_QUEUE number of videos to process: 0 
2023-09-08 16:41:15,989 INFO  number of videos in progress: 0
2023-09-08 16:41:36,130 INFO syv5:DEAD_QUEUE number of failed videos: 3
2023-09-08 16:41:36,194 INFO Found 1 jobs in the database with type ecs.
2023-09-08 16:41:36,194 INFO Monitoring 1 job
2023-09-08 16:41:36,194 INFO Creating report path /Users/dcline/Dropbox/code/deepsea-ai/deepsea_ai/reports if it does not exist.
2023-09-08 16:41:36,601 INFO 2023-09-08 22:56:48.260000+00:00 Terminating EC2 instance: i-0bc8cd84acb85d492  At 2023-09-08T22:56:48Z an instance was taken out of service in response to a difference between desired and actual capacity, shrinking the capacity from 1 to 0.  At 2023-09-08T22:56:48Z instance i-0bc8cd84acb85d492 was selected for termination.
2023-09-08 16:41:36,601 INFO 2023-09-08 22:38:10.250000+00:00 Could not scale to desired capacity because all remaining instances are protected from scale-in.  At 2023-09-08T22:38:00Z a monitor alarm syv5-scaleinCAF92544-Eg76B8L7SVaf in state ALARM triggered policy syv5-scaleinactionDA2EF43D-5osOM66YqDy8 changing the desired capacity from 1 to 0.  At 2023-09-08T22:38:10Z group reached equilibrium.
2023-09-08 16:41:36,601 INFO 2023-09-08 22:35:24.465000+00:00 Launching a new EC2 instance: i-0bc8cd84acb85d492  At 2023-09-08T22:35:20Z a monitor alarm syv5-scaleout9660673C-QCPqDcbI5jDH in state ALARM triggered policy syv5-scaleoutaction240431FD-aBUBJsGARNvJ changing the desired capacity from 0 to 1.  At 2023-09-08T22:35:22Z an instance was started in response to a difference between desired and actual capacity, increasing the capacity from 0 to 1.
2023-09-08 16:41:36,602 INFO 2023-09-08 22:33:38.488000+00:00 Terminating EC2 instance: i-0dff8b9c319d4c22f  At 2023-09-08T22:33:38Z an instance was taken out of service in response to a difference between desired and actual capacity, shrinking the capacity from 1 to 0.  At 2023-09-08T22:33:38Z instance i-0dff8b9c319d4c22f was selected for termination.
2023-09-08 16:41:36,602 INFO 2023-09-08 22:20:04.456000+00:00 Could not scale to desired capacity because all remaining instances are protected from scale-in.  At 2023-09-08T22:20:00Z a monitor alarm syv5-scaleinCAF92544-Eg76B8L7SVaf in state ALARM triggered policy syv5-scaleinactionDA2EF43D-5osOM66YqDy8 changing the desired capacity from 1 to 0.  At 2023-09-08T22:20:04Z group reached equilibrium.
2023-09-08 16:41:36,602 INFO 2023-09-08 22:05:06.532000+00:00 Launching a new EC2 instance: i-0dff8b9c319d4c22f  At 2023-09-08T22:04:57Z a monitor alarm syv5-scaleout9660673C-QCPqDcbI5jDH in state ALARM triggered policy syv5-scaleoutaction240431FD-aBUBJsGARNvJ changing the desired capacity from 0 to 1.  At 2023-09-08T22:05:04Z an instance was started in response to a difference between desired and actual capacity, increasing the capacity from 0 to 1.
2023-09-08 16:41:36,602 INFO 2023-09-08 22:04:43.311000+00:00 Terminating EC2 instance: i-02913592628008603  At 2023-09-08T22:04:43Z an instance was taken out of service in response to a difference between desired and actual capacity, shrinking the capacity from 1 to 0.  At 2023-09-08T22:04:43Z instance i-02913592628008603 was selected for termination.
2023-09-08 16:41:36,602 INFO 2023-09-08 22:04:32.562000+00:00 Could not scale to desired capacity because all remaining instances are protected from scale-in.  At 2023-09-08T22:04:27Z a monitor alarm TargetTracking-syv5-asgsyv5ASGE64A7676-GHkYbCg3kSe8-AlarmLow-c5cb7206-beda-4c43-b946-ca7e7c474014 in state ALARM triggered policy ECSManagedAutoScalingPolicy-cccced4a-2a9b-480d-99a9-9dc2ed44054e changing the desired capacity from 1 to 0.  At 2023-09-08T22:04:32Z group reached equilibrium.
2023-09-08 16:41:36,602 INFO 2023-09-08 20:53:13.542000+00:00 Launching a new EC2 instance: i-02913592628008603  At 2023-09-08T20:53:11Z an instance was started in response to a difference between desired and actual capacity, increasing the capacity from 0 to 1.
2023-09-08 16:41:36,602 INFO 2023-09-08 20:53:02.396000+00:00 Launching a new EC2 instance.  Status Reason: Your requested instance type (g4dn.xlarge) is not supported in your requested Availability Zone (us-west-2d). Please retry your request by not specifying an Availability Zone or choosing us-west-2a, us-west-2b, us-west-2c. Launching EC2 instance failed.  At 2023-09-08T20:52:57Z a monitor alarm syv5-scaleout9660673C-QCPqDcbI5jDH in state ALARM triggered policy syv5-scaleoutaction240431FD-aBUBJsGARNvJ changing the desired capacity from 0 to 1.  At 2023-09-08T20:53:01Z an instance was started in response to a difference between desired and actual capacity, increasing the capacity from 0 to 1.
2023-09-08 16:41:36,916 INFO syv5:TRACK_QUEUE number of processed videos: 0
2023-09-08 16:41:57,056 INFO syv5:VIDEO_QUEUE number of videos to process: 0 
2023-09-08 16:41:57,056 INFO  number of videos in progress: 0
2023-09-08 16:42:17,168 INFO syv5:DEAD_QUEUE number of failed videos: 3
2023-09-08 16:42:17,225 INFO Found 1 jobs in the database with type ecs.
2023-09-08 16:42:17,225 INFO Monitoring 1 job
2023-09-08 16:42:17,225 INFO Creating report path /Users/dcline/Dropbox/code/deepsea-ai/deepsea_ai/reports if it does not exist.
2023-09-08 16:42:17,494 INFO 2023-09-08 22:56:48.260000+00:00 Terminating EC2 instance: i-0bc8cd84acb85d492  At 2023-09-08T22:56:48Z an instance was taken out of service in response to a difference between desired and actual capacity, shrinking the capacity from 1 to 0.  At 2023-09-08T22:56:48Z instance i-0bc8cd84acb85d492 was selected for termination.
2023-09-08 16:42:17,494 INFO 2023-09-08 22:38:10.250000+00:00 Could not scale to desired capacity because all remaining instances are protected from scale-in.  At 2023-09-08T22:38:00Z a monitor alarm syv5-scaleinCAF92544-Eg76B8L7SVaf in state ALARM triggered policy syv5-scaleinactionDA2EF43D-5osOM66YqDy8 changing the desired capacity from 1 to 0.  At 2023-09-08T22:38:10Z group reached equilibrium.
2023-09-08 16:42:17,494 INFO 2023-09-08 22:35:24.465000+00:00 Launching a new EC2 instance: i-0bc8cd84acb85d492  At 2023-09-08T22:35:20Z a monitor alarm syv5-scaleout9660673C-QCPqDcbI5jDH in state ALARM triggered policy syv5-scaleoutaction240431FD-aBUBJsGARNvJ changing the desired capacity from 0 to 1.  At 2023-09-08T22:35:22Z an instance was started in response to a difference between desired and actual capacity, increasing the capacity from 0 to 1.
2023-09-08 16:42:17,494 INFO 2023-09-08 22:33:38.488000+00:00 Terminating EC2 instance: i-0dff8b9c319d4c22f  At 2023-09-08T22:33:38Z an instance was taken out of service in response to a difference between desired and actual capacity, shrinking the capacity from 1 to 0.  At 2023-09-08T22:33:38Z instance i-0dff8b9c319d4c22f was selected for termination.
2023-09-08 16:42:17,494 INFO 2023-09-08 22:20:04.456000+00:00 Could not scale to desired capacity because all remaining instances are protected from scale-in.  At 2023-09-08T22:20:00Z a monitor alarm syv5-scaleinCAF92544-Eg76B8L7SVaf in state ALARM triggered policy syv5-scaleinactionDA2EF43D-5osOM66YqDy8 changing the desired capacity from 1 to 0.  At 2023-09-08T22:20:04Z group reached equilibrium.
2023-09-08 16:42:17,494 INFO 2023-09-08 22:05:06.532000+00:00 Launching a new EC2 instance: i-0dff8b9c319d4c22f  At 2023-09-08T22:04:57Z a monitor alarm syv5-scaleout9660673C-QCPqDcbI5jDH in state ALARM triggered policy syv5-scaleoutaction240431FD-aBUBJsGARNvJ changing the desired capacity from 0 to 1.  At 2023-09-08T22:05:04Z an instance was started in response to a difference between desired and actual capacity, increasing the capacity from 0 to 1.
2023-09-08 16:42:17,495 INFO 2023-09-08 22:04:43.311000+00:00 Terminating EC2 instance: i-02913592628008603  At 2023-09-08T22:04:43Z an instance was taken out of service in response to a difference between desired and actual capacity, shrinking the capacity from 1 to 0.  At 2023-09-08T22:04:43Z instance i-02913592628008603 was selected for termination.
2023-09-08 16:42:17,495 INFO 2023-09-08 22:04:32.562000+00:00 Could not scale to desired capacity because all remaining instances are protected from scale-in.  At 2023-09-08T22:04:27Z a monitor alarm TargetTracking-syv5-asgsyv5ASGE64A7676-GHkYbCg3kSe8-AlarmLow-c5cb7206-beda-4c43-b946-ca7e7c474014 in state ALARM triggered policy ECSManagedAutoScalingPolicy-cccced4a-2a9b-480d-99a9-9dc2ed44054e changing the desired capacity from 1 to 0.  At 2023-09-08T22:04:32Z group reached equilibrium.
2023-09-08 16:42:17,495 INFO 2023-09-08 20:53:13.542000+00:00 Launching a new EC2 instance: i-02913592628008603  At 2023-09-08T20:53:11Z an instance was started in response to a difference between desired and actual capacity, increasing the capacity from 0 to 1.
2023-09-08 16:42:17,495 INFO 2023-09-08 20:53:02.396000+00:00 Launching a new EC2 instance.  Status Reason: Your requested instance type (g4dn.xlarge) is not supported in your requested Availability Zone (us-west-2d). Please retry your request by not specifying an Availability Zone or choosing us-west-2a, us-west-2b, us-west-2c. Launching EC2 instance failed.  At 2023-09-08T20:52:57Z a monitor alarm syv5-scaleout9660673C-QCPqDcbI5jDH in state ALARM triggered policy syv5-scaleoutaction240431FD-aBUBJsGARNvJ changing the desired capacity from 0 to 1.  At 2023-09-08T20:53:01Z an instance was started in response to a difference between desired and actual capacity, increasing the capacity from 0 to 1.
2023-09-08 16:42:17,741 INFO syv5:TRACK_QUEUE number of processed videos: 0
2023-09-08 16:42:37,853 INFO syv5:VIDEO_QUEUE number of videos to process: 0 
2023-09-08 16:42:37,853 INFO  number of videos in progress: 0
2023-09-08 16:42:57,973 INFO syv5:DEAD_QUEUE number of failed videos: 0
2023-09-08 16:43:18,068 INFO Checking again in 60 seconds. Ctrl-C to stop.
2023-09-08 16:44:18,079 ERROR Job Thread-7 not found in database.
2023-09-08 16:44:18,504 INFO 2023-09-08 22:56:48.260000+00:00 Terminating EC2 instance: i-0bc8cd84acb85d492  At 2023-09-08T22:56:48Z an instance was taken out of service in response to a difference between desired and actual capacity, shrinking the capacity from 1 to 0.  At 2023-09-08T22:56:48Z instance i-0bc8cd84acb85d492 was selected for termination.
2023-09-08 16:44:18,505 INFO 2023-09-08 22:38:10.250000+00:00 Could not scale to desired capacity because all remaining instances are protected from scale-in.  At 2023-09-08T22:38:00Z a monitor alarm syv5-scaleinCAF92544-Eg76B8L7SVaf in state ALARM triggered policy syv5-scaleinactionDA2EF43D-5osOM66YqDy8 changing the desired capacity from 1 to 0.  At 2023-09-08T22:38:10Z group reached equilibrium.
2023-09-08 16:44:18,505 INFO 2023-09-08 22:35:24.465000+00:00 Launching a new EC2 instance: i-0bc8cd84acb85d492  At 2023-09-08T22:35:20Z a monitor alarm syv5-scaleout9660673C-QCPqDcbI5jDH in state ALARM triggered policy syv5-scaleoutaction240431FD-aBUBJsGARNvJ changing the desired capacity from 0 to 1.  At 2023-09-08T22:35:22Z an instance was started in response to a difference between desired and actual capacity, increasing the capacity from 0 to 1.
2023-09-08 16:44:18,505 INFO 2023-09-08 22:33:38.488000+00:00 Terminating EC2 instance: i-0dff8b9c319d4c22f  At 2023-09-08T22:33:38Z an instance was taken out of service in response to a difference between desired and actual capacity, shrinking the capacity from 1 to 0.  At 2023-09-08T22:33:38Z instance i-0dff8b9c319d4c22f was selected for termination.
2023-09-08 16:44:18,505 INFO 2023-09-08 22:20:04.456000+00:00 Could not scale to desired capacity because all remaining instances are protected from scale-in.  At 2023-09-08T22:20:00Z a monitor alarm syv5-scaleinCAF92544-Eg76B8L7SVaf in state ALARM triggered policy syv5-scaleinactionDA2EF43D-5osOM66YqDy8 changing the desired capacity from 1 to 0.  At 2023-09-08T22:20:04Z group reached equilibrium.
2023-09-08 16:44:18,505 INFO 2023-09-08 22:05:06.532000+00:00 Launching a new EC2 instance: i-0dff8b9c319d4c22f  At 2023-09-08T22:04:57Z a monitor alarm syv5-scaleout9660673C-QCPqDcbI5jDH in state ALARM triggered policy syv5-scaleoutaction240431FD-aBUBJsGARNvJ changing the desired capacity from 0 to 1.  At 2023-09-08T22:05:04Z an instance was started in response to a difference between desired and actual capacity, increasing the capacity from 0 to 1.
2023-09-08 16:44:18,505 INFO 2023-09-08 22:04:43.311000+00:00 Terminating EC2 instance: i-02913592628008603  At 2023-09-08T22:04:43Z an instance was taken out of service in response to a difference between desired and actual capacity, shrinking the capacity from 1 to 0.  At 2023-09-08T22:04:43Z instance i-02913592628008603 was selected for termination.
2023-09-08 16:44:18,505 INFO 2023-09-08 22:04:32.562000+00:00 Could not scale to desired capacity because all remaining instances are protected from scale-in.  At 2023-09-08T22:04:27Z a monitor alarm TargetTracking-syv5-asgsyv5ASGE64A7676-GHkYbCg3kSe8-AlarmLow-c5cb7206-beda-4c43-b946-ca7e7c474014 in state ALARM triggered policy ECSManagedAutoScalingPolicy-cccced4a-2a9b-480d-99a9-9dc2ed44054e changing the desired capacity from 1 to 0.  At 2023-09-08T22:04:32Z group reached equilibrium.
2023-09-08 16:44:18,505 INFO 2023-09-08 20:53:13.542000+00:00 Launching a new EC2 instance: i-02913592628008603  At 2023-09-08T20:53:11Z an instance was started in response to a difference between desired and actual capacity, increasing the capacity from 0 to 1.
2023-09-08 16:44:18,505 INFO 2023-09-08 20:53:02.396000+00:00 Launching a new EC2 instance.  Status Reason: Your requested instance type (g4dn.xlarge) is not supported in your requested Availability Zone (us-west-2d). Please retry your request by not specifying an Availability Zone or choosing us-west-2a, us-west-2b, us-west-2c. Launching EC2 instance failed.  At 2023-09-08T20:52:57Z a monitor alarm syv5-scaleout9660673C-QCPqDcbI5jDH in state ALARM triggered policy syv5-scaleoutaction240431FD-aBUBJsGARNvJ changing the desired capacity from 0 to 1.  At 2023-09-08T20:53:01Z an instance was started in response to a difference between desired and actual capacity, increasing the capacity from 0 to 1.
2023-09-08 16:44:18,728 INFO syv5:TRACK_QUEUE number of processed videos: 0
2023-09-08 16:44:38,846 INFO syv5:VIDEO_QUEUE number of videos to process: 3 
2023-09-08 16:44:38,846 INFO  number of videos in progress: 0
2023-09-08 16:44:38,911 INFO Found 1 jobs in the database with type ecs.
2023-09-08 16:44:38,911 INFO Monitoring 1 job
2023-09-08 16:44:38,912 INFO Creating report path /Users/dcline/Dropbox/code/deepsea-ai/deepsea_ai/reports if it does not exist.
2023-09-08 16:44:39,212 INFO 2023-09-08 22:56:48.260000+00:00 Terminating EC2 instance: i-0bc8cd84acb85d492  At 2023-09-08T22:56:48Z an instance was taken out of service in response to a difference between desired and actual capacity, shrinking the capacity from 1 to 0.  At 2023-09-08T22:56:48Z instance i-0bc8cd84acb85d492 was selected for termination.
2023-09-08 16:44:39,212 INFO 2023-09-08 22:38:10.250000+00:00 Could not scale to desired capacity because all remaining instances are protected from scale-in.  At 2023-09-08T22:38:00Z a monitor alarm syv5-scaleinCAF92544-Eg76B8L7SVaf in state ALARM triggered policy syv5-scaleinactionDA2EF43D-5osOM66YqDy8 changing the desired capacity from 1 to 0.  At 2023-09-08T22:38:10Z group reached equilibrium.
2023-09-08 16:44:39,212 INFO 2023-09-08 22:35:24.465000+00:00 Launching a new EC2 instance: i-0bc8cd84acb85d492  At 2023-09-08T22:35:20Z a monitor alarm syv5-scaleout9660673C-QCPqDcbI5jDH in state ALARM triggered policy syv5-scaleoutaction240431FD-aBUBJsGARNvJ changing the desired capacity from 0 to 1.  At 2023-09-08T22:35:22Z an instance was started in response to a difference between desired and actual capacity, increasing the capacity from 0 to 1.
2023-09-08 16:44:39,212 INFO 2023-09-08 22:33:38.488000+00:00 Terminating EC2 instance: i-0dff8b9c319d4c22f  At 2023-09-08T22:33:38Z an instance was taken out of service in response to a difference between desired and actual capacity, shrinking the capacity from 1 to 0.  At 2023-09-08T22:33:38Z instance i-0dff8b9c319d4c22f was selected for termination.
2023-09-08 16:44:39,212 INFO 2023-09-08 22:20:04.456000+00:00 Could not scale to desired capacity because all remaining instances are protected from scale-in.  At 2023-09-08T22:20:00Z a monitor alarm syv5-scaleinCAF92544-Eg76B8L7SVaf in state ALARM triggered policy syv5-scaleinactionDA2EF43D-5osOM66YqDy8 changing the desired capacity from 1 to 0.  At 2023-09-08T22:20:04Z group reached equilibrium.
2023-09-08 16:44:39,212 INFO 2023-09-08 22:05:06.532000+00:00 Launching a new EC2 instance: i-0dff8b9c319d4c22f  At 2023-09-08T22:04:57Z a monitor alarm syv5-scaleout9660673C-QCPqDcbI5jDH in state ALARM triggered policy syv5-scaleoutaction240431FD-aBUBJsGARNvJ changing the desired capacity from 0 to 1.  At 2023-09-08T22:05:04Z an instance was started in response to a difference between desired and actual capacity, increasing the capacity from 0 to 1.
2023-09-08 16:44:39,212 INFO 2023-09-08 22:04:43.311000+00:00 Terminating EC2 instance: i-02913592628008603  At 2023-09-08T22:04:43Z an instance was taken out of service in response to a difference between desired and actual capacity, shrinking the capacity from 1 to 0.  At 2023-09-08T22:04:43Z instance i-02913592628008603 was selected for termination.
2023-09-08 16:44:39,212 INFO 2023-09-08 22:04:32.562000+00:00 Could not scale to desired capacity because all remaining instances are protected from scale-in.  At 2023-09-08T22:04:27Z a monitor alarm TargetTracking-syv5-asgsyv5ASGE64A7676-GHkYbCg3kSe8-AlarmLow-c5cb7206-beda-4c43-b946-ca7e7c474014 in state ALARM triggered policy ECSManagedAutoScalingPolicy-cccced4a-2a9b-480d-99a9-9dc2ed44054e changing the desired capacity from 1 to 0.  At 2023-09-08T22:04:32Z group reached equilibrium.
2023-09-08 16:44:39,212 INFO 2023-09-08 20:53:13.542000+00:00 Launching a new EC2 instance: i-02913592628008603  At 2023-09-08T20:53:11Z an instance was started in response to a difference between desired and actual capacity, increasing the capacity from 0 to 1.
2023-09-08 16:44:39,213 INFO 2023-09-08 20:53:02.396000+00:00 Launching a new EC2 instance.  Status Reason: Your requested instance type (g4dn.xlarge) is not supported in your requested Availability Zone (us-west-2d). Please retry your request by not specifying an Availability Zone or choosing us-west-2a, us-west-2b, us-west-2c. Launching EC2 instance failed.  At 2023-09-08T20:52:57Z a monitor alarm syv5-scaleout9660673C-QCPqDcbI5jDH in state ALARM triggered policy syv5-scaleoutaction240431FD-aBUBJsGARNvJ changing the desired capacity from 0 to 1.  At 2023-09-08T20:53:01Z an instance was started in response to a difference between desired and actual capacity, increasing the capacity from 0 to 1.
2023-09-08 16:44:39,466 INFO syv5:TRACK_QUEUE number of processed videos: 0
2023-09-08 16:44:59,673 INFO syv5:VIDEO_QUEUE number of videos to process: 3 
2023-09-08 16:44:59,674 INFO  number of videos in progress: 0
2023-09-08 16:44:59,738 INFO Found 1 jobs in the database with type ecs.
2023-09-08 16:44:59,738 INFO Monitoring 1 job
2023-09-08 16:44:59,738 INFO Creating report path /Users/dcline/Dropbox/code/deepsea-ai/deepsea_ai/reports if it does not exist.
2023-09-08 16:45:00,003 INFO 2023-09-08 22:56:48.260000+00:00 Terminating EC2 instance: i-0bc8cd84acb85d492  At 2023-09-08T22:56:48Z an instance was taken out of service in response to a difference between desired and actual capacity, shrinking the capacity from 1 to 0.  At 2023-09-08T22:56:48Z instance i-0bc8cd84acb85d492 was selected for termination.
2023-09-08 16:45:00,004 INFO 2023-09-08 22:38:10.250000+00:00 Could not scale to desired capacity because all remaining instances are protected from scale-in.  At 2023-09-08T22:38:00Z a monitor alarm syv5-scaleinCAF92544-Eg76B8L7SVaf in state ALARM triggered policy syv5-scaleinactionDA2EF43D-5osOM66YqDy8 changing the desired capacity from 1 to 0.  At 2023-09-08T22:38:10Z group reached equilibrium.
2023-09-08 16:45:00,004 INFO 2023-09-08 22:35:24.465000+00:00 Launching a new EC2 instance: i-0bc8cd84acb85d492  At 2023-09-08T22:35:20Z a monitor alarm syv5-scaleout9660673C-QCPqDcbI5jDH in state ALARM triggered policy syv5-scaleoutaction240431FD-aBUBJsGARNvJ changing the desired capacity from 0 to 1.  At 2023-09-08T22:35:22Z an instance was started in response to a difference between desired and actual capacity, increasing the capacity from 0 to 1.
2023-09-08 16:45:00,004 INFO 2023-09-08 22:33:38.488000+00:00 Terminating EC2 instance: i-0dff8b9c319d4c22f  At 2023-09-08T22:33:38Z an instance was taken out of service in response to a difference between desired and actual capacity, shrinking the capacity from 1 to 0.  At 2023-09-08T22:33:38Z instance i-0dff8b9c319d4c22f was selected for termination.
2023-09-08 16:45:00,004 INFO 2023-09-08 22:20:04.456000+00:00 Could not scale to desired capacity because all remaining instances are protected from scale-in.  At 2023-09-08T22:20:00Z a monitor alarm syv5-scaleinCAF92544-Eg76B8L7SVaf in state ALARM triggered policy syv5-scaleinactionDA2EF43D-5osOM66YqDy8 changing the desired capacity from 1 to 0.  At 2023-09-08T22:20:04Z group reached equilibrium.
2023-09-08 16:45:00,004 INFO 2023-09-08 22:05:06.532000+00:00 Launching a new EC2 instance: i-0dff8b9c319d4c22f  At 2023-09-08T22:04:57Z a monitor alarm syv5-scaleout9660673C-QCPqDcbI5jDH in state ALARM triggered policy syv5-scaleoutaction240431FD-aBUBJsGARNvJ changing the desired capacity from 0 to 1.  At 2023-09-08T22:05:04Z an instance was started in response to a difference between desired and actual capacity, increasing the capacity from 0 to 1.
2023-09-08 16:45:00,004 INFO 2023-09-08 22:04:43.311000+00:00 Terminating EC2 instance: i-02913592628008603  At 2023-09-08T22:04:43Z an instance was taken out of service in response to a difference between desired and actual capacity, shrinking the capacity from 1 to 0.  At 2023-09-08T22:04:43Z instance i-02913592628008603 was selected for termination.
2023-09-08 16:45:00,004 INFO 2023-09-08 22:04:32.562000+00:00 Could not scale to desired capacity because all remaining instances are protected from scale-in.  At 2023-09-08T22:04:27Z a monitor alarm TargetTracking-syv5-asgsyv5ASGE64A7676-GHkYbCg3kSe8-AlarmLow-c5cb7206-beda-4c43-b946-ca7e7c474014 in state ALARM triggered policy ECSManagedAutoScalingPolicy-cccced4a-2a9b-480d-99a9-9dc2ed44054e changing the desired capacity from 1 to 0.  At 2023-09-08T22:04:32Z group reached equilibrium.
2023-09-08 16:45:00,004 INFO 2023-09-08 20:53:13.542000+00:00 Launching a new EC2 instance: i-02913592628008603  At 2023-09-08T20:53:11Z an instance was started in response to a difference between desired and actual capacity, increasing the capacity from 0 to 1.
2023-09-08 16:45:00,004 INFO 2023-09-08 20:53:02.396000+00:00 Launching a new EC2 instance.  Status Reason: Your requested instance type (g4dn.xlarge) is not supported in your requested Availability Zone (us-west-2d). Please retry your request by not specifying an Availability Zone or choosing us-west-2a, us-west-2b, us-west-2c. Launching EC2 instance failed.  At 2023-09-08T20:52:57Z a monitor alarm syv5-scaleout9660673C-QCPqDcbI5jDH in state ALARM triggered policy syv5-scaleoutaction240431FD-aBUBJsGARNvJ changing the desired capacity from 0 to 1.  At 2023-09-08T20:53:01Z an instance was started in response to a difference between desired and actual capacity, increasing the capacity from 0 to 1.
2023-09-08 16:45:00,235 INFO syv5:TRACK_QUEUE number of processed videos: 0
2023-09-08 16:45:20,378 INFO syv5:VIDEO_QUEUE number of videos to process: 3 
2023-09-08 16:45:20,378 INFO  number of videos in progress: 0
2023-09-08 16:45:20,455 INFO Found 1 jobs in the database with type ecs.
2023-09-08 16:45:20,455 INFO Monitoring 1 job
2023-09-08 16:45:20,455 INFO Creating report path /Users/dcline/Dropbox/code/deepsea-ai/deepsea_ai/reports if it does not exist.
2023-09-08 16:45:20,771 INFO 2023-09-08 22:56:48.260000+00:00 Terminating EC2 instance: i-0bc8cd84acb85d492  At 2023-09-08T22:56:48Z an instance was taken out of service in response to a difference between desired and actual capacity, shrinking the capacity from 1 to 0.  At 2023-09-08T22:56:48Z instance i-0bc8cd84acb85d492 was selected for termination.
2023-09-08 16:45:20,771 INFO 2023-09-08 22:38:10.250000+00:00 Could not scale to desired capacity because all remaining instances are protected from scale-in.  At 2023-09-08T22:38:00Z a monitor alarm syv5-scaleinCAF92544-Eg76B8L7SVaf in state ALARM triggered policy syv5-scaleinactionDA2EF43D-5osOM66YqDy8 changing the desired capacity from 1 to 0.  At 2023-09-08T22:38:10Z group reached equilibrium.
2023-09-08 16:45:20,771 INFO 2023-09-08 22:35:24.465000+00:00 Launching a new EC2 instance: i-0bc8cd84acb85d492  At 2023-09-08T22:35:20Z a monitor alarm syv5-scaleout9660673C-QCPqDcbI5jDH in state ALARM triggered policy syv5-scaleoutaction240431FD-aBUBJsGARNvJ changing the desired capacity from 0 to 1.  At 2023-09-08T22:35:22Z an instance was started in response to a difference between desired and actual capacity, increasing the capacity from 0 to 1.
2023-09-08 16:45:20,772 INFO 2023-09-08 22:33:38.488000+00:00 Terminating EC2 instance: i-0dff8b9c319d4c22f  At 2023-09-08T22:33:38Z an instance was taken out of service in response to a difference between desired and actual capacity, shrinking the capacity from 1 to 0.  At 2023-09-08T22:33:38Z instance i-0dff8b9c319d4c22f was selected for termination.
2023-09-08 16:45:20,772 INFO 2023-09-08 22:20:04.456000+00:00 Could not scale to desired capacity because all remaining instances are protected from scale-in.  At 2023-09-08T22:20:00Z a monitor alarm syv5-scaleinCAF92544-Eg76B8L7SVaf in state ALARM triggered policy syv5-scaleinactionDA2EF43D-5osOM66YqDy8 changing the desired capacity from 1 to 0.  At 2023-09-08T22:20:04Z group reached equilibrium.
2023-09-08 16:45:20,772 INFO 2023-09-08 22:05:06.532000+00:00 Launching a new EC2 instance: i-0dff8b9c319d4c22f  At 2023-09-08T22:04:57Z a monitor alarm syv5-scaleout9660673C-QCPqDcbI5jDH in state ALARM triggered policy syv5-scaleoutaction240431FD-aBUBJsGARNvJ changing the desired capacity from 0 to 1.  At 2023-09-08T22:05:04Z an instance was started in response to a difference between desired and actual capacity, increasing the capacity from 0 to 1.
2023-09-08 16:45:20,772 INFO 2023-09-08 22:04:43.311000+00:00 Terminating EC2 instance: i-02913592628008603  At 2023-09-08T22:04:43Z an instance was taken out of service in response to a difference between desired and actual capacity, shrinking the capacity from 1 to 0.  At 2023-09-08T22:04:43Z instance i-02913592628008603 was selected for termination.
2023-09-08 16:45:20,772 INFO 2023-09-08 22:04:32.562000+00:00 Could not scale to desired capacity because all remaining instances are protected from scale-in.  At 2023-09-08T22:04:27Z a monitor alarm TargetTracking-syv5-asgsyv5ASGE64A7676-GHkYbCg3kSe8-AlarmLow-c5cb7206-beda-4c43-b946-ca7e7c474014 in state ALARM triggered policy ECSManagedAutoScalingPolicy-cccced4a-2a9b-480d-99a9-9dc2ed44054e changing the desired capacity from 1 to 0.  At 2023-09-08T22:04:32Z group reached equilibrium.
2023-09-08 16:45:20,772 INFO 2023-09-08 20:53:13.542000+00:00 Launching a new EC2 instance: i-02913592628008603  At 2023-09-08T20:53:11Z an instance was started in response to a difference between desired and actual capacity, increasing the capacity from 0 to 1.
2023-09-08 16:45:20,772 INFO 2023-09-08 20:53:02.396000+00:00 Launching a new EC2 instance.  Status Reason: Your requested instance type (g4dn.xlarge) is not supported in your requested Availability Zone (us-west-2d). Please retry your request by not specifying an Availability Zone or choosing us-west-2a, us-west-2b, us-west-2c. Launching EC2 instance failed.  At 2023-09-08T20:52:57Z a monitor alarm syv5-scaleout9660673C-QCPqDcbI5jDH in state ALARM triggered policy syv5-scaleoutaction240431FD-aBUBJsGARNvJ changing the desired capacity from 0 to 1.  At 2023-09-08T20:53:01Z an instance was started in response to a difference between desired and actual capacity, increasing the capacity from 0 to 1.
2023-09-08 16:45:21,022 INFO syv5:TRACK_QUEUE number of processed videos: 0
2023-09-08 16:45:41,170 INFO syv5:VIDEO_QUEUE number of videos to process: 3 
2023-09-08 16:45:41,170 INFO  number of videos in progress: 0
2023-09-08 16:45:41,230 INFO Found 1 jobs in the database with type ecs.
2023-09-08 16:45:41,230 INFO Monitoring 1 job
2023-09-08 16:45:41,230 INFO Creating report path /Users/dcline/Dropbox/code/deepsea-ai/deepsea_ai/reports if it does not exist.
2023-09-08 16:45:41,560 INFO 2023-09-08 22:56:48.260000+00:00 Terminating EC2 instance: i-0bc8cd84acb85d492  At 2023-09-08T22:56:48Z an instance was taken out of service in response to a difference between desired and actual capacity, shrinking the capacity from 1 to 0.  At 2023-09-08T22:56:48Z instance i-0bc8cd84acb85d492 was selected for termination.
2023-09-08 16:45:41,560 INFO 2023-09-08 22:38:10.250000+00:00 Could not scale to desired capacity because all remaining instances are protected from scale-in.  At 2023-09-08T22:38:00Z a monitor alarm syv5-scaleinCAF92544-Eg76B8L7SVaf in state ALARM triggered policy syv5-scaleinactionDA2EF43D-5osOM66YqDy8 changing the desired capacity from 1 to 0.  At 2023-09-08T22:38:10Z group reached equilibrium.
2023-09-08 16:45:41,560 INFO 2023-09-08 22:35:24.465000+00:00 Launching a new EC2 instance: i-0bc8cd84acb85d492  At 2023-09-08T22:35:20Z a monitor alarm syv5-scaleout9660673C-QCPqDcbI5jDH in state ALARM triggered policy syv5-scaleoutaction240431FD-aBUBJsGARNvJ changing the desired capacity from 0 to 1.  At 2023-09-08T22:35:22Z an instance was started in response to a difference between desired and actual capacity, increasing the capacity from 0 to 1.
2023-09-08 16:45:41,560 INFO 2023-09-08 22:33:38.488000+00:00 Terminating EC2 instance: i-0dff8b9c319d4c22f  At 2023-09-08T22:33:38Z an instance was taken out of service in response to a difference between desired and actual capacity, shrinking the capacity from 1 to 0.  At 2023-09-08T22:33:38Z instance i-0dff8b9c319d4c22f was selected for termination.
2023-09-08 16:45:41,561 INFO 2023-09-08 22:20:04.456000+00:00 Could not scale to desired capacity because all remaining instances are protected from scale-in.  At 2023-09-08T22:20:00Z a monitor alarm syv5-scaleinCAF92544-Eg76B8L7SVaf in state ALARM triggered policy syv5-scaleinactionDA2EF43D-5osOM66YqDy8 changing the desired capacity from 1 to 0.  At 2023-09-08T22:20:04Z group reached equilibrium.
2023-09-08 16:45:41,561 INFO 2023-09-08 22:05:06.532000+00:00 Launching a new EC2 instance: i-0dff8b9c319d4c22f  At 2023-09-08T22:04:57Z a monitor alarm syv5-scaleout9660673C-QCPqDcbI5jDH in state ALARM triggered policy syv5-scaleoutaction240431FD-aBUBJsGARNvJ changing the desired capacity from 0 to 1.  At 2023-09-08T22:05:04Z an instance was started in response to a difference between desired and actual capacity, increasing the capacity from 0 to 1.
2023-09-08 16:45:41,561 INFO 2023-09-08 22:04:43.311000+00:00 Terminating EC2 instance: i-02913592628008603  At 2023-09-08T22:04:43Z an instance was taken out of service in response to a difference between desired and actual capacity, shrinking the capacity from 1 to 0.  At 2023-09-08T22:04:43Z instance i-02913592628008603 was selected for termination.
2023-09-08 16:45:41,561 INFO 2023-09-08 22:04:32.562000+00:00 Could not scale to desired capacity because all remaining instances are protected from scale-in.  At 2023-09-08T22:04:27Z a monitor alarm TargetTracking-syv5-asgsyv5ASGE64A7676-GHkYbCg3kSe8-AlarmLow-c5cb7206-beda-4c43-b946-ca7e7c474014 in state ALARM triggered policy ECSManagedAutoScalingPolicy-cccced4a-2a9b-480d-99a9-9dc2ed44054e changing the desired capacity from 1 to 0.  At 2023-09-08T22:04:32Z group reached equilibrium.
2023-09-08 16:45:41,561 INFO 2023-09-08 20:53:13.542000+00:00 Launching a new EC2 instance: i-02913592628008603  At 2023-09-08T20:53:11Z an instance was started in response to a difference between desired and actual capacity, increasing the capacity from 0 to 1.
2023-09-08 16:45:41,561 INFO 2023-09-08 20:53:02.396000+00:00 Launching a new EC2 instance.  Status Reason: Your requested instance type (g4dn.xlarge) is not supported in your requested Availability Zone (us-west-2d). Please retry your request by not specifying an Availability Zone or choosing us-west-2a, us-west-2b, us-west-2c. Launching EC2 instance failed.  At 2023-09-08T20:52:57Z a monitor alarm syv5-scaleout9660673C-QCPqDcbI5jDH in state ALARM triggered policy syv5-scaleoutaction240431FD-aBUBJsGARNvJ changing the desired capacity from 0 to 1.  At 2023-09-08T20:53:01Z an instance was started in response to a difference between desired and actual capacity, increasing the capacity from 0 to 1.
2023-09-08 16:45:42,833 INFO syv5:TRACK_QUEUE number of processed videos: 0
2023-09-08 16:46:02,955 INFO syv5:VIDEO_QUEUE number of videos to process: 3 
2023-09-08 16:46:02,955 INFO  number of videos in progress: 0
2023-09-08 16:46:03,019 INFO Found 1 jobs in the database with type ecs.
2023-09-08 16:46:03,019 INFO Monitoring 1 job
2023-09-08 16:46:03,019 INFO Creating report path /Users/dcline/Dropbox/code/deepsea-ai/deepsea_ai/reports if it does not exist.
2023-09-08 16:46:03,281 INFO 2023-09-08 22:56:48.260000+00:00 Terminating EC2 instance: i-0bc8cd84acb85d492  At 2023-09-08T22:56:48Z an instance was taken out of service in response to a difference between desired and actual capacity, shrinking the capacity from 1 to 0.  At 2023-09-08T22:56:48Z instance i-0bc8cd84acb85d492 was selected for termination.
2023-09-08 16:46:03,281 INFO 2023-09-08 22:38:10.250000+00:00 Could not scale to desired capacity because all remaining instances are protected from scale-in.  At 2023-09-08T22:38:00Z a monitor alarm syv5-scaleinCAF92544-Eg76B8L7SVaf in state ALARM triggered policy syv5-scaleinactionDA2EF43D-5osOM66YqDy8 changing the desired capacity from 1 to 0.  At 2023-09-08T22:38:10Z group reached equilibrium.
2023-09-08 16:46:03,281 INFO 2023-09-08 22:35:24.465000+00:00 Launching a new EC2 instance: i-0bc8cd84acb85d492  At 2023-09-08T22:35:20Z a monitor alarm syv5-scaleout9660673C-QCPqDcbI5jDH in state ALARM triggered policy syv5-scaleoutaction240431FD-aBUBJsGARNvJ changing the desired capacity from 0 to 1.  At 2023-09-08T22:35:22Z an instance was started in response to a difference between desired and actual capacity, increasing the capacity from 0 to 1.
2023-09-08 16:46:03,281 INFO 2023-09-08 22:33:38.488000+00:00 Terminating EC2 instance: i-0dff8b9c319d4c22f  At 2023-09-08T22:33:38Z an instance was taken out of service in response to a difference between desired and actual capacity, shrinking the capacity from 1 to 0.  At 2023-09-08T22:33:38Z instance i-0dff8b9c319d4c22f was selected for termination.
2023-09-08 16:46:03,281 INFO 2023-09-08 22:20:04.456000+00:00 Could not scale to desired capacity because all remaining instances are protected from scale-in.  At 2023-09-08T22:20:00Z a monitor alarm syv5-scaleinCAF92544-Eg76B8L7SVaf in state ALARM triggered policy syv5-scaleinactionDA2EF43D-5osOM66YqDy8 changing the desired capacity from 1 to 0.  At 2023-09-08T22:20:04Z group reached equilibrium.
2023-09-08 16:46:03,281 INFO 2023-09-08 22:05:06.532000+00:00 Launching a new EC2 instance: i-0dff8b9c319d4c22f  At 2023-09-08T22:04:57Z a monitor alarm syv5-scaleout9660673C-QCPqDcbI5jDH in state ALARM triggered policy syv5-scaleoutaction240431FD-aBUBJsGARNvJ changing the desired capacity from 0 to 1.  At 2023-09-08T22:05:04Z an instance was started in response to a difference between desired and actual capacity, increasing the capacity from 0 to 1.
2023-09-08 16:46:03,281 INFO 2023-09-08 22:04:43.311000+00:00 Terminating EC2 instance: i-02913592628008603  At 2023-09-08T22:04:43Z an instance was taken out of service in response to a difference between desired and actual capacity, shrinking the capacity from 1 to 0.  At 2023-09-08T22:04:43Z instance i-02913592628008603 was selected for termination.
2023-09-08 16:46:03,281 INFO 2023-09-08 22:04:32.562000+00:00 Could not scale to desired capacity because all remaining instances are protected from scale-in.  At 2023-09-08T22:04:27Z a monitor alarm TargetTracking-syv5-asgsyv5ASGE64A7676-GHkYbCg3kSe8-AlarmLow-c5cb7206-beda-4c43-b946-ca7e7c474014 in state ALARM triggered policy ECSManagedAutoScalingPolicy-cccced4a-2a9b-480d-99a9-9dc2ed44054e changing the desired capacity from 1 to 0.  At 2023-09-08T22:04:32Z group reached equilibrium.
2023-09-08 16:46:03,281 INFO 2023-09-08 20:53:13.542000+00:00 Launching a new EC2 instance: i-02913592628008603  At 2023-09-08T20:53:11Z an instance was started in response to a difference between desired and actual capacity, increasing the capacity from 0 to 1.
2023-09-08 16:46:03,281 INFO 2023-09-08 20:53:02.396000+00:00 Launching a new EC2 instance.  Status Reason: Your requested instance type (g4dn.xlarge) is not supported in your requested Availability Zone (us-west-2d). Please retry your request by not specifying an Availability Zone or choosing us-west-2a, us-west-2b, us-west-2c. Launching EC2 instance failed.  At 2023-09-08T20:52:57Z a monitor alarm syv5-scaleout9660673C-QCPqDcbI5jDH in state ALARM triggered policy syv5-scaleoutaction240431FD-aBUBJsGARNvJ changing the desired capacity from 0 to 1.  At 2023-09-08T20:53:01Z an instance was started in response to a difference between desired and actual capacity, increasing the capacity from 0 to 1.
2023-09-08 16:46:03,506 INFO syv5:TRACK_QUEUE number of processed videos: 0
2023-09-08 16:46:23,646 INFO syv5:VIDEO_QUEUE number of videos to process: 3 
2023-09-08 16:46:23,647 INFO  number of videos in progress: 0
2023-09-08 16:46:23,717 INFO Found 1 jobs in the database with type ecs.
2023-09-08 16:46:23,717 INFO Monitoring 1 job
2023-09-08 16:46:23,717 INFO Creating report path /Users/dcline/Dropbox/code/deepsea-ai/deepsea_ai/reports if it does not exist.
2023-09-08 16:46:24,008 INFO 2023-09-08 22:56:48.260000+00:00 Terminating EC2 instance: i-0bc8cd84acb85d492  At 2023-09-08T22:56:48Z an instance was taken out of service in response to a difference between desired and actual capacity, shrinking the capacity from 1 to 0.  At 2023-09-08T22:56:48Z instance i-0bc8cd84acb85d492 was selected for termination.
2023-09-08 16:46:24,009 INFO 2023-09-08 22:38:10.250000+00:00 Could not scale to desired capacity because all remaining instances are protected from scale-in.  At 2023-09-08T22:38:00Z a monitor alarm syv5-scaleinCAF92544-Eg76B8L7SVaf in state ALARM triggered policy syv5-scaleinactionDA2EF43D-5osOM66YqDy8 changing the desired capacity from 1 to 0.  At 2023-09-08T22:38:10Z group reached equilibrium.
2023-09-08 16:46:24,009 INFO 2023-09-08 22:35:24.465000+00:00 Launching a new EC2 instance: i-0bc8cd84acb85d492  At 2023-09-08T22:35:20Z a monitor alarm syv5-scaleout9660673C-QCPqDcbI5jDH in state ALARM triggered policy syv5-scaleoutaction240431FD-aBUBJsGARNvJ changing the desired capacity from 0 to 1.  At 2023-09-08T22:35:22Z an instance was started in response to a difference between desired and actual capacity, increasing the capacity from 0 to 1.
2023-09-08 16:46:24,009 INFO 2023-09-08 22:33:38.488000+00:00 Terminating EC2 instance: i-0dff8b9c319d4c22f  At 2023-09-08T22:33:38Z an instance was taken out of service in response to a difference between desired and actual capacity, shrinking the capacity from 1 to 0.  At 2023-09-08T22:33:38Z instance i-0dff8b9c319d4c22f was selected for termination.
2023-09-08 16:46:24,009 INFO 2023-09-08 22:20:04.456000+00:00 Could not scale to desired capacity because all remaining instances are protected from scale-in.  At 2023-09-08T22:20:00Z a monitor alarm syv5-scaleinCAF92544-Eg76B8L7SVaf in state ALARM triggered policy syv5-scaleinactionDA2EF43D-5osOM66YqDy8 changing the desired capacity from 1 to 0.  At 2023-09-08T22:20:04Z group reached equilibrium.
2023-09-08 16:46:24,009 INFO 2023-09-08 22:05:06.532000+00:00 Launching a new EC2 instance: i-0dff8b9c319d4c22f  At 2023-09-08T22:04:57Z a monitor alarm syv5-scaleout9660673C-QCPqDcbI5jDH in state ALARM triggered policy syv5-scaleoutaction240431FD-aBUBJsGARNvJ changing the desired capacity from 0 to 1.  At 2023-09-08T22:05:04Z an instance was started in response to a difference between desired and actual capacity, increasing the capacity from 0 to 1.
2023-09-08 16:46:24,009 INFO 2023-09-08 22:04:43.311000+00:00 Terminating EC2 instance: i-02913592628008603  At 2023-09-08T22:04:43Z an instance was taken out of service in response to a difference between desired and actual capacity, shrinking the capacity from 1 to 0.  At 2023-09-08T22:04:43Z instance i-02913592628008603 was selected for termination.
2023-09-08 16:46:24,009 INFO 2023-09-08 22:04:32.562000+00:00 Could not scale to desired capacity because all remaining instances are protected from scale-in.  At 2023-09-08T22:04:27Z a monitor alarm TargetTracking-syv5-asgsyv5ASGE64A7676-GHkYbCg3kSe8-AlarmLow-c5cb7206-beda-4c43-b946-ca7e7c474014 in state ALARM triggered policy ECSManagedAutoScalingPolicy-cccced4a-2a9b-480d-99a9-9dc2ed44054e changing the desired capacity from 1 to 0.  At 2023-09-08T22:04:32Z group reached equilibrium.
2023-09-08 16:46:24,009 INFO 2023-09-08 20:53:13.542000+00:00 Launching a new EC2 instance: i-02913592628008603  At 2023-09-08T20:53:11Z an instance was started in response to a difference between desired and actual capacity, increasing the capacity from 0 to 1.
2023-09-08 16:46:24,009 INFO 2023-09-08 20:53:02.396000+00:00 Launching a new EC2 instance.  Status Reason: Your requested instance type (g4dn.xlarge) is not supported in your requested Availability Zone (us-west-2d). Please retry your request by not specifying an Availability Zone or choosing us-west-2a, us-west-2b, us-west-2c. Launching EC2 instance failed.  At 2023-09-08T20:52:57Z a monitor alarm syv5-scaleout9660673C-QCPqDcbI5jDH in state ALARM triggered policy syv5-scaleoutaction240431FD-aBUBJsGARNvJ changing the desired capacity from 0 to 1.  At 2023-09-08T20:53:01Z an instance was started in response to a difference between desired and actual capacity, increasing the capacity from 0 to 1.
2023-09-08 16:46:25,296 INFO syv5:TRACK_QUEUE number of processed videos: 0
2023-09-08 16:46:45,569 INFO syv5:VIDEO_QUEUE number of videos to process: 3 
2023-09-08 16:46:45,570 INFO  number of videos in progress: 0
2023-09-08 16:46:45,642 INFO Found 1 jobs in the database with type ecs.
2023-09-08 16:46:45,642 INFO Monitoring 1 job
2023-09-08 16:46:45,642 INFO Creating report path /Users/dcline/Dropbox/code/deepsea-ai/deepsea_ai/reports if it does not exist.
2023-09-08 16:46:46,131 INFO 2023-09-08 22:56:48.260000+00:00 Terminating EC2 instance: i-0bc8cd84acb85d492  At 2023-09-08T22:56:48Z an instance was taken out of service in response to a difference between desired and actual capacity, shrinking the capacity from 1 to 0.  At 2023-09-08T22:56:48Z instance i-0bc8cd84acb85d492 was selected for termination.
2023-09-08 16:46:46,131 INFO 2023-09-08 22:38:10.250000+00:00 Could not scale to desired capacity because all remaining instances are protected from scale-in.  At 2023-09-08T22:38:00Z a monitor alarm syv5-scaleinCAF92544-Eg76B8L7SVaf in state ALARM triggered policy syv5-scaleinactionDA2EF43D-5osOM66YqDy8 changing the desired capacity from 1 to 0.  At 2023-09-08T22:38:10Z group reached equilibrium.
2023-09-08 16:46:46,131 INFO 2023-09-08 22:35:24.465000+00:00 Launching a new EC2 instance: i-0bc8cd84acb85d492  At 2023-09-08T22:35:20Z a monitor alarm syv5-scaleout9660673C-QCPqDcbI5jDH in state ALARM triggered policy syv5-scaleoutaction240431FD-aBUBJsGARNvJ changing the desired capacity from 0 to 1.  At 2023-09-08T22:35:22Z an instance was started in response to a difference between desired and actual capacity, increasing the capacity from 0 to 1.
2023-09-08 16:46:46,131 INFO 2023-09-08 22:33:38.488000+00:00 Terminating EC2 instance: i-0dff8b9c319d4c22f  At 2023-09-08T22:33:38Z an instance was taken out of service in response to a difference between desired and actual capacity, shrinking the capacity from 1 to 0.  At 2023-09-08T22:33:38Z instance i-0dff8b9c319d4c22f was selected for termination.
2023-09-08 16:46:46,131 INFO 2023-09-08 22:20:04.456000+00:00 Could not scale to desired capacity because all remaining instances are protected from scale-in.  At 2023-09-08T22:20:00Z a monitor alarm syv5-scaleinCAF92544-Eg76B8L7SVaf in state ALARM triggered policy syv5-scaleinactionDA2EF43D-5osOM66YqDy8 changing the desired capacity from 1 to 0.  At 2023-09-08T22:20:04Z group reached equilibrium.
2023-09-08 16:46:46,131 INFO 2023-09-08 22:05:06.532000+00:00 Launching a new EC2 instance: i-0dff8b9c319d4c22f  At 2023-09-08T22:04:57Z a monitor alarm syv5-scaleout9660673C-QCPqDcbI5jDH in state ALARM triggered policy syv5-scaleoutaction240431FD-aBUBJsGARNvJ changing the desired capacity from 0 to 1.  At 2023-09-08T22:05:04Z an instance was started in response to a difference between desired and actual capacity, increasing the capacity from 0 to 1.
2023-09-08 16:46:46,131 INFO 2023-09-08 22:04:43.311000+00:00 Terminating EC2 instance: i-02913592628008603  At 2023-09-08T22:04:43Z an instance was taken out of service in response to a difference between desired and actual capacity, shrinking the capacity from 1 to 0.  At 2023-09-08T22:04:43Z instance i-02913592628008603 was selected for termination.
2023-09-08 16:46:46,131 INFO 2023-09-08 22:04:32.562000+00:00 Could not scale to desired capacity because all remaining instances are protected from scale-in.  At 2023-09-08T22:04:27Z a monitor alarm TargetTracking-syv5-asgsyv5ASGE64A7676-GHkYbCg3kSe8-AlarmLow-c5cb7206-beda-4c43-b946-ca7e7c474014 in state ALARM triggered policy ECSManagedAutoScalingPolicy-cccced4a-2a9b-480d-99a9-9dc2ed44054e changing the desired capacity from 1 to 0.  At 2023-09-08T22:04:32Z group reached equilibrium.
2023-09-08 16:46:46,131 INFO 2023-09-08 20:53:13.542000+00:00 Launching a new EC2 instance: i-02913592628008603  At 2023-09-08T20:53:11Z an instance was started in response to a difference between desired and actual capacity, increasing the capacity from 0 to 1.
2023-09-08 16:46:46,131 INFO 2023-09-08 20:53:02.396000+00:00 Launching a new EC2 instance.  Status Reason: Your requested instance type (g4dn.xlarge) is not supported in your requested Availability Zone (us-west-2d). Please retry your request by not specifying an Availability Zone or choosing us-west-2a, us-west-2b, us-west-2c. Launching EC2 instance failed.  At 2023-09-08T20:52:57Z a monitor alarm syv5-scaleout9660673C-QCPqDcbI5jDH in state ALARM triggered policy syv5-scaleoutaction240431FD-aBUBJsGARNvJ changing the desired capacity from 0 to 1.  At 2023-09-08T20:53:01Z an instance was started in response to a difference between desired and actual capacity, increasing the capacity from 0 to 1.
2023-09-08 16:46:46,374 INFO syv5:TRACK_QUEUE number of processed videos: 0
2023-09-08 16:47:06,496 INFO syv5:VIDEO_QUEUE number of videos to process: 3 
2023-09-08 16:47:06,497 INFO  number of videos in progress: 0
2023-09-08 16:47:06,557 INFO Found 1 jobs in the database with type ecs.
2023-09-08 16:47:06,557 INFO Monitoring 1 job
2023-09-08 16:47:06,557 INFO Creating report path /Users/dcline/Dropbox/code/deepsea-ai/deepsea_ai/reports if it does not exist.
2023-09-08 16:47:06,905 INFO 2023-09-08 22:56:48.260000+00:00 Terminating EC2 instance: i-0bc8cd84acb85d492  At 2023-09-08T22:56:48Z an instance was taken out of service in response to a difference between desired and actual capacity, shrinking the capacity from 1 to 0.  At 2023-09-08T22:56:48Z instance i-0bc8cd84acb85d492 was selected for termination.
2023-09-08 16:47:06,905 INFO 2023-09-08 22:38:10.250000+00:00 Could not scale to desired capacity because all remaining instances are protected from scale-in.  At 2023-09-08T22:38:00Z a monitor alarm syv5-scaleinCAF92544-Eg76B8L7SVaf in state ALARM triggered policy syv5-scaleinactionDA2EF43D-5osOM66YqDy8 changing the desired capacity from 1 to 0.  At 2023-09-08T22:38:10Z group reached equilibrium.
2023-09-08 16:47:06,905 INFO 2023-09-08 22:35:24.465000+00:00 Launching a new EC2 instance: i-0bc8cd84acb85d492  At 2023-09-08T22:35:20Z a monitor alarm syv5-scaleout9660673C-QCPqDcbI5jDH in state ALARM triggered policy syv5-scaleoutaction240431FD-aBUBJsGARNvJ changing the desired capacity from 0 to 1.  At 2023-09-08T22:35:22Z an instance was started in response to a difference between desired and actual capacity, increasing the capacity from 0 to 1.
2023-09-08 16:47:06,905 INFO 2023-09-08 22:33:38.488000+00:00 Terminating EC2 instance: i-0dff8b9c319d4c22f  At 2023-09-08T22:33:38Z an instance was taken out of service in response to a difference between desired and actual capacity, shrinking the capacity from 1 to 0.  At 2023-09-08T22:33:38Z instance i-0dff8b9c319d4c22f was selected for termination.
2023-09-08 16:47:06,905 INFO 2023-09-08 22:20:04.456000+00:00 Could not scale to desired capacity because all remaining instances are protected from scale-in.  At 2023-09-08T22:20:00Z a monitor alarm syv5-scaleinCAF92544-Eg76B8L7SVaf in state ALARM triggered policy syv5-scaleinactionDA2EF43D-5osOM66YqDy8 changing the desired capacity from 1 to 0.  At 2023-09-08T22:20:04Z group reached equilibrium.
2023-09-08 16:47:06,905 INFO 2023-09-08 22:05:06.532000+00:00 Launching a new EC2 instance: i-0dff8b9c319d4c22f  At 2023-09-08T22:04:57Z a monitor alarm syv5-scaleout9660673C-QCPqDcbI5jDH in state ALARM triggered policy syv5-scaleoutaction240431FD-aBUBJsGARNvJ changing the desired capacity from 0 to 1.  At 2023-09-08T22:05:04Z an instance was started in response to a difference between desired and actual capacity, increasing the capacity from 0 to 1.
2023-09-08 16:47:06,905 INFO 2023-09-08 22:04:43.311000+00:00 Terminating EC2 instance: i-02913592628008603  At 2023-09-08T22:04:43Z an instance was taken out of service in response to a difference between desired and actual capacity, shrinking the capacity from 1 to 0.  At 2023-09-08T22:04:43Z instance i-02913592628008603 was selected for termination.
2023-09-08 16:47:06,905 INFO 2023-09-08 22:04:32.562000+00:00 Could not scale to desired capacity because all remaining instances are protected from scale-in.  At 2023-09-08T22:04:27Z a monitor alarm TargetTracking-syv5-asgsyv5ASGE64A7676-GHkYbCg3kSe8-AlarmLow-c5cb7206-beda-4c43-b946-ca7e7c474014 in state ALARM triggered policy ECSManagedAutoScalingPolicy-cccced4a-2a9b-480d-99a9-9dc2ed44054e changing the desired capacity from 1 to 0.  At 2023-09-08T22:04:32Z group reached equilibrium.
2023-09-08 16:47:06,905 INFO 2023-09-08 20:53:13.542000+00:00 Launching a new EC2 instance: i-02913592628008603  At 2023-09-08T20:53:11Z an instance was started in response to a difference between desired and actual capacity, increasing the capacity from 0 to 1.
2023-09-08 16:47:06,905 INFO 2023-09-08 20:53:02.396000+00:00 Launching a new EC2 instance.  Status Reason: Your requested instance type (g4dn.xlarge) is not supported in your requested Availability Zone (us-west-2d). Please retry your request by not specifying an Availability Zone or choosing us-west-2a, us-west-2b, us-west-2c. Launching EC2 instance failed.  At 2023-09-08T20:52:57Z a monitor alarm syv5-scaleout9660673C-QCPqDcbI5jDH in state ALARM triggered policy syv5-scaleoutaction240431FD-aBUBJsGARNvJ changing the desired capacity from 0 to 1.  At 2023-09-08T20:53:01Z an instance was started in response to a difference between desired and actual capacity, increasing the capacity from 0 to 1.
2023-09-08 16:47:07,116 INFO syv5:TRACK_QUEUE number of processed videos: 0
2023-09-08 16:47:27,258 INFO syv5:VIDEO_QUEUE number of videos to process: 3 
2023-09-08 16:47:27,258 INFO  number of videos in progress: 0
2023-09-08 16:47:27,323 INFO Found 1 jobs in the database with type ecs.
2023-09-08 16:47:27,323 INFO Monitoring 1 job
2023-09-08 16:47:27,324 INFO Creating report path /Users/dcline/Dropbox/code/deepsea-ai/deepsea_ai/reports if it does not exist.
2023-09-08 16:47:27,618 INFO 2023-09-08 22:56:48.260000+00:00 Terminating EC2 instance: i-0bc8cd84acb85d492  At 2023-09-08T22:56:48Z an instance was taken out of service in response to a difference between desired and actual capacity, shrinking the capacity from 1 to 0.  At 2023-09-08T22:56:48Z instance i-0bc8cd84acb85d492 was selected for termination.
2023-09-08 16:47:27,618 INFO 2023-09-08 22:38:10.250000+00:00 Could not scale to desired capacity because all remaining instances are protected from scale-in.  At 2023-09-08T22:38:00Z a monitor alarm syv5-scaleinCAF92544-Eg76B8L7SVaf in state ALARM triggered policy syv5-scaleinactionDA2EF43D-5osOM66YqDy8 changing the desired capacity from 1 to 0.  At 2023-09-08T22:38:10Z group reached equilibrium.
2023-09-08 16:47:27,618 INFO 2023-09-08 22:35:24.465000+00:00 Launching a new EC2 instance: i-0bc8cd84acb85d492  At 2023-09-08T22:35:20Z a monitor alarm syv5-scaleout9660673C-QCPqDcbI5jDH in state ALARM triggered policy syv5-scaleoutaction240431FD-aBUBJsGARNvJ changing the desired capacity from 0 to 1.  At 2023-09-08T22:35:22Z an instance was started in response to a difference between desired and actual capacity, increasing the capacity from 0 to 1.
2023-09-08 16:47:27,618 INFO 2023-09-08 22:33:38.488000+00:00 Terminating EC2 instance: i-0dff8b9c319d4c22f  At 2023-09-08T22:33:38Z an instance was taken out of service in response to a difference between desired and actual capacity, shrinking the capacity from 1 to 0.  At 2023-09-08T22:33:38Z instance i-0dff8b9c319d4c22f was selected for termination.
2023-09-08 16:47:27,618 INFO 2023-09-08 22:20:04.456000+00:00 Could not scale to desired capacity because all remaining instances are protected from scale-in.  At 2023-09-08T22:20:00Z a monitor alarm syv5-scaleinCAF92544-Eg76B8L7SVaf in state ALARM triggered policy syv5-scaleinactionDA2EF43D-5osOM66YqDy8 changing the desired capacity from 1 to 0.  At 2023-09-08T22:20:04Z group reached equilibrium.
2023-09-08 16:47:27,618 INFO 2023-09-08 22:05:06.532000+00:00 Launching a new EC2 instance: i-0dff8b9c319d4c22f  At 2023-09-08T22:04:57Z a monitor alarm syv5-scaleout9660673C-QCPqDcbI5jDH in state ALARM triggered policy syv5-scaleoutaction240431FD-aBUBJsGARNvJ changing the desired capacity from 0 to 1.  At 2023-09-08T22:05:04Z an instance was started in response to a difference between desired and actual capacity, increasing the capacity from 0 to 1.
2023-09-08 16:47:27,618 INFO 2023-09-08 22:04:43.311000+00:00 Terminating EC2 instance: i-02913592628008603  At 2023-09-08T22:04:43Z an instance was taken out of service in response to a difference between desired and actual capacity, shrinking the capacity from 1 to 0.  At 2023-09-08T22:04:43Z instance i-02913592628008603 was selected for termination.
2023-09-08 16:47:27,618 INFO 2023-09-08 22:04:32.562000+00:00 Could not scale to desired capacity because all remaining instances are protected from scale-in.  At 2023-09-08T22:04:27Z a monitor alarm TargetTracking-syv5-asgsyv5ASGE64A7676-GHkYbCg3kSe8-AlarmLow-c5cb7206-beda-4c43-b946-ca7e7c474014 in state ALARM triggered policy ECSManagedAutoScalingPolicy-cccced4a-2a9b-480d-99a9-9dc2ed44054e changing the desired capacity from 1 to 0.  At 2023-09-08T22:04:32Z group reached equilibrium.
2023-09-08 16:47:27,618 INFO 2023-09-08 20:53:13.542000+00:00 Launching a new EC2 instance: i-02913592628008603  At 2023-09-08T20:53:11Z an instance was started in response to a difference between desired and actual capacity, increasing the capacity from 0 to 1.
2023-09-08 16:47:27,618 INFO 2023-09-08 20:53:02.396000+00:00 Launching a new EC2 instance.  Status Reason: Your requested instance type (g4dn.xlarge) is not supported in your requested Availability Zone (us-west-2d). Please retry your request by not specifying an Availability Zone or choosing us-west-2a, us-west-2b, us-west-2c. Launching EC2 instance failed.  At 2023-09-08T20:52:57Z a monitor alarm syv5-scaleout9660673C-QCPqDcbI5jDH in state ALARM triggered policy syv5-scaleoutaction240431FD-aBUBJsGARNvJ changing the desired capacity from 0 to 1.  At 2023-09-08T20:53:01Z an instance was started in response to a difference between desired and actual capacity, increasing the capacity from 0 to 1.
2023-09-08 16:47:27,865 INFO syv5:TRACK_QUEUE number of processed videos: 0
2023-09-08 16:47:48,026 INFO syv5:VIDEO_QUEUE number of videos to process: 3 
2023-09-08 16:47:48,027 INFO  number of videos in progress: 0
2023-09-08 16:47:48,088 ERROR Job Pycharm 1sec default args not found in database.
2023-09-08 16:47:48,094 INFO Found 0 jobs in the database with type ecs.
2023-09-08 16:47:48,094 INFO No jobs found in the database with type ecs. Checking again in 30 seconds. Ctrl-C to stop.
2023-09-08 16:48:18,101 INFO Found 0 jobs in the database with type ecs.
2023-09-08 16:48:18,101 INFO No jobs found in the database with type ecs. Checking again in 30 seconds. Ctrl-C to stop.
2023-09-08 16:48:48,108 INFO Found 0 jobs in the database with type ecs.
2023-09-08 16:48:48,108 INFO No jobs found in the database with type ecs. Checking again in 30 seconds. Ctrl-C to stop.
2023-09-08 16:49:18,113 INFO Found 0 jobs in the database with type ecs.
2023-09-08 16:49:18,113 INFO No jobs found in the database with type ecs. Checking again in 30 seconds. Ctrl-C to stop.
2023-09-08 16:49:48,118 INFO Found 0 jobs in the database with type ecs.
2023-09-08 16:49:48,118 INFO No jobs found in the database with type ecs. Checking again in 30 seconds. Ctrl-C to stop.
