2023-09-06 16:24:23,988 INFO Logging to logs/dsai_ecsprocess_20230906.log
2023-09-06 16:24:23,989 INFO =============== Config file /Users/dcline/Dropbox/code/deepsea-ai/deepsea_ai/config/config.ini =================
2023-09-06 16:24:23,989 INFO [docker]
2023-09-06 16:24:23,989 INFO yolov5_container = mbari/deepsea-yolov5
2023-09-06 16:24:23,989 INFO strongsort_container = mbari/strongsort-yolov5:b2a511e
2023-09-06 16:24:23,989 INFO 
2023-09-06 16:24:23,990 INFO [aws]
2023-09-06 16:24:23,990 INFO account_id = 168552337187
2023-09-06 16:24:23,990 INFO sagemaker_arn = arn:aws:iam::168552337187:role/DeepSeaAI
2023-09-06 16:24:23,990 INFO model = s3://deepsea-ai-548531997526-models/yolov5x_mbay_benthic_model.tar.gz
2023-09-06 16:24:23,990 INFO track_config = s3://deepsea-ai-168552337187-track-conf
2023-09-06 16:24:23,990 INFO videos = s3://deepsea-ai-168552337187-videos
2023-09-06 16:24:23,990 INFO models = s3://deepsea-ai-168552337187-models
2023-09-06 16:24:23,990 INFO tracks = s3://deepsea-ai-168552337187-tracks
2023-09-06 16:24:23,990 INFO 
2023-09-06 16:24:23,990 INFO [aws_public]
2023-09-06 16:24:23,990 INFO model = s3://902005-public/models/yolov5x_mbay_benthic_model.tar.gz
2023-09-06 16:24:23,990 INFO track_config = s3://902005-public/models/track-config/strong_sort_benthic.yaml
2023-09-06 16:24:23,990 INFO video_ex1 = s3://902005-public/video/1sec/V4361_20211006T162656Z_h265_1sec.mp4
2023-09-06 16:24:23,990 INFO video_ex2 = s3://902005-public/video/1sec/V4361_20211006T163256Z_h265_1sec.mp4
2023-09-06 16:24:23,990 INFO video_ex3 = s3://902005-public/video/1sec/V4361_20211006T163856Z_h265_1sec.mp4
2023-09-06 16:24:23,990 INFO 
2023-09-06 16:24:23,990 INFO [database]
2023-09-06 16:24:23,990 INFO site = http://localhost:4000
2023-09-06 16:24:23,990 INFO gql = %(site)s/graphql
2023-09-06 16:24:23,990 INFO 
2023-09-06 16:24:23,990 INFO [tags]
2023-09-06 16:24:23,990 INFO organization = mbari
2023-09-06 16:24:23,990 INFO project_number = NA
2023-09-06 16:24:23,990 INFO stage = test
2023-09-06 16:24:23,990 INFO application = detection
2023-09-06 16:24:23,990 INFO 
2023-09-06 16:24:23,990 INFO Initializing job cache database in /Users/dcline/Dropbox/code/deepsea-ai/deepsea_ai/config as sqlite_job_cache_168552337187.db
2023-09-06 16:24:25,114 INFO No video file exclusions specified
2023-09-06 16:24:25,115 INFO Found 3 videos to process
2023-09-06 16:24:25,503 INFO Checking tag {'Key': 'mbari:project-number', 'Value': 'NA'}
2023-09-06 16:24:25,504 INFO Checking tag {'Key': 'mbari:owner', 'Value': 'dcline'}
2023-09-06 16:24:25,504 INFO Checking tag {'Key': 'mbari:description', 'Value': 'Video uploaded from /Users/dcline/Dropbox/code/deepsea-ai/tests/data/ by user dcline '}
2023-09-06 16:24:25,504 INFO Checking tag {'Key': 'mbari:stage', 'Value': 'test'}
2023-09-06 16:24:25,504 INFO Checking tag {'Key': 'mbari:application', 'Value': 'detection'}
2023-09-06 16:24:25,504 INFO Checking tag {'Key': 'mbari:deletion-date', 'Value': '20231205T232425Z'}
2023-09-06 16:24:25,504 INFO Checking tag {'Key': 'mbari:created-by', 'Value': 'dcline'}
2023-09-06 16:24:25,636 INFO Cleaning s3://yv5x-6f35769-videod6cc678b-1vv2flmubd0f/dcline/Dropbox/code/deepsea-ai/tests/data...
2023-09-06 16:24:25,890 INFO Checking /Users/dcline/Dropbox/code/deepsea-ai/tests/data/V4361_20211006T163256Z_h265_1sec.mp4 in s3://yv5x-6f35769-videod6cc678b-1vv2flmubd0f/dcline/Dropbox/code/deepsea-ai/tests/data/V4361_20211006T163256Z_h265_1sec.mp4...
2023-09-06 16:24:26,110 INFO Uploading /Users/dcline/Dropbox/code/deepsea-ai/tests/data/V4361_20211006T163256Z_h265_1sec.mp4 to s3://yv5x-6f35769-videod6cc678b-1vv2flmubd0f/dcline/Dropbox/code/deepsea-ai/tests/data/V4361_20211006T163256Z_h265_1sec.mp4...
2023-09-06 16:24:28,017 INFO Tagging /Users/dcline/Dropbox/code/deepsea-ai/tests/data/V4361_20211006T163256Z_h265_1sec.mp4 with [{'Key': 'mbari:project-number', 'Value': 'NA'}, {'Key': 'mbari:owner', 'Value': 'dcline'}, {'Key': 'mbari:description', 'Value': 'Video uploaded from /Users/dcline/Dropbox/code/deepsea-ai/tests/data/ by user dcline '}, {'Key': 'mbari:stage', 'Value': 'test'}, {'Key': 'mbari:application', 'Value': 'detection'}, {'Key': 'mbari:deletion-date', 'Value': '20231205T232425Z'}, {'Key': 'mbari:created-by', 'Value': 'dcline'}]...
2023-09-06 16:24:28,496 INFO Message queued to yv5x-6f35769-videoC740E53C-HbKNRCgq1sHf.fifo. MessageId: 298ea1a9-6910-4408-a5eb-c35620c01440
2023-09-06 16:24:28,507 INFO Added job yv5x-6f35769-Pycharm test yolov5x-mbay-benthic model from ecsprocess with args-20230906T232424Z running on yv5x-6f35769 to cache.
2023-09-06 16:24:28,507 INFO Updating media V4361_20211006T163256Z_h265_1sec.mp4 to RUNNING
2023-09-06 16:24:28,510 INFO A new media V4361_20211006T163256Z_h265_1sec.mp4 was added to job yv5x-6f35769-Pycharm test yolov5x-mbay-benthic model from ecsprocess with args-20230906T232424Z {'message_id': '298ea1a9-6910-4408-a5eb-c35620c01440'}
2023-09-06 16:24:28,524 INFO Cleaning s3://yv5x-6f35769-videod6cc678b-1vv2flmubd0f/dcline/Dropbox/code/deepsea-ai/tests/data...
2023-09-06 16:24:28,822 INFO Deleting dcline/Dropbox/code/deepsea-ai/tests/data/V4361_20211006T163256Z_h265_1sec.mp4 from yv5x-6f35769-videod6cc678b-1vv2flmubd0f
2023-09-06 16:24:28,884 INFO Checking /Users/dcline/Dropbox/code/deepsea-ai/tests/data/V4361_20211006T162656Z_h265_1sec.mp4 in s3://yv5x-6f35769-videod6cc678b-1vv2flmubd0f/dcline/Dropbox/code/deepsea-ai/tests/data/V4361_20211006T162656Z_h265_1sec.mp4...
2023-09-06 16:24:29,130 INFO Uploading /Users/dcline/Dropbox/code/deepsea-ai/tests/data/V4361_20211006T162656Z_h265_1sec.mp4 to s3://yv5x-6f35769-videod6cc678b-1vv2flmubd0f/dcline/Dropbox/code/deepsea-ai/tests/data/V4361_20211006T162656Z_h265_1sec.mp4...
2023-09-06 16:24:29,903 INFO Tagging /Users/dcline/Dropbox/code/deepsea-ai/tests/data/V4361_20211006T162656Z_h265_1sec.mp4 with [{'Key': 'mbari:project-number', 'Value': 'NA'}, {'Key': 'mbari:owner', 'Value': 'dcline'}, {'Key': 'mbari:description', 'Value': 'Video uploaded from /Users/dcline/Dropbox/code/deepsea-ai/tests/data/ by user dcline '}, {'Key': 'mbari:stage', 'Value': 'test'}, {'Key': 'mbari:application', 'Value': 'detection'}, {'Key': 'mbari:deletion-date', 'Value': '20231205T232425Z'}, {'Key': 'mbari:created-by', 'Value': 'dcline'}]...
2023-09-06 16:24:30,305 INFO Message queued to yv5x-6f35769-videoC740E53C-HbKNRCgq1sHf.fifo. MessageId: 69309910-6b32-42a8-b282-383a2c7e6fd5
2023-09-06 16:24:30,309 INFO Updating media V4361_20211006T162656Z_h265_1sec.mp4 to RUNNING
2023-09-06 16:24:30,312 INFO Found 0 media matching V4361_20211006T162656Z_h265_1sec.mp4 and message_id 69309910-6b32-42a8-b282-383a2c7e6fd5 in job yv5x-6f35769-Pycharm test yolov5x-mbay-benthic model from ecsprocess with args-20230906T232424Z
2023-09-06 16:24:30,312 INFO Found 0 media matching V4361_20211006T162656Z_h265_1sec.mp4 in job yv5x-6f35769-Pycharm test yolov5x-mbay-benthic model from ecsprocess with args-20230906T232424Z
2023-09-06 16:24:30,313 INFO A new media V4361_20211006T162656Z_h265_1sec.mp4 was added to job yv5x-6f35769-Pycharm test yolov5x-mbay-benthic model from ecsprocess with args-20230906T232424Z {'message_id': '69309910-6b32-42a8-b282-383a2c7e6fd5'}
2023-09-06 16:24:30,327 INFO Cleaning s3://yv5x-6f35769-videod6cc678b-1vv2flmubd0f/dcline/Dropbox/code/deepsea-ai/tests/data...
2023-09-06 16:24:30,544 INFO Deleting dcline/Dropbox/code/deepsea-ai/tests/data/V4361_20211006T162656Z_h265_1sec.mp4 from yv5x-6f35769-videod6cc678b-1vv2flmubd0f
2023-09-06 16:24:30,883 INFO Checking /Users/dcline/Dropbox/code/deepsea-ai/tests/data/V4361_20211006T163856Z_h265_1sec.mp4 in s3://yv5x-6f35769-videod6cc678b-1vv2flmubd0f/dcline/Dropbox/code/deepsea-ai/tests/data/V4361_20211006T163856Z_h265_1sec.mp4...
2023-09-06 16:24:31,369 INFO Uploading /Users/dcline/Dropbox/code/deepsea-ai/tests/data/V4361_20211006T163856Z_h265_1sec.mp4 to s3://yv5x-6f35769-videod6cc678b-1vv2flmubd0f/dcline/Dropbox/code/deepsea-ai/tests/data/V4361_20211006T163856Z_h265_1sec.mp4...
2023-09-06 16:24:33,563 INFO Tagging /Users/dcline/Dropbox/code/deepsea-ai/tests/data/V4361_20211006T163856Z_h265_1sec.mp4 with [{'Key': 'mbari:project-number', 'Value': 'NA'}, {'Key': 'mbari:owner', 'Value': 'dcline'}, {'Key': 'mbari:description', 'Value': 'Video uploaded from /Users/dcline/Dropbox/code/deepsea-ai/tests/data/ by user dcline '}, {'Key': 'mbari:stage', 'Value': 'test'}, {'Key': 'mbari:application', 'Value': 'detection'}, {'Key': 'mbari:deletion-date', 'Value': '20231205T232425Z'}, {'Key': 'mbari:created-by', 'Value': 'dcline'}]...
2023-09-06 16:24:34,118 INFO Message queued to yv5x-6f35769-videoC740E53C-HbKNRCgq1sHf.fifo. MessageId: 7151cc13-395f-42c4-add3-f4ae3384919a
2023-09-06 16:24:34,119 INFO Updating media V4361_20211006T163856Z_h265_1sec.mp4 to RUNNING
2023-09-06 16:24:34,120 INFO Found 0 media matching V4361_20211006T163856Z_h265_1sec.mp4 and message_id 7151cc13-395f-42c4-add3-f4ae3384919a in job yv5x-6f35769-Pycharm test yolov5x-mbay-benthic model from ecsprocess with args-20230906T232424Z
2023-09-06 16:24:34,120 INFO Found 0 media matching V4361_20211006T163856Z_h265_1sec.mp4 in job yv5x-6f35769-Pycharm test yolov5x-mbay-benthic model from ecsprocess with args-20230906T232424Z
2023-09-06 16:24:34,120 INFO A new media V4361_20211006T163856Z_h265_1sec.mp4 was added to job yv5x-6f35769-Pycharm test yolov5x-mbay-benthic model from ecsprocess with args-20230906T232424Z {'message_id': '7151cc13-395f-42c4-add3-f4ae3384919a'}
2023-09-06 16:24:34,122 INFO ==== Submitted 3 videos to yv5x-6f35769 for processing =====
