2023-08-31 20:43:15,660 INFO Logging to logs/dsai_process_20230901.log
2023-08-31 20:43:15,661 INFO =============== Config file /Users/dcline/Dropbox/code/deepsea-ai/deepsea_ai/config/config.ini =================
2023-08-31 20:43:15,661 INFO [docker]
2023-08-31 20:43:15,661 INFO yolov5_container = mbari/deepsea-yolov5:1.1.2
2023-08-31 20:43:15,661 INFO strongsort_container = mbari/strongsort-yolov5:b2a511e
2023-08-31 20:43:15,661 INFO 
2023-08-31 20:43:15,661 INFO [aws]
2023-08-31 20:43:15,661 INFO account_id = 548531997526
2023-08-31 20:43:15,661 INFO sagemaker_arn = arn:aws:iam::548531997526:role/DeepSeaAI
2023-08-31 20:43:15,661 INFO model = s3://deepsea-ai-548531997526-models/yolov5x_mbay_benthic_model.tar.gz
2023-08-31 20:43:15,661 INFO track_config = s3://deepsea-ai-548531997526-track-conf/strong_sort_benthic.yaml
2023-08-31 20:43:15,661 INFO videos = s3://deepsea-ai-548531997526-videos
2023-08-31 20:43:15,661 INFO models = s3://deepsea-ai-548531997526-models
2023-08-31 20:43:15,661 INFO tracks = s3://deepsea-ai-548531997526-tracks
2023-08-31 20:43:15,661 INFO 
2023-08-31 20:43:15,661 INFO [aws_public]
2023-08-31 20:43:15,661 INFO model = s3://902005-public/models/yolov5x_mbay_benthic_model.tar.gz
2023-08-31 20:43:15,662 INFO track_config = s3://902005-public/models/track-config/strong_sort_benthic.yaml
2023-08-31 20:43:15,662 INFO video_ex1 = s3://902005-public/video/1sec/V4361_20211006T162656Z_h265_1sec.mp4
2023-08-31 20:43:15,662 INFO video_ex2 = s3://902005-public/video/1sec/V4361_20211006T163256Z_h265_1sec.mp4
2023-08-31 20:43:15,662 INFO video_ex3 = s3://902005-public/video/1sec/V4361_20211006T163856Z_h265_1sec.mp4
2023-08-31 20:43:15,662 INFO 
2023-08-31 20:43:15,662 INFO [database]
2023-08-31 20:43:15,662 INFO site = http://localhost:4000
2023-08-31 20:43:15,662 INFO gql = %(site)s/graphql
2023-08-31 20:43:15,662 INFO 
2023-08-31 20:43:15,662 INFO [tags]
2023-08-31 20:43:15,662 INFO organization = mbari
2023-08-31 20:43:15,662 INFO project_number = NA
2023-08-31 20:43:15,662 INFO stage = test
2023-08-31 20:43:15,662 INFO application = detection
2023-08-31 20:43:15,662 INFO 
2023-08-31 20:43:15,662 INFO Initializing job cache database in /Users/dcline/Dropbox/code/deepsea-ai/deepsea_ai/config as sqlite_job_cache_548531997526.db
2023-08-31 20:43:16,036 INFO Checking tag {'Key': 'mbari:project-number', 'Value': 'NA'}
2023-08-31 20:43:16,036 INFO Checking tag {'Key': 'mbari:owner', 'Value': 'dcline'}
2023-08-31 20:43:16,036 INFO Checking tag {'Key': 'mbari:description', 'Value': 'Pycharm Ventana V4361_20211006T163256Z_h265_1sec with 49'}
2023-08-31 20:43:16,036 INFO Checking tag {'Key': 'mbari:stage', 'Value': 'test'}
2023-08-31 20:43:16,036 INFO Checking tag {'Key': 'mbari:application', 'Value': 'detection'}
2023-08-31 20:43:16,036 INFO Checking tag {'Key': 'mbari:deletion-date', 'Value': '20231130T034316Z'}
2023-08-31 20:43:16,036 INFO Checking tag {'Key': 'mbari:created-by', 'Value': 'dcline'}
2023-08-31 20:43:16,037 INFO Creating buckets
2023-08-31 20:43:16,037 INFO Creating bucket deepsea-ai-548531997526-videos...
2023-08-31 20:43:16,715 INFO Creating bucket deepsea-ai-548531997526-tracks...
2023-08-31 20:43:17,225 INFO No video file exclusions specified
2023-08-31 20:43:17,225 INFO Found 1 videos to process
2023-08-31 20:43:17,296 INFO Checking /Users/dcline/Dropbox/code/deepsea-ai/tests/data/V4361_20211006T163256Z_h265_1sec.mp4 in s3://deepsea-ai-548531997526-videos/dcline/Dropbox/code/deepsea-ai/tests/data/V4361_20211006T163256Z_h265_1sec.mp4...
2023-08-31 20:43:17,506 INFO Found s3://deepsea-ai-548531997526-videos/dcline/Dropbox/code/deepsea-ai/tests/data/V4361_20211006T163256Z_h265_1sec.mp4 ...skipping upload
2023-08-31 20:43:17,506 INFO Tagging /Users/dcline/Dropbox/code/deepsea-ai/tests/data/V4361_20211006T163256Z_h265_1sec.mp4 with [{'Key': 'mbari:project-number', 'Value': 'NA'}, {'Key': 'mbari:owner', 'Value': 'dcline'}, {'Key': 'mbari:description', 'Value': 'Pycharm Ventana V4361_20211006T163256Z_h265_1sec with 49'}, {'Key': 'mbari:stage', 'Value': 'test'}, {'Key': 'mbari:application', 'Value': 'detection'}, {'Key': 'mbari:deletion-date', 'Value': '20231130T034316Z'}, {'Key': 'mbari:created-by', 'Value': 'dcline'}]...
