2023-08-16 17:07:47,852 INFO Logging to logs/deepsea_ai_setup_20230817.log
2023-08-16 17:07:47,852 INFO =============== Config file /Users/dcline/Dropbox/code/deepsea-ai/deepsea_ai/config/config.ini =================
2023-08-16 17:07:47,852 INFO [aws]
2023-08-16 17:07:47,852 INFO sagemaker_arn = arn:aws:iam::548531997526:role/DeepSeaAI
2023-08-16 17:07:47,852 INFO yolov5_ecr = mbari/deepsea-yolov5:1.1.2
2023-08-16 17:07:47,852 INFO strongsort_ecr = mbari/strongsort-yolov5:addhyperparameters
2023-08-16 17:07:47,852 INFO yolov5_model_s3 = s3://902005-public/models/yolov5x_mbay_benthic_model.tar.gz
2023-08-16 17:07:47,852 INFO strongsort_track_config_s3 = s3://902005-public/models/strong_sort_benthic.yaml
2023-08-16 17:07:47,852 INFO 
2023-08-16 17:07:47,852 INFO [database]
2023-08-16 17:07:47,852 INFO site = http://localhost:4000
2023-08-16 17:07:47,852 INFO gql = %(site)s/graphql
2023-08-16 17:07:47,852 INFO 
2023-08-16 17:07:47,852 INFO [tags]
2023-08-16 17:07:47,852 INFO organization = mbari
2023-08-16 17:07:47,852 INFO project_number = NA
2023-08-16 17:07:47,852 INFO stage = test
2023-08-16 17:07:47,852 INFO application = detection
2023-08-16 17:07:47,852 INFO 
2023-08-16 17:07:48,224 INFO Initializing job cache in /Users/dcline/Dropbox/code/deepsea-ai/deepsea_ai
2023-08-16 17:07:48,225 INFO Using existing job cache database in /Users/dcline/Dropbox/code/deepsea-ai/deepsea_ai
2023-08-16 17:07:48,226 INFO =============== Config file /Users/dcline/Dropbox/code/deepsea-ai/deepsea_ai/config/config.ini =================
2023-08-16 17:07:48,226 INFO [aws]
2023-08-16 17:07:48,226 INFO sagemaker_arn = arn:aws:iam::548531997526:role/DeepSeaAI
2023-08-16 17:07:48,226 INFO yolov5_ecr = mbari/deepsea-yolov5:1.1.2
2023-08-16 17:07:48,226 INFO strongsort_ecr = mbari/strongsort-yolov5:addhyperparameters
2023-08-16 17:07:48,226 INFO yolov5_model_s3 = s3://902005-public/models/yolov5x_mbay_benthic_model.tar.gz
2023-08-16 17:07:48,226 INFO strongsort_track_config_s3 = s3://902005-public/models/strong_sort_benthic.yaml
2023-08-16 17:07:48,227 INFO 
2023-08-16 17:07:48,227 INFO [database]
2023-08-16 17:07:48,227 INFO site = http://localhost:4000
2023-08-16 17:07:48,227 INFO gql = %(site)s/graphql
2023-08-16 17:07:48,227 INFO 
2023-08-16 17:07:48,227 INFO [tags]
2023-08-16 17:07:48,227 INFO organization = mbari
2023-08-16 17:07:48,227 INFO project_number = NA
2023-08-16 17:07:48,227 INFO stage = test
2023-08-16 17:07:48,227 INFO application = detection
2023-08-16 17:07:48,227 INFO 
2023-08-16 17:07:48,227 INFO ============ You can override these settings by creating a customconfig.ini file and pass that in with --config=customconfig.ini =====
2023-08-16 17:07:48,593 INFO Found account 548531997526
2023-08-16 17:07:48,599 INFO Found region us-west-2
2023-08-16 17:07:48,608 INFO Creating all ECR repositories in account 548531997526...
2023-08-16 17:07:48,905 INFO Authenticating Docker with ECR for account 548531997526...
2023-08-16 17:07:48,958 ERROR Exiting. Error: [Errno 2] No such file or directory: 'docker'
