2023-09-06 23:31:30,968 INFO Logging to logs/deepsea_ai_setup_20230907.log
2023-09-06 23:31:30,968 INFO =============== Config file /Users/dcline/Dropbox/code/deepsea-ai/deepsea_ai/config/config.ini =================
2023-09-06 23:31:30,968 INFO [docker]
2023-09-06 23:31:30,968 INFO yolov5_container = mbari/deepsea-yolov5:1.1.2
2023-09-06 23:31:30,968 INFO strongsort_container = mbari/strongsort-yolov5:6f35769
2023-09-06 23:31:30,968 INFO 
2023-09-06 23:31:30,968 INFO [aws]
2023-09-06 23:31:30,968 INFO account_id = 168552337187
2023-09-06 23:31:30,968 INFO sagemaker_arn = arn:aws:iam::168552337187:role/DeepSeaAI
2023-09-06 23:31:30,968 INFO model = s3://deepsea-ai-548531997526-models/yolov5x_mbay_benthic_model.tar.gz
2023-09-06 23:31:30,968 INFO track_config = s3://deepsea-ai-168552337187-track-conf
2023-09-06 23:31:30,968 INFO videos = s3://deepsea-ai-168552337187-videos
2023-09-06 23:31:30,968 INFO models = s3://deepsea-ai-168552337187-models
2023-09-06 23:31:30,968 INFO tracks = s3://deepsea-ai-168552337187-tracks
2023-09-06 23:31:30,968 INFO 
2023-09-06 23:31:30,968 INFO [aws_public]
2023-09-06 23:31:30,969 INFO model = s3://902005-public/models/yolov5x_mbay_benthic_model.tar.gz
2023-09-06 23:31:30,969 INFO track_config = s3://902005-public/models/track-config/strong_sort_benthic.yaml
2023-09-06 23:31:30,969 INFO video_ex1 = s3://902005-public/video/1sec/V4361_20211006T162656Z_h265_1sec.mp4
2023-09-06 23:31:30,969 INFO video_ex2 = s3://902005-public/video/1sec/V4361_20211006T163256Z_h265_1sec.mp4
2023-09-06 23:31:30,969 INFO video_ex3 = s3://902005-public/video/1sec/V4361_20211006T163856Z_h265_1sec.mp4
2023-09-06 23:31:30,969 INFO 
2023-09-06 23:31:30,969 INFO [database]
2023-09-06 23:31:30,969 INFO site = http://localhost:4000
2023-09-06 23:31:30,969 INFO gql = %(site)s/graphql
2023-09-06 23:31:30,969 INFO 
2023-09-06 23:31:30,969 INFO [tags]
2023-09-06 23:31:30,969 INFO organization = mbari
2023-09-06 23:31:30,969 INFO project_number = NA
2023-09-06 23:31:30,969 INFO stage = test
2023-09-06 23:31:30,969 INFO application = detection
2023-09-06 23:31:30,969 INFO 
2023-09-06 23:31:30,969 INFO =============== Config file /Users/dcline/Dropbox/code/deepsea-ai/deepsea_ai/config/config.ini =================
2023-09-06 23:31:30,969 INFO [docker]
2023-09-06 23:31:30,969 INFO yolov5_container = mbari/deepsea-yolov5:1.1.2
2023-09-06 23:31:30,969 INFO strongsort_container = mbari/strongsort-yolov5:6f35769
2023-09-06 23:31:30,969 INFO 
2023-09-06 23:31:30,969 INFO [aws]
2023-09-06 23:31:30,969 INFO account_id = 168552337187
2023-09-06 23:31:30,969 INFO sagemaker_arn = arn:aws:iam::168552337187:role/DeepSeaAI
2023-09-06 23:31:30,969 INFO model = s3://deepsea-ai-548531997526-models/yolov5x_mbay_benthic_model.tar.gz
2023-09-06 23:31:30,969 INFO track_config = s3://deepsea-ai-168552337187-track-conf
2023-09-06 23:31:30,969 INFO videos = s3://deepsea-ai-168552337187-videos
2023-09-06 23:31:30,969 INFO models = s3://deepsea-ai-168552337187-models
2023-09-06 23:31:30,969 INFO tracks = s3://deepsea-ai-168552337187-tracks
2023-09-06 23:31:30,969 INFO 
2023-09-06 23:31:30,969 INFO [aws_public]
2023-09-06 23:31:30,969 INFO model = s3://902005-public/models/yolov5x_mbay_benthic_model.tar.gz
2023-09-06 23:31:30,969 INFO track_config = s3://902005-public/models/track-config/strong_sort_benthic.yaml
2023-09-06 23:31:30,969 INFO video_ex1 = s3://902005-public/video/1sec/V4361_20211006T162656Z_h265_1sec.mp4
2023-09-06 23:31:30,969 INFO video_ex2 = s3://902005-public/video/1sec/V4361_20211006T163256Z_h265_1sec.mp4
2023-09-06 23:31:30,969 INFO video_ex3 = s3://902005-public/video/1sec/V4361_20211006T163856Z_h265_1sec.mp4
2023-09-06 23:31:30,969 INFO 
2023-09-06 23:31:30,969 INFO [database]
2023-09-06 23:31:30,969 INFO site = http://localhost:4000
2023-09-06 23:31:30,969 INFO gql = %(site)s/graphql
2023-09-06 23:31:30,969 INFO 
2023-09-06 23:31:30,969 INFO [tags]
2023-09-06 23:31:30,969 INFO organization = mbari
2023-09-06 23:31:30,969 INFO project_number = NA
2023-09-06 23:31:30,969 INFO stage = test
2023-09-06 23:31:30,969 INFO application = detection
2023-09-06 23:31:30,969 INFO 
2023-09-06 23:31:30,969 INFO ============ You can override these settings by creating a customconfig.ini file and pass that in with --config=customconfig.ini =====
2023-09-06 23:31:30,969 INFO Initializing job cache database in /Users/dcline/Dropbox/code/deepsea-ai/deepsea_ai/config as sqlite_job_cache_168552337187.db
2023-09-06 23:31:31,878 INFO Found account 548531997526
2023-09-06 23:31:31,889 INFO Found region us-west-2
2023-09-06 23:31:33,054 WARNING Role DeepSeaAI already exists.
2023-09-06 23:31:34,046 INFO Setting SageMaker Role ARN to arn:aws:iam::548531997526:role/DeepSeaAI in /Users/dcline/Dropbox/code/deepsea-ai/deepsea_ai/config/config.ini
2023-09-06 23:31:34,556 INFO Found account 548531997526
2023-09-06 23:31:34,590 INFO Creating bucket deepsea-ai-548531997526-models in us-west-2
2023-09-06 23:31:35,761 WARNING Bucket deepsea-ai-548531997526-models already exists.
2023-09-06 23:31:35,771 INFO Creating bucket deepsea-ai-548531997526-track-conf in us-west-2
2023-09-06 23:31:36,443 WARNING Bucket deepsea-ai-548531997526-track-conf already exists.
2023-09-06 23:31:36,448 INFO Creating bucket deepsea-ai-548531997526-videos in us-west-2
2023-09-06 23:31:37,205 WARNING Bucket deepsea-ai-548531997526-videos already exists.
2023-09-06 23:31:37,214 INFO Creating bucket deepsea-ai-548531997526-tracks in us-west-2
2023-09-06 23:31:38,002 WARNING Bucket deepsea-ai-548531997526-tracks already exists.
2023-09-06 23:31:38,566 INFO Found V4361_20211006T162656Z_h265_1sec.mp4 in deepsea-ai-548531997526-videos so skipping
2023-09-06 23:31:39,139 INFO Found V4361_20211006T163256Z_h265_1sec.mp4 in deepsea-ai-548531997526-videos so skipping
2023-09-06 23:31:39,652 INFO Found V4361_20211006T163856Z_h265_1sec.mp4 in deepsea-ai-548531997526-videos so skipping
2023-09-06 23:31:40,057 INFO Found yolov5x_mbay_benthic_model.tar.gz in s3://deepsea-ai-548531997526-models so skipping
2023-09-06 23:31:40,478 INFO Found strong_sort_benthic.yaml in s3://deepsea-ai-548531997526-track-conf so skipping
