2023-08-23 19:21:08,138 INFO Logging to logs/deepsea_ai_process_20230824.log
2023-08-23 19:21:08,139 INFO =============== Config file /Users/dcline/Dropbox/code/deepsea-ai/deepsea_ai/config/config.ini =================
2023-08-23 19:21:08,139 INFO [aws]
2023-08-23 19:21:08,139 INFO sagemaker_arn = arn:aws:iam::548531997526:role/DeepSeaAI
2023-08-23 19:21:08,139 INFO yolov5_ecr = mbari/deepsea-yolov5:1.1.2
2023-08-23 19:21:08,139 INFO strongsort_ecr = mbari/strongsort-yolov5:3b34e07
2023-08-23 19:21:08,139 INFO yolov5_model_s3 = s3://902005-public/models/yolov5x_mbay_benthic_model.tar.gz
2023-08-23 19:21:08,139 INFO strongsort_track_config_s3 = s3://902005-public/models/strong_sort_benthic.yaml
2023-08-23 19:21:08,139 INFO 
2023-08-23 19:21:08,139 INFO [database]
2023-08-23 19:21:08,139 INFO site = http://localhost:4000
2023-08-23 19:21:08,139 INFO gql = %(site)s/graphql
2023-08-23 19:21:08,139 INFO 
2023-08-23 19:21:08,139 INFO [tags]
2023-08-23 19:21:08,139 INFO organization = mbari
2023-08-23 19:21:08,139 INFO project_number = NA
2023-08-23 19:21:08,139 INFO stage = test
2023-08-23 19:21:08,139 INFO application = detection
2023-08-23 19:21:08,139 INFO 
2023-08-23 19:21:08,447 INFO Initializing job cache in /Users/dcline/Dropbox/code/deepsea-ai/deepsea_ai
2023-08-23 19:21:08,447 INFO Using existing job cache database in /Users/dcline/Dropbox/code/deepsea-ai/deepsea_ai
2023-08-23 19:21:08,757 INFO Checking tag {'Key': 'mbari:project-number', 'Value': 'NA'}
2023-08-23 19:21:08,760 INFO Checking tag {'Key': 'mbari:owner', 'Value': 'dcline'}
2023-08-23 19:21:08,760 INFO Checking tag {'Key': 'mbari:description', 'Value': 'Ventana Dive 4263 with 0.5 conf with new mbari315k model'}
2023-08-23 19:21:08,760 INFO Checking tag {'Key': 'mbari:stage', 'Value': 'test'}
2023-08-23 19:21:08,760 INFO Checking tag {'Key': 'mbari:application', 'Value': 'detection'}
2023-08-23 19:21:08,761 INFO Checking tag {'Key': 'mbari:deletion-date', 'Value': '20231122T022108Z'}
2023-08-23 19:21:08,761 INFO Checking tag {'Key': 'mbari:created-by', 'Value': 'dcline'}
2023-08-23 19:21:08,761 INFO Creating buckets
2023-08-23 19:21:08,761 INFO dry-run: Would have created bucket 902005-dev-test with tags [{'Key': 'mbari:project-number', 'Value': 'NA'}, {'Key': 'mbari:owner', 'Value': 'dcline'}, {'Key': 'mbari:description', 'Value': 'Ventana Dive 4263 with 0.5 conf with new mbari315k model'}, {'Key': 'mbari:stage', 'Value': 'test'}, {'Key': 'mbari:application', 'Value': 'detection'}, {'Key': 'mbari:deletion-date', 'Value': '20231122T022108Z'}, {'Key': 'mbari:created-by', 'Value': 'dcline'}]
2023-08-23 19:21:08,761 INFO dry-run: Would have created bucket 902005-dev-test-out with tags [{'Key': 'mbari:project-number', 'Value': 'NA'}, {'Key': 'mbari:owner', 'Value': 'dcline'}, {'Key': 'mbari:description', 'Value': 'Ventana Dive 4263 with 0.5 conf with new mbari315k model'}, {'Key': 'mbari:stage', 'Value': 'test'}, {'Key': 'mbari:application', 'Value': 'detection'}, {'Key': 'mbari:deletion-date', 'Value': '20231122T022108Z'}, {'Key': 'mbari:created-by', 'Value': 'dcline'}]
2023-08-23 19:21:08,761 INFO No video file exclusions specified
2023-08-23 19:21:08,761 INFO Found 3 videos to process
2023-08-23 19:21:08,761 INFO dry-run: Would have uploaded /Users/dcline/Dropbox/code/deepsea-ai/tests/data/V4361_20211006T163256Z_h265_1sec.mp4 to 902005-dev-test with tags [{'Key': 'mbari:project-number', 'Value': 'NA'}, {'Key': 'mbari:owner', 'Value': 'dcline'}, {'Key': 'mbari:description', 'Value': 'Ventana Dive 4263 with 0.5 conf with new mbari315k model'}, {'Key': 'mbari:stage', 'Value': 'test'}, {'Key': 'mbari:application', 'Value': 'detection'}, {'Key': 'mbari:deletion-date', 'Value': '20231122T022108Z'}, {'Key': 'mbari:created-by', 'Value': 'dcline'}]
2023-08-23 19:21:08,761 INFO dry-run: Would have uploaded /Users/dcline/Dropbox/code/deepsea-ai/tests/data/V4361_20211006T162656Z_h265_1sec.mp4 to 902005-dev-test with tags [{'Key': 'mbari:project-number', 'Value': 'NA'}, {'Key': 'mbari:owner', 'Value': 'dcline'}, {'Key': 'mbari:description', 'Value': 'Ventana Dive 4263 with 0.5 conf with new mbari315k model'}, {'Key': 'mbari:stage', 'Value': 'test'}, {'Key': 'mbari:application', 'Value': 'detection'}, {'Key': 'mbari:deletion-date', 'Value': '20231122T022108Z'}, {'Key': 'mbari:created-by', 'Value': 'dcline'}]
2023-08-23 19:21:08,761 INFO dry-run: Would have uploaded /Users/dcline/Dropbox/code/deepsea-ai/tests/data/V4361_20211006T163856Z_h265_1sec.mp4 to 902005-dev-test with tags [{'Key': 'mbari:project-number', 'Value': 'NA'}, {'Key': 'mbari:owner', 'Value': 'dcline'}, {'Key': 'mbari:description', 'Value': 'Ventana Dive 4263 with 0.5 conf with new mbari315k model'}, {'Key': 'mbari:stage', 'Value': 'test'}, {'Key': 'mbari:application', 'Value': 'detection'}, {'Key': 'mbari:deletion-date', 'Value': '20231122T022108Z'}, {'Key': 'mbari:created-by', 'Value': 'dcline'}]
2023-08-23 19:21:09,068 INFO ['dettrack', '--model-s3=s3://902005-public/models/yolov5x_mbay_benthic_model.tar.gz', '--args="\'--agnostic-nms\'"']
2023-08-23 19:21:09,383 INFO Found account 548531997526
2023-08-23 19:21:09,389 INFO Found region us-west-2
2023-08-23 19:21:09,390 INFO Start script processor for inputs s3://902005-dev-test/dcline/Dropbox/code/deepsea-ai/tests/data/
2023-08-23 19:21:09,390 INFO JobCache: Added video file V4361_20211006T163256Z_h265_1sec.mp4 to job strongsort-yolov5-dcline running on strongsort-yolov5:3b34e07
2023-08-23 19:21:09,390 INFO Updating job strongsort-yolov5-dcline running on strongsort-yolov5:3b34e07 in cache status to SUCCESS
2023-08-23 19:21:09,391 INFO Added job strongsort-yolov5-dcline running on strongsort-yolov5:3b34e07 to cache
2023-08-23 19:21:09,391 INFO Updating video file V4361_20211006T163256Z_h265_1sec.mp4 to job strongsort-yolov5-dcline in cache with status SUCCESS
