2023-08-25 22:19:10,786 INFO Logging to logs/deepsea_ai_setup_20230826.log
2023-08-25 22:19:10,787 INFO =============== Config file /Users/dcline/Dropbox/code/deepsea-ai/deepsea_ai/config/config.ini =================
2023-08-25 22:19:10,787 INFO [docker]
2023-08-25 22:19:10,787 INFO yolov5_container = mbari/deepsea-yolov5:1.1.2
2023-08-25 22:19:10,787 INFO strongsort_container = mbari/strongsort-yolov5:5c05df0
2023-08-25 22:19:10,787 INFO 
2023-08-25 22:19:10,787 INFO [aws]
2023-08-25 22:19:10,787 INFO sagemaker_arn = arn:aws:iam::548531997526:role/DeepSeaAI
2023-08-25 22:19:10,787 INFO model = s3://deepsea-ai-548531997526-models/yolov5x_mbay_benthic_model.tar.gz
2023-08-25 22:19:10,787 INFO track_config = s3://deepsea-ai-548531997526-track-conf
2023-08-25 22:19:10,787 INFO videos = s3://deepsea-ai-548531997526-videos
2023-08-25 22:19:10,787 INFO models = s3://deepsea-ai-548531997526-models
2023-08-25 22:19:10,787 INFO tracks = s3://deepsea-ai-548531997526-tracks
2023-08-25 22:19:10,787 INFO 
2023-08-25 22:19:10,787 INFO [aws_public]
2023-08-25 22:19:10,787 INFO model = s3://902005-public/models/yolov5x_mbay_benthic_model.tar.gz
2023-08-25 22:19:10,787 INFO track_config = s3://902005-public/models/track-config/strong_sort_benthic.yaml
2023-08-25 22:19:10,787 INFO video_ex1 = s3://902005-public/video/1sec/V4361_20211006T162656Z_h265_1sec.mp4
2023-08-25 22:19:10,787 INFO video_ex2 = s3://902005-public/video/1sec/V4361_20211006T163256Z_h265_1sec.mp4
2023-08-25 22:19:10,787 INFO video_ex3 = s3://902005-public/video/1sec/V4361_20211006T163856Z_h265_1sec.mp4
2023-08-25 22:19:10,787 INFO 
2023-08-25 22:19:10,787 INFO [database]
2023-08-25 22:19:10,787 INFO site = http://localhost:4000
2023-08-25 22:19:10,787 INFO gql = %(site)s/graphql
2023-08-25 22:19:10,787 INFO 
2023-08-25 22:19:10,787 INFO [tags]
2023-08-25 22:19:10,787 INFO organization = mbari
2023-08-25 22:19:10,787 INFO project_number = NA
2023-08-25 22:19:10,787 INFO stage = test
2023-08-25 22:19:10,787 INFO application = detection
2023-08-25 22:19:10,787 INFO 
2023-08-25 22:19:11,158 INFO Initializing job cache in /Users/dcline/Dropbox/code/deepsea-ai/deepsea_ai
2023-08-25 22:19:11,158 INFO Using existing job cache database in /Users/dcline/Dropbox/code/deepsea-ai/deepsea_ai
2023-08-25 22:19:11,159 INFO =============== Config file /Users/dcline/Dropbox/code/deepsea-ai/deepsea_ai/config/config.ini =================
2023-08-25 22:19:11,159 INFO [docker]
2023-08-25 22:19:11,160 INFO yolov5_container = mbari/deepsea-yolov5:1.1.2
2023-08-25 22:19:11,160 INFO strongsort_container = mbari/strongsort-yolov5:5c05df0
2023-08-25 22:19:11,160 INFO 
2023-08-25 22:19:11,160 INFO [aws]
2023-08-25 22:19:11,160 INFO sagemaker_arn = arn:aws:iam::548531997526:role/DeepSeaAI
2023-08-25 22:19:11,160 INFO model = s3://deepsea-ai-548531997526-models/yolov5x_mbay_benthic_model.tar.gz
2023-08-25 22:19:11,160 INFO track_config = s3://deepsea-ai-548531997526-track-conf
2023-08-25 22:19:11,160 INFO videos = s3://deepsea-ai-548531997526-videos
2023-08-25 22:19:11,160 INFO models = s3://deepsea-ai-548531997526-models
2023-08-25 22:19:11,160 INFO tracks = s3://deepsea-ai-548531997526-tracks
2023-08-25 22:19:11,160 INFO 
2023-08-25 22:19:11,160 INFO [aws_public]
2023-08-25 22:19:11,160 INFO model = s3://902005-public/models/yolov5x_mbay_benthic_model.tar.gz
2023-08-25 22:19:11,160 INFO track_config = s3://902005-public/models/track-config/strong_sort_benthic.yaml
2023-08-25 22:19:11,160 INFO video_ex1 = s3://902005-public/video/1sec/V4361_20211006T162656Z_h265_1sec.mp4
2023-08-25 22:19:11,160 INFO video_ex2 = s3://902005-public/video/1sec/V4361_20211006T163256Z_h265_1sec.mp4
2023-08-25 22:19:11,160 INFO video_ex3 = s3://902005-public/video/1sec/V4361_20211006T163856Z_h265_1sec.mp4
2023-08-25 22:19:11,160 INFO 
2023-08-25 22:19:11,160 INFO [database]
2023-08-25 22:19:11,160 INFO site = http://localhost:4000
2023-08-25 22:19:11,160 INFO gql = %(site)s/graphql
2023-08-25 22:19:11,160 INFO 
2023-08-25 22:19:11,160 INFO [tags]
2023-08-25 22:19:11,160 INFO organization = mbari
2023-08-25 22:19:11,160 INFO project_number = NA
2023-08-25 22:19:11,160 INFO stage = test
2023-08-25 22:19:11,160 INFO application = detection
2023-08-25 22:19:11,160 INFO 
2023-08-25 22:19:11,160 INFO ============ You can override these settings by creating a customconfig.ini file and pass that in with --config=customconfig.ini =====
2023-08-25 22:19:11,530 INFO Found account 548531997526
2023-08-25 22:19:11,535 INFO Found region us-west-2
2023-08-25 22:19:12,026 WARNING Role DeepSeaAI already exists.
2023-08-25 22:19:12,477 INFO Setting SageMaker Role ARN to arn:aws:iam::548531997526:role/DeepSeaAI in /Users/dcline/Dropbox/code/deepsea-ai/deepsea_ai/config/config.ini
2023-08-25 22:19:13,027 INFO Found account 548531997526
2023-08-25 22:19:13,048 INFO Creating bucket deepsea-ai-548531997526-models in us-west-2
2023-08-25 22:19:13,591 WARNING Bucket deepsea-ai-548531997526-models already exists.
2023-08-25 22:19:13,594 INFO Creating bucket deepsea-ai-548531997526-track-conf in us-west-2
2023-08-25 22:19:14,247 WARNING Bucket deepsea-ai-548531997526-track-conf already exists.
2023-08-25 22:19:14,253 INFO Creating bucket deepsea-ai-548531997526-videos in us-west-2
2023-08-25 22:19:14,722 WARNING Bucket deepsea-ai-548531997526-videos already exists.
2023-08-25 22:19:14,729 INFO Creating bucket deepsea-ai-548531997526-tracks in us-west-2
2023-08-25 22:19:15,895 INFO Found V4361_20211006T162656Z_h265_1sec.mp4 in deepsea-ai-548531997526-videos so skipping
2023-08-25 22:19:16,244 INFO Found V4361_20211006T163256Z_h265_1sec.mp4 in deepsea-ai-548531997526-videos so skipping
2023-08-25 22:19:16,553 INFO Found V4361_20211006T163856Z_h265_1sec.mp4 in deepsea-ai-548531997526-videos so skipping
2023-08-25 22:19:16,899 INFO Found yolov5x_mbay_benthic_model.tar.gz in s3://deepsea-ai-548531997526-models so skipping
2023-08-25 22:19:17,318 INFO Found strong_sort_benthic.yaml in s3://deepsea-ai-548531997526-track-conf so skipping
