2023-08-22 19:10:28,598 INFO Logging to logs/deepsea_ai_ecsprocess_20230823.log
2023-08-22 19:10:28,598 INFO =============== Config file /Users/dcline/Dropbox/code/deepsea-ai/deepsea_ai/config/config.ini =================
2023-08-22 19:10:28,598 INFO [aws]
2023-08-22 19:10:28,598 INFO sagemaker_arn = arn:aws:iam::548531997526:role/DeepSeaAI
2023-08-22 19:10:28,598 INFO yolov5_ecr = mbari/deepsea-yolov5:1.1.2
2023-08-22 19:10:28,598 INFO strongsort_ecr = mbari/strongsort-yolov5:3b34e07
2023-08-22 19:10:28,598 INFO yolov5_model_s3 = s3://902005-public/models/yolov5x_mbay_benthic_model.tar.gz
2023-08-22 19:10:28,598 INFO strongsort_track_config_s3 = s3://902005-public/models/strong_sort_benthic.yaml
2023-08-22 19:10:28,598 INFO 
2023-08-22 19:10:28,598 INFO [database]
2023-08-22 19:10:28,598 INFO site = http://localhost:4000
2023-08-22 19:10:28,598 INFO gql = %(site)s/graphql
2023-08-22 19:10:28,598 INFO 
2023-08-22 19:10:28,598 INFO [tags]
2023-08-22 19:10:28,598 INFO organization = mbari
2023-08-22 19:10:28,598 INFO project_number = NA
2023-08-22 19:10:28,598 INFO stage = test
2023-08-22 19:10:28,598 INFO application = detection
2023-08-22 19:10:28,598 INFO 
2023-08-22 19:10:28,908 INFO Initializing job cache in /Users/dcline/Dropbox/code/deepsea-ai/deepsea_ai
2023-08-22 19:10:28,908 INFO Using existing job cache database in /Users/dcline/Dropbox/code/deepsea-ai/deepsea_ai
2023-08-22 19:10:29,837 INFO No video file exclusions specified
2023-08-22 19:10:29,839 INFO Found 3 videos to process
2023-08-22 19:10:30,148 INFO Checking tag {'Key': 'mbari:project-number', 'Value': 'NA'}
2023-08-22 19:10:30,148 INFO Checking tag {'Key': 'mbari:owner', 'Value': 'dcline'}
2023-08-22 19:10:30,148 INFO Checking tag {'Key': 'mbari:description', 'Value': 'Video uploaded from /Users/dcline/Dropbox/code/deepsea-ai/tests/data/ by user dcline '}
2023-08-22 19:10:30,148 INFO Checking tag {'Key': 'mbari:stage', 'Value': 'test'}
2023-08-22 19:10:30,148 INFO Checking tag {'Key': 'mbari:application', 'Value': 'detection'}
2023-08-22 19:10:30,148 INFO Checking tag {'Key': 'mbari:deletion-date', 'Value': '20231121T021030Z'}
2023-08-22 19:10:30,148 INFO Checking tag {'Key': 'mbari:created-by', 'Value': 'dcline'}
2023-08-22 19:10:30,417 INFO Found s3://model33k-videod6cc678b-7m6gvrybsnez/dcline/Dropbox/code/deepsea-ai/tests/data/V4361_20211006T163256Z_h265_1sec.mp4 ...skipping upload
2023-08-22 19:10:30,417 INFO Tagging /Users/dcline/Dropbox/code/deepsea-ai/tests/data/V4361_20211006T163256Z_h265_1sec.mp4 with [{'Key': 'mbari:project-number', 'Value': 'NA'}, {'Key': 'mbari:owner', 'Value': 'dcline'}, {'Key': 'mbari:description', 'Value': 'Video uploaded from /Users/dcline/Dropbox/code/deepsea-ai/tests/data/ by user dcline '}, {'Key': 'mbari:stage', 'Value': 'test'}, {'Key': 'mbari:application', 'Value': 'detection'}, {'Key': 'mbari:deletion-date', 'Value': '20231121T021030Z'}, {'Key': 'mbari:created-by', 'Value': 'dcline'}]...
2023-08-22 19:10:31,104 INFO Message queued to model33k-videoC740E53C-kfI5wKMlwVGL.fifo. MessageId: c6512eca-f8fb-4880-be31-f29779b278ca
2023-08-22 19:10:31,105 INFO JobCache: Added video file V4361_20211006T163856Z_h265_1sec.mp4 to job Ventana test 33k model from ecsprocess running on model33k
2023-08-22 19:10:31,105 INFO JobCache: Added video file V4361_20211006T162656Z_h265_1sec.mp4 to job Ventana test 33k model from ecsprocess running on model33k
2023-08-22 19:10:31,105 INFO Updating job Ventana test 33k model from ecsprocess running on model33k in cache status to QUEUED
2023-08-22 19:10:31,106 INFO Added job Ventana test 33k model from ecsprocess running on model33k to cache
2023-08-22 19:10:31,106 INFO Updating video file V4361_20211006T163256Z_h265_1sec.mp4 to job Ventana test 33k model from ecsprocess in cache with status QUEUED
2023-08-22 19:10:31,273 INFO Found s3://model33k-videod6cc678b-7m6gvrybsnez/dcline/Dropbox/code/deepsea-ai/tests/data/V4361_20211006T162656Z_h265_1sec.mp4 ...skipping upload
2023-08-22 19:10:31,273 INFO Tagging /Users/dcline/Dropbox/code/deepsea-ai/tests/data/V4361_20211006T162656Z_h265_1sec.mp4 with [{'Key': 'mbari:project-number', 'Value': 'NA'}, {'Key': 'mbari:owner', 'Value': 'dcline'}, {'Key': 'mbari:description', 'Value': 'Video uploaded from /Users/dcline/Dropbox/code/deepsea-ai/tests/data/ by user dcline '}, {'Key': 'mbari:stage', 'Value': 'test'}, {'Key': 'mbari:application', 'Value': 'detection'}, {'Key': 'mbari:deletion-date', 'Value': '20231121T021030Z'}, {'Key': 'mbari:created-by', 'Value': 'dcline'}]...
2023-08-22 19:10:31,937 INFO Message queued to model33k-videoC740E53C-kfI5wKMlwVGL.fifo. MessageId: b211a590-1609-4b96-a327-9e53f4cf812f
2023-08-22 19:10:31,938 INFO JobCache: Added video file V4361_20211006T163256Z_h265_1sec.mp4 to job Ventana test 33k model from ecsprocess running on model33k
2023-08-22 19:10:31,938 INFO JobCache: Added video file V4361_20211006T163856Z_h265_1sec.mp4 to job Ventana test 33k model from ecsprocess running on model33k
2023-08-22 19:10:31,938 INFO Updating job Ventana test 33k model from ecsprocess running on model33k in cache status to QUEUED
2023-08-22 19:10:31,941 INFO Added job Ventana test 33k model from ecsprocess running on model33k to cache
2023-08-22 19:10:31,941 INFO Updating video file V4361_20211006T162656Z_h265_1sec.mp4 to job Ventana test 33k model from ecsprocess in cache with status QUEUED
2023-08-22 19:10:32,131 INFO Found s3://model33k-videod6cc678b-7m6gvrybsnez/dcline/Dropbox/code/deepsea-ai/tests/data/V4361_20211006T163856Z_h265_1sec.mp4 ...skipping upload
2023-08-22 19:10:32,131 INFO Tagging /Users/dcline/Dropbox/code/deepsea-ai/tests/data/V4361_20211006T163856Z_h265_1sec.mp4 with [{'Key': 'mbari:project-number', 'Value': 'NA'}, {'Key': 'mbari:owner', 'Value': 'dcline'}, {'Key': 'mbari:description', 'Value': 'Video uploaded from /Users/dcline/Dropbox/code/deepsea-ai/tests/data/ by user dcline '}, {'Key': 'mbari:stage', 'Value': 'test'}, {'Key': 'mbari:application', 'Value': 'detection'}, {'Key': 'mbari:deletion-date', 'Value': '20231121T021030Z'}, {'Key': 'mbari:created-by', 'Value': 'dcline'}]...
2023-08-22 19:10:32,858 INFO Message queued to model33k-videoC740E53C-kfI5wKMlwVGL.fifo. MessageId: 5679cd4f-34cd-4aab-aa24-4ce46fb8afa5
2023-08-22 19:10:32,858 INFO JobCache: Added video file V4361_20211006T162656Z_h265_1sec.mp4 to job Ventana test 33k model from ecsprocess running on model33k
2023-08-22 19:10:32,858 INFO JobCache: Added video file V4361_20211006T163256Z_h265_1sec.mp4 to job Ventana test 33k model from ecsprocess running on model33k
2023-08-22 19:10:32,858 INFO Updating job Ventana test 33k model from ecsprocess running on model33k in cache status to QUEUED
2023-08-22 19:10:32,859 INFO Added job Ventana test 33k model from ecsprocess running on model33k to cache
2023-08-22 19:10:32,859 INFO Updating video file V4361_20211006T163856Z_h265_1sec.mp4 to job Ventana test 33k model from ecsprocess in cache with status QUEUED
2023-08-22 19:10:32,861 INFO ==== Submitted 3 videos to model33k for processing =====
