2023-08-23 19:07:43,338 INFO Logging to logs/deepsea_ai_ecsprocess_20230824.log
2023-08-23 19:07:43,338 INFO =============== Config file /Users/dcline/Dropbox/code/deepsea-ai/deepsea_ai/config/config.ini =================
2023-08-23 19:07:43,339 INFO [aws]
2023-08-23 19:07:43,339 INFO sagemaker_arn = arn:aws:iam::548531997526:role/DeepSeaAI
2023-08-23 19:07:43,339 INFO yolov5_ecr = mbari/deepsea-yolov5:1.1.2
2023-08-23 19:07:43,339 INFO strongsort_ecr = mbari/strongsort-yolov5:3b34e07
2023-08-23 19:07:43,339 INFO yolov5_model_s3 = s3://902005-public/models/yolov5x_mbay_benthic_model.tar.gz
2023-08-23 19:07:43,339 INFO strongsort_track_config_s3 = s3://902005-public/models/strong_sort_benthic.yaml
2023-08-23 19:07:43,339 INFO 
2023-08-23 19:07:43,339 INFO [database]
2023-08-23 19:07:43,339 INFO site = http://localhost:4000
2023-08-23 19:07:43,339 INFO gql = %(site)s/graphql
2023-08-23 19:07:43,339 INFO 
2023-08-23 19:07:43,339 INFO [tags]
2023-08-23 19:07:43,339 INFO organization = mbari
2023-08-23 19:07:43,339 INFO project_number = NA
2023-08-23 19:07:43,339 INFO stage = test
2023-08-23 19:07:43,339 INFO application = detection
2023-08-23 19:07:43,339 INFO 
2023-08-23 19:07:43,649 INFO Initializing job cache in /Users/dcline/Dropbox/code/deepsea-ai/deepsea_ai
2023-08-23 19:07:43,649 INFO Using existing job cache database in /Users/dcline/Dropbox/code/deepsea-ai/deepsea_ai
2023-08-23 19:07:44,368 INFO No video file exclusions specified
2023-08-23 19:07:44,368 INFO Found 3 videos to process
2023-08-23 19:07:44,674 INFO Checking tag {'Key': 'mbari:project-number', 'Value': 'NA'}
2023-08-23 19:07:44,674 INFO Checking tag {'Key': 'mbari:owner', 'Value': 'dcline'}
2023-08-23 19:07:44,674 INFO Checking tag {'Key': 'mbari:description', 'Value': 'Video uploaded from /Users/dcline/Dropbox/code/deepsea-ai/tests/data/ by user dcline '}
2023-08-23 19:07:44,674 INFO Checking tag {'Key': 'mbari:stage', 'Value': 'test'}
2023-08-23 19:07:44,674 INFO Checking tag {'Key': 'mbari:application', 'Value': 'detection'}
2023-08-23 19:07:44,674 INFO Checking tag {'Key': 'mbari:deletion-date', 'Value': '20231122T020744Z'}
2023-08-23 19:07:44,674 INFO Checking tag {'Key': 'mbari:created-by', 'Value': 'dcline'}
2023-08-23 19:07:44,913 INFO Uploading /Users/dcline/Dropbox/code/deepsea-ai/tests/data/V4361_20211006T163256Z_h265_1sec.mp4 to s3://public33k-videod6cc678b-1bmq71h5bscme/dcline/Dropbox/code/deepsea-ai/tests/data/V4361_20211006T163256Z_h265_1sec.mp4...
2023-08-23 19:07:45,949 INFO Tagging /Users/dcline/Dropbox/code/deepsea-ai/tests/data/V4361_20211006T163256Z_h265_1sec.mp4 with [{'Key': 'mbari:project-number', 'Value': 'NA'}, {'Key': 'mbari:owner', 'Value': 'dcline'}, {'Key': 'mbari:description', 'Value': 'Video uploaded from /Users/dcline/Dropbox/code/deepsea-ai/tests/data/ by user dcline '}, {'Key': 'mbari:stage', 'Value': 'test'}, {'Key': 'mbari:application', 'Value': 'detection'}, {'Key': 'mbari:deletion-date', 'Value': '20231122T020744Z'}, {'Key': 'mbari:created-by', 'Value': 'dcline'}]...
2023-08-23 19:07:46,585 INFO Message queued to public33k-videoC740E53C-gitdOhTdXnAI.fifo. MessageId: 51a551ce-0523-4d2d-90fb-b202161acad2
2023-08-23 19:07:46,586 INFO JobCache: Added video file V4361_20211006T163856Z_h265_1sec.mp4 to job Ventana test 33k model from ecsprocess running on public33k
2023-08-23 19:07:46,586 INFO JobCache: Added video file V4361_20211006T162656Z_h265_1sec.mp4 to job Ventana test 33k model from ecsprocess running on public33k
2023-08-23 19:07:46,586 INFO Updating job Ventana test 33k model from ecsprocess running on public33k in cache status to QUEUED
2023-08-23 19:07:46,587 INFO Added job Ventana test 33k model from ecsprocess running on public33k to cache
2023-08-23 19:07:46,587 INFO Updating video file V4361_20211006T163256Z_h265_1sec.mp4 to job Ventana test 33k model from ecsprocess in cache with status QUEUED
2023-08-23 19:07:46,741 INFO Uploading /Users/dcline/Dropbox/code/deepsea-ai/tests/data/V4361_20211006T162656Z_h265_1sec.mp4 to s3://public33k-videod6cc678b-1bmq71h5bscme/dcline/Dropbox/code/deepsea-ai/tests/data/V4361_20211006T162656Z_h265_1sec.mp4...
2023-08-23 19:07:47,144 INFO Tagging /Users/dcline/Dropbox/code/deepsea-ai/tests/data/V4361_20211006T162656Z_h265_1sec.mp4 with [{'Key': 'mbari:project-number', 'Value': 'NA'}, {'Key': 'mbari:owner', 'Value': 'dcline'}, {'Key': 'mbari:description', 'Value': 'Video uploaded from /Users/dcline/Dropbox/code/deepsea-ai/tests/data/ by user dcline '}, {'Key': 'mbari:stage', 'Value': 'test'}, {'Key': 'mbari:application', 'Value': 'detection'}, {'Key': 'mbari:deletion-date', 'Value': '20231122T020744Z'}, {'Key': 'mbari:created-by', 'Value': 'dcline'}]...
2023-08-23 19:07:47,749 INFO Message queued to public33k-videoC740E53C-gitdOhTdXnAI.fifo. MessageId: f429eb4c-384f-49c8-8231-bf66492abd28
2023-08-23 19:07:47,749 INFO JobCache: Added video file V4361_20211006T163256Z_h265_1sec.mp4 to job Ventana test 33k model from ecsprocess running on public33k
2023-08-23 19:07:47,749 INFO JobCache: Added video file V4361_20211006T163856Z_h265_1sec.mp4 to job Ventana test 33k model from ecsprocess running on public33k
2023-08-23 19:07:47,749 INFO Updating job Ventana test 33k model from ecsprocess running on public33k in cache status to QUEUED
2023-08-23 19:07:47,750 INFO Added job Ventana test 33k model from ecsprocess running on public33k to cache
2023-08-23 19:07:47,750 INFO Updating video file V4361_20211006T162656Z_h265_1sec.mp4 to job Ventana test 33k model from ecsprocess in cache with status QUEUED
2023-08-23 19:07:47,909 INFO Uploading /Users/dcline/Dropbox/code/deepsea-ai/tests/data/V4361_20211006T163856Z_h265_1sec.mp4 to s3://public33k-videod6cc678b-1bmq71h5bscme/dcline/Dropbox/code/deepsea-ai/tests/data/V4361_20211006T163856Z_h265_1sec.mp4...
2023-08-23 19:07:49,128 INFO Tagging /Users/dcline/Dropbox/code/deepsea-ai/tests/data/V4361_20211006T163856Z_h265_1sec.mp4 with [{'Key': 'mbari:project-number', 'Value': 'NA'}, {'Key': 'mbari:owner', 'Value': 'dcline'}, {'Key': 'mbari:description', 'Value': 'Video uploaded from /Users/dcline/Dropbox/code/deepsea-ai/tests/data/ by user dcline '}, {'Key': 'mbari:stage', 'Value': 'test'}, {'Key': 'mbari:application', 'Value': 'detection'}, {'Key': 'mbari:deletion-date', 'Value': '20231122T020744Z'}, {'Key': 'mbari:created-by', 'Value': 'dcline'}]...
2023-08-23 19:07:49,750 INFO Message queued to public33k-videoC740E53C-gitdOhTdXnAI.fifo. MessageId: 43629b14-9af8-469f-ad2e-7e105682fe00
2023-08-23 19:07:49,750 INFO JobCache: Added video file V4361_20211006T162656Z_h265_1sec.mp4 to job Ventana test 33k model from ecsprocess running on public33k
2023-08-23 19:07:49,750 INFO JobCache: Added video file V4361_20211006T163256Z_h265_1sec.mp4 to job Ventana test 33k model from ecsprocess running on public33k
2023-08-23 19:07:49,750 INFO Updating job Ventana test 33k model from ecsprocess running on public33k in cache status to QUEUED
2023-08-23 19:07:49,751 INFO Added job Ventana test 33k model from ecsprocess running on public33k to cache
2023-08-23 19:07:49,751 INFO Updating video file V4361_20211006T163856Z_h265_1sec.mp4 to job Ventana test 33k model from ecsprocess in cache with status QUEUED
2023-08-23 19:07:49,752 INFO ==== Submitted 3 videos to public33k for processing =====
