2023-09-08 16:47:43,941 INFO Logging to logs/dsai_ecsprocess_20230908.log
2023-09-08 16:47:43,942 INFO =============== Config file /Users/dcline/Dropbox/code/deepsea-ai/deepsea_ai/config/config.ini =================
2023-09-08 16:47:43,942 INFO [docker]
2023-09-08 16:47:43,942 INFO yolov5_container = mbari/deepsea-yolov5:1.1.2
2023-09-08 16:47:43,942 INFO strongsort_container = mbari/strongsort-yolov5:6f35769
2023-09-08 16:47:43,943 INFO 
2023-09-08 16:47:43,943 INFO [aws]
2023-09-08 16:47:43,943 INFO account_id = 548531997526
2023-09-08 16:47:43,943 INFO sagemaker_arn = arn:aws:iam::548531997526:role/DeepSeaAI
2023-09-08 16:47:43,943 INFO model = s3://deepsea-ai-548531997526-models/yolov5x_mbay_benthic_model.tar.gz
2023-09-08 16:47:43,943 INFO track_config = s3://deepsea-ai-548531997526-track-conf/strong_sort_benthic.yaml
2023-09-08 16:47:43,943 INFO videos = s3://deepsea-ai-548531997526-videos
2023-09-08 16:47:43,943 INFO models = s3://deepsea-ai-548531997526-models
2023-09-08 16:47:43,943 INFO tracks = s3://deepsea-ai-548531997526-tracks
2023-09-08 16:47:43,943 INFO 
2023-09-08 16:47:43,943 INFO [aws_public]
2023-09-08 16:47:43,943 INFO model = s3://902005-public/models/yolov5x_mbay_benthic_model.tar.gz
2023-09-08 16:47:43,943 INFO track_config = s3://902005-public/models/track-config/strong_sort_benthic.yaml
2023-09-08 16:47:43,943 INFO video_ex1 = s3://902005-public/video/1sec/V4361_20211006T162656Z_h265_1sec.mp4
2023-09-08 16:47:43,943 INFO video_ex2 = s3://902005-public/video/1sec/V4361_20211006T163256Z_h265_1sec.mp4
2023-09-08 16:47:43,943 INFO video_ex3 = s3://902005-public/video/1sec/V4361_20211006T163856Z_h265_1sec.mp4
2023-09-08 16:47:43,943 INFO 
2023-09-08 16:47:43,943 INFO [database]
2023-09-08 16:47:43,943 INFO site = http://localhost:4000
2023-09-08 16:47:43,943 INFO gql = %(site)s/graphql
2023-09-08 16:47:43,943 INFO 
2023-09-08 16:47:43,943 INFO [tags]
2023-09-08 16:47:43,943 INFO organization = mbari
2023-09-08 16:47:43,943 INFO project_number = NA
2023-09-08 16:47:43,943 INFO stage = test
2023-09-08 16:47:43,943 INFO application = detection
2023-09-08 16:47:43,943 INFO 
2023-09-08 16:47:43,943 INFO Initializing job cache database in /Users/dcline/Dropbox/code/deepsea-ai/deepsea_ai/config as sqlite_job_cache_548531997526.db
2023-09-08 16:47:44,992 INFO No video file exclusions specified
2023-09-08 16:47:44,993 INFO Found 3 videos to process
2023-09-08 16:47:45,414 INFO Checking tag {'Key': 'mbari:project-number', 'Value': 'NA'}
2023-09-08 16:47:45,414 INFO Checking tag {'Key': 'mbari:owner', 'Value': 'dcline'}
2023-09-08 16:47:45,414 INFO Checking tag {'Key': 'mbari:description', 'Value': 'Video uploaded from /Users/dcline/Dropbox/code/deepsea-ai/tests/data by user dcline '}
2023-09-08 16:47:45,414 INFO Checking tag {'Key': 'mbari:stage', 'Value': 'test'}
2023-09-08 16:47:45,414 INFO Checking tag {'Key': 'mbari:application', 'Value': 'detection'}
2023-09-08 16:47:45,414 INFO Checking tag {'Key': 'mbari:deletion-date', 'Value': '20231207T234745Z'}
2023-09-08 16:47:45,414 INFO Checking tag {'Key': 'mbari:created-by', 'Value': 'dcline'}
2023-09-08 16:47:45,457 INFO Checking /Users/dcline/Dropbox/code/deepsea-ai/tests/data/V4361_20211006T163256Z_h265_1sec.mp4 in s3://syv5-videod6cc678b-inzpn7em09ke/dcline/Dropbox/code/deepsea-ai/tests/data/V4361_20211006T163256Z_h265_1sec.mp4...
2023-09-08 16:47:46,744 INFO Found s3://syv5-videod6cc678b-inzpn7em09ke/dcline/Dropbox/code/deepsea-ai/tests/data/V4361_20211006T163256Z_h265_1sec.mp4 ...skipping upload
2023-09-08 16:47:46,744 INFO Tagging /Users/dcline/Dropbox/code/deepsea-ai/tests/data/V4361_20211006T163256Z_h265_1sec.mp4 with [{'Key': 'mbari:project-number', 'Value': 'NA'}, {'Key': 'mbari:owner', 'Value': 'dcline'}, {'Key': 'mbari:description', 'Value': 'Video uploaded from /Users/dcline/Dropbox/code/deepsea-ai/tests/data by user dcline '}, {'Key': 'mbari:stage', 'Value': 'test'}, {'Key': 'mbari:application', 'Value': 'detection'}, {'Key': 'mbari:deletion-date', 'Value': '20231207T234745Z'}, {'Key': 'mbari:created-by', 'Value': 'dcline'}]...
2023-09-08 16:47:48,302 INFO Message queued to syv5-videoC740E53C-ntyjxygtMGUW.fifo. MessageId: fd83d96a-bff8-495f-9783-ceda9c653bcb
2023-09-08 16:47:48,306 INFO Updating media V4361_20211006T163256Z_h265_1sec.mp4 to RUNNING
2023-09-08 16:47:48,308 INFO A new media V4361_20211006T163256Z_h265_1sec.mp4 was added to job Pycharm 1sec default args {'message_id': 'fd83d96a-bff8-495f-9783-ceda9c653bcb'}
2023-09-08 16:47:48,319 INFO Checking /Users/dcline/Dropbox/code/deepsea-ai/tests/data/V4361_20211006T162656Z_h265_1sec.mp4 in s3://syv5-videod6cc678b-inzpn7em09ke/dcline/Dropbox/code/deepsea-ai/tests/data/V4361_20211006T162656Z_h265_1sec.mp4...
2023-09-08 16:47:48,536 INFO Found s3://syv5-videod6cc678b-inzpn7em09ke/dcline/Dropbox/code/deepsea-ai/tests/data/V4361_20211006T162656Z_h265_1sec.mp4 ...skipping upload
2023-09-08 16:47:48,536 INFO Tagging /Users/dcline/Dropbox/code/deepsea-ai/tests/data/V4361_20211006T162656Z_h265_1sec.mp4 with [{'Key': 'mbari:project-number', 'Value': 'NA'}, {'Key': 'mbari:owner', 'Value': 'dcline'}, {'Key': 'mbari:description', 'Value': 'Video uploaded from /Users/dcline/Dropbox/code/deepsea-ai/tests/data by user dcline '}, {'Key': 'mbari:stage', 'Value': 'test'}, {'Key': 'mbari:application', 'Value': 'detection'}, {'Key': 'mbari:deletion-date', 'Value': '20231207T234745Z'}, {'Key': 'mbari:created-by', 'Value': 'dcline'}]...
2023-09-08 16:47:49,034 INFO Message queued to syv5-videoC740E53C-ntyjxygtMGUW.fifo. MessageId: 92f2cb8b-2bbb-406b-bded-375b2c13e2f3
2023-09-08 16:47:49,035 INFO Updating media V4361_20211006T162656Z_h265_1sec.mp4 to RUNNING
2023-09-08 16:47:49,035 INFO Found 0 media matching V4361_20211006T162656Z_h265_1sec.mp4 and message_id 92f2cb8b-2bbb-406b-bded-375b2c13e2f3 in job Pycharm 1sec default args
2023-09-08 16:47:49,035 INFO A new media V4361_20211006T162656Z_h265_1sec.mp4 was added to job Pycharm 1sec default args {'message_id': '92f2cb8b-2bbb-406b-bded-375b2c13e2f3'}
2023-09-08 16:47:49,047 INFO Checking /Users/dcline/Dropbox/code/deepsea-ai/tests/data/V4361_20211006T163856Z_h265_1sec.mp4 in s3://syv5-videod6cc678b-inzpn7em09ke/dcline/Dropbox/code/deepsea-ai/tests/data/V4361_20211006T163856Z_h265_1sec.mp4...
2023-09-08 16:47:49,326 INFO Found s3://syv5-videod6cc678b-inzpn7em09ke/dcline/Dropbox/code/deepsea-ai/tests/data/V4361_20211006T163856Z_h265_1sec.mp4 ...skipping upload
2023-09-08 16:47:49,327 INFO Tagging /Users/dcline/Dropbox/code/deepsea-ai/tests/data/V4361_20211006T163856Z_h265_1sec.mp4 with [{'Key': 'mbari:project-number', 'Value': 'NA'}, {'Key': 'mbari:owner', 'Value': 'dcline'}, {'Key': 'mbari:description', 'Value': 'Video uploaded from /Users/dcline/Dropbox/code/deepsea-ai/tests/data by user dcline '}, {'Key': 'mbari:stage', 'Value': 'test'}, {'Key': 'mbari:application', 'Value': 'detection'}, {'Key': 'mbari:deletion-date', 'Value': '20231207T234745Z'}, {'Key': 'mbari:created-by', 'Value': 'dcline'}]...
2023-09-08 16:47:49,884 INFO Message queued to syv5-videoC740E53C-ntyjxygtMGUW.fifo. MessageId: c1f56461-d330-401d-a4c5-50b137425fb6
2023-09-08 16:47:49,888 INFO Updating media V4361_20211006T163856Z_h265_1sec.mp4 to RUNNING
2023-09-08 16:47:49,889 INFO Found 0 media matching V4361_20211006T163856Z_h265_1sec.mp4 and message_id c1f56461-d330-401d-a4c5-50b137425fb6 in job Pycharm 1sec default args
2023-09-08 16:47:49,889 INFO A new media V4361_20211006T163856Z_h265_1sec.mp4 was added to job Pycharm 1sec default args {'message_id': 'c1f56461-d330-401d-a4c5-50b137425fb6'}
2023-09-08 16:47:49,895 INFO ==== Submitted 3 videos to syv5 for processing =====
