2023-09-12 18:26:22,425 INFO Logging to logs/dsai_ecsprocess_20230913.log
2023-09-12 18:26:22,426 INFO =============== Config file /Users/dcline/Dropbox/code/deepsea-ai/deepsea_ai/config/config.ini =================
2023-09-12 18:26:22,426 INFO [docker]
2023-09-12 18:26:22,426 INFO yolov5_container = mbari/deepsea-yolov5:1.1.2
2023-09-12 18:26:22,426 INFO strongsort_container = mbari/strongsort-yolov5:6f35769
2023-09-12 18:26:22,426 INFO 
2023-09-12 18:26:22,426 INFO [aws]
2023-09-12 18:26:22,426 INFO account_id = 548531997526
2023-09-12 18:26:22,426 INFO sagemaker_arn = arn:aws:iam::548531997526:role/DeepSeaAI
2023-09-12 18:26:22,426 INFO model = s3://deepsea-ai-548531997526-models/yolov5x_mbay_benthic_model.tar.gz
2023-09-12 18:26:22,426 INFO track_config = s3://deepsea-ai-548531997526-track-conf/strong_sort_benthic.yaml
2023-09-12 18:26:22,426 INFO videos = s3://deepsea-ai-548531997526-videos
2023-09-12 18:26:22,426 INFO models = s3://deepsea-ai-548531997526-models
2023-09-12 18:26:22,426 INFO tracks = s3://deepsea-ai-548531997526-tracks
2023-09-12 18:26:22,426 INFO 
2023-09-12 18:26:22,426 INFO [aws_public]
2023-09-12 18:26:22,426 INFO model = s3://902005-public/models/yolov5x_mbay_benthic_model.tar.gz
2023-09-12 18:26:22,426 INFO track_config = s3://902005-public/models/track-config/strong_sort_benthic.yaml
2023-09-12 18:26:22,426 INFO video_ex1 = s3://902005-public/video/1sec/V4361_20211006T162656Z_h265_1sec.mp4
2023-09-12 18:26:22,426 INFO video_ex2 = s3://902005-public/video/1sec/V4361_20211006T163256Z_h265_1sec.mp4
2023-09-12 18:26:22,426 INFO video_ex3 = s3://902005-public/video/1sec/V4361_20211006T163856Z_h265_1sec.mp4
2023-09-12 18:26:22,426 INFO 
2023-09-12 18:26:22,426 INFO [database]
2023-09-12 18:26:22,426 INFO site = http://localhost:4000
2023-09-12 18:26:22,426 INFO gql = %(site)s/graphql
2023-09-12 18:26:22,426 INFO 
2023-09-12 18:26:22,426 INFO [tags]
2023-09-12 18:26:22,426 INFO organization = mbari
2023-09-12 18:26:22,426 INFO project_number = NA
2023-09-12 18:26:22,426 INFO stage = test
2023-09-12 18:26:22,426 INFO application = detection
2023-09-12 18:26:22,426 INFO 
2023-09-12 18:26:22,426 INFO Initializing job cache database in /Users/dcline/Dropbox/code/deepsea-ai/deepsea_ai/config as sqlite_job_cache_548531997526.db
2023-09-12 18:26:23,264 INFO No video file exclusions specified
2023-09-12 18:26:23,265 INFO Found 3 videos to process
2023-09-12 18:26:23,572 INFO Checking tag {'Key': 'mbari:project-number', 'Value': 'NA'}
2023-09-12 18:26:23,573 INFO Checking tag {'Key': 'mbari:owner', 'Value': 'dcline'}
2023-09-12 18:26:23,573 INFO Checking tag {'Key': 'mbari:description', 'Value': 'Video uploaded from /Users/dcline/Dropbox/code/deepsea-ai/tests/data by user dcline '}
2023-09-12 18:26:23,573 INFO Checking tag {'Key': 'mbari:stage', 'Value': 'test'}
2023-09-12 18:26:23,573 INFO Checking tag {'Key': 'mbari:application', 'Value': 'detection'}
2023-09-12 18:26:23,573 INFO Checking tag {'Key': 'mbari:deletion-date', 'Value': '20231212T012623Z'}
2023-09-12 18:26:23,573 INFO Checking tag {'Key': 'mbari:created-by', 'Value': 'dcline'}
2023-09-12 18:26:23,621 INFO Checking /Users/dcline/Dropbox/code/deepsea-ai/tests/data/V4361_20211006T163256Z_h265_1sec.mp4 in s3://yv5-videod6cc678b-1h59q36l0776m/dcline/Dropbox/code/deepsea-ai/tests/data/V4361_20211006T163256Z_h265_1sec.mp4...
2023-09-12 18:26:23,810 INFO Uploading /Users/dcline/Dropbox/code/deepsea-ai/tests/data/V4361_20211006T163256Z_h265_1sec.mp4 to s3://yv5-videod6cc678b-1h59q36l0776m/dcline/Dropbox/code/deepsea-ai/tests/data/V4361_20211006T163256Z_h265_1sec.mp4...
2023-09-12 18:26:24,213 INFO Tagging /Users/dcline/Dropbox/code/deepsea-ai/tests/data/V4361_20211006T163256Z_h265_1sec.mp4 with [{'Key': 'mbari:project-number', 'Value': 'NA'}, {'Key': 'mbari:owner', 'Value': 'dcline'}, {'Key': 'mbari:description', 'Value': 'Video uploaded from /Users/dcline/Dropbox/code/deepsea-ai/tests/data by user dcline '}, {'Key': 'mbari:stage', 'Value': 'test'}, {'Key': 'mbari:application', 'Value': 'detection'}, {'Key': 'mbari:deletion-date', 'Value': '20231212T012623Z'}, {'Key': 'mbari:created-by', 'Value': 'dcline'}]...
2023-09-12 18:26:24,553 INFO Message queued to yv5-videoC740E53C-PZOUpaIQ3wCs.fifo. MessageId: 69bed338-7202-409d-8d20-07c72e60edce
2023-09-12 18:26:24,556 INFO Added job Pycharm 1sec default args running on yv5 to cache.
2023-09-12 18:26:24,556 INFO Updating media dcline/Dropbox/code/deepsea-ai/tests/data/V4361_20211006T163256Z_h265_1sec.mp4 to QUEUED
2023-09-12 18:26:24,564 INFO A new media dcline/Dropbox/code/deepsea-ai/tests/data/V4361_20211006T163256Z_h265_1sec.mp4 was added to job Pycharm 1sec default args kwargs {'message_uuid': '24b7dfc6-db3f-4c55-8c84-abfeb137a1d9'}
2023-09-12 18:26:24,577 INFO Checking /Users/dcline/Dropbox/code/deepsea-ai/tests/data/V4361_20211006T162656Z_h265_1sec.mp4 in s3://yv5-videod6cc678b-1h59q36l0776m/dcline/Dropbox/code/deepsea-ai/tests/data/V4361_20211006T162656Z_h265_1sec.mp4...
2023-09-12 18:26:24,735 INFO Uploading /Users/dcline/Dropbox/code/deepsea-ai/tests/data/V4361_20211006T162656Z_h265_1sec.mp4 to s3://yv5-videod6cc678b-1h59q36l0776m/dcline/Dropbox/code/deepsea-ai/tests/data/V4361_20211006T162656Z_h265_1sec.mp4...
2023-09-12 18:26:25,843 INFO Tagging /Users/dcline/Dropbox/code/deepsea-ai/tests/data/V4361_20211006T162656Z_h265_1sec.mp4 with [{'Key': 'mbari:project-number', 'Value': 'NA'}, {'Key': 'mbari:owner', 'Value': 'dcline'}, {'Key': 'mbari:description', 'Value': 'Video uploaded from /Users/dcline/Dropbox/code/deepsea-ai/tests/data by user dcline '}, {'Key': 'mbari:stage', 'Value': 'test'}, {'Key': 'mbari:application', 'Value': 'detection'}, {'Key': 'mbari:deletion-date', 'Value': '20231212T012623Z'}, {'Key': 'mbari:created-by', 'Value': 'dcline'}]...
2023-09-12 18:26:26,112 INFO Message queued to yv5-videoC740E53C-PZOUpaIQ3wCs.fifo. MessageId: eebd475c-eab5-40a0-baa3-e56188d53377
2023-09-12 18:26:26,114 INFO Added job Pycharm 1sec default args running on yv5 to cache.
2023-09-12 18:26:26,114 INFO Updating media dcline/Dropbox/code/deepsea-ai/tests/data/V4361_20211006T162656Z_h265_1sec.mp4 to QUEUED
2023-09-12 18:26:26,116 INFO A new media dcline/Dropbox/code/deepsea-ai/tests/data/V4361_20211006T162656Z_h265_1sec.mp4 was added to job Pycharm 1sec default args kwargs {'message_uuid': 'e0941492-35a9-4edd-936a-45fe66416b9a'}
2023-09-12 18:26:26,136 INFO Checking /Users/dcline/Dropbox/code/deepsea-ai/tests/data/V4361_20211006T163856Z_h265_1sec.mp4 in s3://yv5-videod6cc678b-1h59q36l0776m/dcline/Dropbox/code/deepsea-ai/tests/data/V4361_20211006T163856Z_h265_1sec.mp4...
2023-09-12 18:26:26,287 INFO Uploading /Users/dcline/Dropbox/code/deepsea-ai/tests/data/V4361_20211006T163856Z_h265_1sec.mp4 to s3://yv5-videod6cc678b-1h59q36l0776m/dcline/Dropbox/code/deepsea-ai/tests/data/V4361_20211006T163856Z_h265_1sec.mp4...
2023-09-12 18:26:27,375 INFO Tagging /Users/dcline/Dropbox/code/deepsea-ai/tests/data/V4361_20211006T163856Z_h265_1sec.mp4 with [{'Key': 'mbari:project-number', 'Value': 'NA'}, {'Key': 'mbari:owner', 'Value': 'dcline'}, {'Key': 'mbari:description', 'Value': 'Video uploaded from /Users/dcline/Dropbox/code/deepsea-ai/tests/data by user dcline '}, {'Key': 'mbari:stage', 'Value': 'test'}, {'Key': 'mbari:application', 'Value': 'detection'}, {'Key': 'mbari:deletion-date', 'Value': '20231212T012623Z'}, {'Key': 'mbari:created-by', 'Value': 'dcline'}]...
2023-09-12 18:26:27,685 INFO Message queued to yv5-videoC740E53C-PZOUpaIQ3wCs.fifo. MessageId: 09495c62-6b81-4ce1-b634-7e2aee97f42e
2023-09-12 18:26:27,696 INFO Added job Pycharm 1sec default args running on yv5 to cache.
2023-09-12 18:26:27,696 INFO Updating media dcline/Dropbox/code/deepsea-ai/tests/data/V4361_20211006T163856Z_h265_1sec.mp4 to QUEUED
2023-09-12 18:26:27,698 INFO A new media dcline/Dropbox/code/deepsea-ai/tests/data/V4361_20211006T163856Z_h265_1sec.mp4 was added to job Pycharm 1sec default args kwargs {'message_uuid': '292bb2dc-6647-435d-9f35-d27f3ae9f11d'}
2023-09-12 18:26:27,700 INFO ==== Submitted 3 videos to yv5 for processing =====
